
*** Running vivado
    with args -log rv_rtds_top.vds -m64 -product Vivado -mode batch -messageDb vivado.pb -notrace -source rv_rtds_top.tcl


ECHO is off.
ECHO is off.

****** Vivado v2023.2 (64-bit)
  **** SW Build 4029153 on Fri Oct 13 20:14:34 MDT 2023
  **** IP Build 4028589 on Sat Oct 14 00:45:43 MDT 2023
  **** SharedData Build 4025554 on Tue Oct 10 17:18:54 MDT 2023
    ** Copyright 1986-2022 Xilinx, Inc. All Rights Reserved.
    ** Copyright 2022-2023 Advanced Micro Devices, Inc. All Rights Reserved.

source rv_rtds_top.tcl -notrace
create_project: Time (s): cpu = 00:00:08 ; elapsed = 00:00:08 . Memory (MB): peak = 484.930 ; gain = 179.480
INFO: [IP_Flow 19-234] Refreshing IP repositories
INFO: [IP_Flow 19-1704] No user IP repositories specified
INFO: [IP_Flow 19-2313] Loaded Vivado IP repository 'D:/VivadoSuiteStandard/Vivado/2023.2/data/ip'.
Command: read_checkpoint -auto_incremental -incremental {C:/Users/raulm/Desktop/Facultate/Master/Anul 1/Sem1/SDTR/RISCV-RTDS/work/RISCV-RTDS/RISCV-RTDS.srcs/utils_1/imports/synth_1/neorv32_SystemTop_axi4lite.dcp}
INFO: [Vivado 12-5825] Read reference checkpoint from C:/Users/raulm/Desktop/Facultate/Master/Anul 1/Sem1/SDTR/RISCV-RTDS/work/RISCV-RTDS/RISCV-RTDS.srcs/utils_1/imports/synth_1/neorv32_SystemTop_axi4lite.dcp for incremental synthesis
INFO: [Vivado 12-7989] Please ensure there are no constraint changes
Command: synth_design -top rv_rtds_top -part xc7z020clg400-1
Starting synth_design
Attempting to get a license for feature 'Synthesis' and/or device 'xc7z020'
INFO: [Common 17-349] Got license for feature 'Synthesis' and/or device 'xc7z020'
INFO: [Device 21-403] Loading part xc7z020clg400-1
INFO: [Synth 8-7079] Multithreading enabled for synth_design using a maximum of 2 processes.
INFO: [Synth 8-7078] Launching helper process for spawning children vivado processes
INFO: [Synth 8-7075] Helper process launched with PID 18560
---------------------------------------------------------------------------------
Starting RTL Elaboration : Time (s): cpu = 00:00:08 ; elapsed = 00:00:08 . Memory (MB): peak = 1375.062 ; gain = 437.848
---------------------------------------------------------------------------------
WARNING: [Synth 8-10592] closing label :neorv32_integration_top is only allowed in SystemVerilog mode [C:/Users/raulm/Desktop/Facultate/Master/Anul 1/Sem1/SDTR/RISCV-RTDS/src/top/neorv32_integration_top.v:375]
WARNING: [Synth 8-10592] closing label :neorv32_integration_top is only allowed in SystemVerilog mode [C:/Users/raulm/Desktop/Facultate/Master/Anul 1/Sem1/SDTR/RISCV-RTDS/src/top/neorv32_integration_top.v:375]
INFO: [Synth 8-11241] undeclared symbol 'spi_csn_o', assumed default net type 'wire' [C:/Users/raulm/Desktop/Facultate/Master/Anul 1/Sem1/SDTR/RISCV-RTDS/src/top/rv_rtds_top.v:356]
INFO: [Synth 8-11241] undeclared symbol 'onewire_i', assumed default net type 'wire' [C:/Users/raulm/Desktop/Facultate/Master/Anul 1/Sem1/SDTR/RISCV-RTDS/src/top/rv_rtds_top.v:368]
INFO: [Synth 8-11241] undeclared symbol 'pwm_o', assumed default net type 'wire' [C:/Users/raulm/Desktop/Facultate/Master/Anul 1/Sem1/SDTR/RISCV-RTDS/src/top/rv_rtds_top.v:371]
INFO: [Synth 8-11241] undeclared symbol 'gpio_out', assumed default net type 'wire' [C:/Users/raulm/Desktop/Facultate/Master/Anul 1/Sem1/SDTR/RISCV-RTDS/src/top/rv_rtds_top.v:387]
WARNING: [Synth 8-10592] closing label :rv_rtds_top is only allowed in SystemVerilog mode [C:/Users/raulm/Desktop/Facultate/Master/Anul 1/Sem1/SDTR/RISCV-RTDS/src/top/rv_rtds_top.v:412]
WARNING: [Synth 8-10592] closing label :rv_rtds_top is only allowed in SystemVerilog mode [C:/Users/raulm/Desktop/Facultate/Master/Anul 1/Sem1/SDTR/RISCV-RTDS/src/top/rv_rtds_top.v:412]
INFO: [Synth 8-6157] synthesizing module 'rv_rtds_top' [C:/Users/raulm/Desktop/Facultate/Master/Anul 1/Sem1/SDTR/RISCV-RTDS/src/top/rv_rtds_top.v:13]
INFO: [Synth 8-6157] synthesizing module 'neorv32_integration_top' [C:/Users/raulm/Desktop/Facultate/Master/Anul 1/Sem1/SDTR/RISCV-RTDS/src/top/neorv32_integration_top.v:1]
	Parameter CLOCK_FREQUENCY bound to: 0 - type: integer 
	Parameter HART_ID bound to: 0 - type: integer 
	Parameter VENDOR_ID bound to: 0 - type: integer 
	Parameter INT_BOOTLOADER_EN bound to: 1 - type: integer 
	Parameter ON_CHIP_DEBUGGER_EN bound to: 0 - type: integer 
	Parameter DM_LEGACY_MODE bound to: 0 - type: integer 
	Parameter CPU_EXTENSION_RISCV_A bound to: 0 - type: integer 
	Parameter CPU_EXTENSION_RISCV_B bound to: 0 - type: integer 
	Parameter CPU_EXTENSION_RISCV_C bound to: 0 - type: integer 
	Parameter CPU_EXTENSION_RISCV_E bound to: 0 - type: integer 
	Parameter CPU_EXTENSION_RISCV_M bound to: 0 - type: integer 
	Parameter CPU_EXTENSION_RISCV_U bound to: 0 - type: integer 
	Parameter CPU_EXTENSION_RISCV_Zfinx bound to: 0 - type: integer 
	Parameter CPU_EXTENSION_RISCV_Zicntr bound to: 1 - type: integer 
	Parameter CPU_EXTENSION_RISCV_Zihpm bound to: 0 - type: integer 
	Parameter CPU_EXTENSION_RISCV_Zmmul bound to: 0 - type: integer 
	Parameter CPU_EXTENSION_RISCV_Zxcfu bound to: 0 - type: integer 
	Parameter FAST_MUL_EN bound to: 0 - type: integer 
	Parameter FAST_SHIFT_EN bound to: 0 - type: integer 
	Parameter PMP_NUM_REGIONS bound to: 0 - type: integer 
	Parameter PMP_MIN_GRANULARITY bound to: 4 - type: integer 
	Parameter HPM_NUM_CNTS bound to: 0 - type: integer 
	Parameter HPM_CNT_WIDTH bound to: 40 - type: integer 
	Parameter AMO_RVS_GRANULARITY bound to: 4 - type: integer 
	Parameter MEM_INT_IMEM_EN bound to: 1 - type: integer 
	Parameter MEM_INT_IMEM_SIZE bound to: 16384 - type: integer 
	Parameter MEM_INT_DMEM_EN bound to: 1 - type: integer 
	Parameter MEM_INT_DMEM_SIZE bound to: 8192 - type: integer 
	Parameter ICACHE_EN bound to: 0 - type: integer 
	Parameter ICACHE_NUM_BLOCKS bound to: 4 - type: integer 
	Parameter ICACHE_BLOCK_SIZE bound to: 64 - type: integer 
	Parameter ICACHE_ASSOCIATIVITY bound to: 1 - type: integer 
	Parameter DCACHE_EN bound to: 0 - type: integer 
	Parameter DCACHE_NUM_BLOCKS bound to: 4 - type: integer 
	Parameter DCACHE_BLOCK_SIZE bound to: 64 - type: integer 
	Parameter XIRQ_NUM_CH bound to: 0 - type: integer 
	Parameter XIRQ_TRIGGER_TYPE bound to: -1 - type: integer 
	Parameter XIRQ_TRIGGER_POLARITY bound to: -1 - type: integer 
	Parameter IO_GPIO_NUM bound to: 0 - type: integer 
	Parameter IO_MTIME_EN bound to: 1 - type: integer 
	Parameter IO_UART0_EN bound to: 1 - type: integer 
	Parameter IO_UART0_RX_FIFO bound to: 1 - type: integer 
	Parameter IO_UART0_TX_FIFO bound to: 1 - type: integer 
	Parameter IO_UART1_EN bound to: 1 - type: integer 
	Parameter IO_UART1_RX_FIFO bound to: 1 - type: integer 
	Parameter IO_UART1_TX_FIFO bound to: 1 - type: integer 
	Parameter IO_SPI_EN bound to: 1 - type: integer 
	Parameter IO_SPI_FIFO bound to: 1 - type: integer 
	Parameter IO_SDI_EN bound to: 0 - type: integer 
	Parameter IO_SDI_FIFO bound to: 1 - type: integer 
	Parameter IO_TWI_EN bound to: 1 - type: integer 
	Parameter IO_PWM_NUM_CH bound to: 0 - type: integer 
	Parameter IO_WDT_EN bound to: 1 - type: integer 
	Parameter IO_TRNG_EN bound to: 1 - type: integer 
	Parameter IO_TRNG_FIFO bound to: 1 - type: integer 
	Parameter IO_CFS_EN bound to: 0 - type: integer 
	Parameter IO_CFS_CONFIG bound to: 0 - type: integer 
	Parameter IO_CFS_IN_SIZE bound to: 32 - type: integer 
	Parameter IO_CFS_OUT_SIZE bound to: 32 - type: integer 
	Parameter IO_NEOLED_EN bound to: 1 - type: integer 
	Parameter IO_NEOLED_TX_FIFO bound to: 1 - type: integer 
	Parameter IO_GPTMR_EN bound to: 0 - type: integer 
	Parameter IO_XIP_EN bound to: 0 - type: integer 
	Parameter IO_ONEWIRE_EN bound to: 0 - type: integer 
	Parameter IO_DMA_EN bound to: 0 - type: integer 
	Parameter IO_SLINK_EN bound to: 0 - type: integer 
	Parameter IO_SLINK_RX_FIFO bound to: 1 - type: integer 
	Parameter IO_SLINK_TX_FIFO bound to: 1 - type: integer 
	Parameter IO_CRC_EN bound to: 0 - type: integer 
INFO: [Synth 8-638] synthesizing module 'neorv32_SystemTop_axi4lite' [C:/Users/raulm/Desktop/Facultate/Master/Anul 1/Sem1/SDTR/RISCV-RTDS/src/neorv32/rtl/system_integration/neorv32_SystemTop_axi4lite.vhd:237]
	Parameter CLOCK_FREQUENCY bound to: 0 - type: integer 
	Parameter HART_ID bound to: 0 - type: integer 
	Parameter VENDOR_ID bound to: 0 - type: integer 
	Parameter INT_BOOTLOADER_EN bound to: 1 - type: bool 
	Parameter ON_CHIP_DEBUGGER_EN bound to: 0 - type: bool 
	Parameter DM_LEGACY_MODE bound to: 0 - type: bool 
	Parameter CPU_EXTENSION_RISCV_A bound to: 0 - type: bool 
	Parameter CPU_EXTENSION_RISCV_B bound to: 0 - type: bool 
	Parameter CPU_EXTENSION_RISCV_C bound to: 0 - type: bool 
	Parameter CPU_EXTENSION_RISCV_E bound to: 0 - type: bool 
	Parameter CPU_EXTENSION_RISCV_M bound to: 0 - type: bool 
	Parameter CPU_EXTENSION_RISCV_U bound to: 0 - type: bool 
	Parameter CPU_EXTENSION_RISCV_Zfinx bound to: 0 - type: bool 
	Parameter CPU_EXTENSION_RISCV_Zicntr bound to: 1 - type: bool 
	Parameter CPU_EXTENSION_RISCV_Zihpm bound to: 0 - type: bool 
	Parameter CPU_EXTENSION_RISCV_Zmmul bound to: 0 - type: bool 
	Parameter CPU_EXTENSION_RISCV_Zxcfu bound to: 0 - type: bool 
	Parameter FAST_MUL_EN bound to: 0 - type: bool 
	Parameter FAST_SHIFT_EN bound to: 0 - type: bool 
	Parameter PMP_NUM_REGIONS bound to: 0 - type: integer 
	Parameter PMP_MIN_GRANULARITY bound to: 4 - type: integer 
	Parameter HPM_NUM_CNTS bound to: 0 - type: integer 
	Parameter HPM_CNT_WIDTH bound to: 40 - type: integer 
	Parameter AMO_RVS_GRANULARITY bound to: 4 - type: integer 
	Parameter MEM_INT_IMEM_EN bound to: 1 - type: bool 
	Parameter MEM_INT_IMEM_SIZE bound to: 16384 - type: integer 
	Parameter MEM_INT_DMEM_EN bound to: 1 - type: bool 
	Parameter MEM_INT_DMEM_SIZE bound to: 8192 - type: integer 
	Parameter ICACHE_EN bound to: 0 - type: bool 
	Parameter ICACHE_NUM_BLOCKS bound to: 4 - type: integer 
	Parameter ICACHE_BLOCK_SIZE bound to: 64 - type: integer 
	Parameter ICACHE_ASSOCIATIVITY bound to: 1 - type: integer 
	Parameter DCACHE_EN bound to: 0 - type: bool 
	Parameter DCACHE_NUM_BLOCKS bound to: 4 - type: integer 
	Parameter DCACHE_BLOCK_SIZE bound to: 64 - type: integer 
	Parameter XIRQ_NUM_CH bound to: 0 - type: integer 
	Parameter XIRQ_TRIGGER_TYPE bound to: -1 - type: integer 
	Parameter XIRQ_TRIGGER_POLARITY bound to: -1 - type: integer 
	Parameter IO_GPIO_NUM bound to: 0 - type: integer 
	Parameter IO_MTIME_EN bound to: 1 - type: bool 
	Parameter IO_UART0_EN bound to: 1 - type: bool 
	Parameter IO_UART0_RX_FIFO bound to: 1 - type: integer 
	Parameter IO_UART0_TX_FIFO bound to: 1 - type: integer 
	Parameter IO_UART1_EN bound to: 1 - type: bool 
	Parameter IO_UART1_RX_FIFO bound to: 1 - type: integer 
	Parameter IO_UART1_TX_FIFO bound to: 1 - type: integer 
	Parameter IO_SPI_EN bound to: 1 - type: bool 
	Parameter IO_SPI_FIFO bound to: 1 - type: integer 
	Parameter IO_SDI_EN bound to: 0 - type: bool 
	Parameter IO_SDI_FIFO bound to: 1 - type: integer 
	Parameter IO_TWI_EN bound to: 1 - type: bool 
	Parameter IO_PWM_NUM_CH bound to: 0 - type: integer 
	Parameter IO_WDT_EN bound to: 1 - type: bool 
	Parameter IO_TRNG_EN bound to: 1 - type: bool 
	Parameter IO_TRNG_FIFO bound to: 1 - type: integer 
	Parameter IO_CFS_EN bound to: 0 - type: bool 
	Parameter IO_CFS_CONFIG bound to: 0 - type: integer 
	Parameter IO_CFS_IN_SIZE bound to: 32 - type: integer 
	Parameter IO_CFS_OUT_SIZE bound to: 32 - type: integer 
	Parameter IO_NEOLED_EN bound to: 1 - type: bool 
	Parameter IO_NEOLED_TX_FIFO bound to: 1 - type: integer 
	Parameter IO_GPTMR_EN bound to: 0 - type: bool 
	Parameter IO_XIP_EN bound to: 0 - type: bool 
	Parameter IO_ONEWIRE_EN bound to: 0 - type: bool 
	Parameter IO_DMA_EN bound to: 0 - type: bool 
	Parameter IO_SLINK_EN bound to: 0 - type: bool 
	Parameter IO_SLINK_RX_FIFO bound to: 1 - type: integer 
	Parameter IO_SLINK_TX_FIFO bound to: 1 - type: integer 
	Parameter IO_CRC_EN bound to: 0 - type: bool 
	Parameter CLOCK_FREQUENCY bound to: 0 - type: integer 
	Parameter HART_ID bound to: 32'b00000000000000000000000000000000 
	Parameter VENDOR_ID bound to: 32'b00000000000000000000000000000000 
	Parameter INT_BOOTLOADER_EN bound to: 1 - type: bool 
	Parameter ON_CHIP_DEBUGGER_EN bound to: 0 - type: bool 
	Parameter DM_LEGACY_MODE bound to: 0 - type: bool 
	Parameter CPU_EXTENSION_RISCV_A bound to: 0 - type: bool 
	Parameter CPU_EXTENSION_RISCV_B bound to: 0 - type: bool 
	Parameter CPU_EXTENSION_RISCV_C bound to: 0 - type: bool 
	Parameter CPU_EXTENSION_RISCV_E bound to: 0 - type: bool 
	Parameter CPU_EXTENSION_RISCV_M bound to: 0 - type: bool 
	Parameter CPU_EXTENSION_RISCV_U bound to: 0 - type: bool 
	Parameter CPU_EXTENSION_RISCV_Zfinx bound to: 0 - type: bool 
	Parameter CPU_EXTENSION_RISCV_Zicntr bound to: 1 - type: bool 
	Parameter CPU_EXTENSION_RISCV_Zihpm bound to: 0 - type: bool 
	Parameter CPU_EXTENSION_RISCV_Zmmul bound to: 0 - type: bool 
	Parameter CPU_EXTENSION_RISCV_Zxcfu bound to: 0 - type: bool 
	Parameter FAST_MUL_EN bound to: 0 - type: bool 
	Parameter FAST_SHIFT_EN bound to: 0 - type: bool 
	Parameter PMP_NUM_REGIONS bound to: 0 - type: integer 
	Parameter PMP_MIN_GRANULARITY bound to: 4 - type: integer 
	Parameter HPM_NUM_CNTS bound to: 0 - type: integer 
	Parameter HPM_CNT_WIDTH bound to: 40 - type: integer 
	Parameter AMO_RVS_GRANULARITY bound to: 4 - type: integer 
	Parameter MEM_INT_IMEM_EN bound to: 1 - type: bool 
	Parameter MEM_INT_IMEM_SIZE bound to: 16384 - type: integer 
	Parameter MEM_INT_DMEM_EN bound to: 1 - type: bool 
	Parameter MEM_INT_DMEM_SIZE bound to: 8192 - type: integer 
	Parameter ICACHE_EN bound to: 0 - type: bool 
	Parameter ICACHE_NUM_BLOCKS bound to: 4 - type: integer 
	Parameter ICACHE_BLOCK_SIZE bound to: 64 - type: integer 
	Parameter ICACHE_ASSOCIATIVITY bound to: 1 - type: integer 
	Parameter DCACHE_EN bound to: 0 - type: bool 
	Parameter DCACHE_NUM_BLOCKS bound to: 4 - type: integer 
	Parameter DCACHE_BLOCK_SIZE bound to: 64 - type: integer 
	Parameter MEM_EXT_EN bound to: 1 - type: bool 
	Parameter MEM_EXT_TIMEOUT bound to: 0 - type: integer 
	Parameter MEM_EXT_PIPE_MODE bound to: 0 - type: bool 
	Parameter MEM_EXT_BIG_ENDIAN bound to: 0 - type: bool 
	Parameter MEM_EXT_ASYNC_RX bound to: 0 - type: bool 
	Parameter MEM_EXT_ASYNC_TX bound to: 0 - type: bool 
	Parameter XIRQ_NUM_CH bound to: 0 - type: integer 
	Parameter XIRQ_TRIGGER_TYPE bound to: 32'b11111111111111111111111111111111 
	Parameter XIRQ_TRIGGER_POLARITY bound to: 32'b11111111111111111111111111111111 
	Parameter IO_GPIO_NUM bound to: 0 - type: integer 
	Parameter IO_MTIME_EN bound to: 1 - type: bool 
	Parameter IO_UART0_EN bound to: 1 - type: bool 
	Parameter IO_UART0_RX_FIFO bound to: 1 - type: integer 
	Parameter IO_UART0_TX_FIFO bound to: 1 - type: integer 
	Parameter IO_UART1_EN bound to: 1 - type: bool 
	Parameter IO_UART1_RX_FIFO bound to: 1 - type: integer 
	Parameter IO_UART1_TX_FIFO bound to: 1 - type: integer 
	Parameter IO_SPI_EN bound to: 1 - type: bool 
	Parameter IO_SPI_FIFO bound to: 1 - type: integer 
	Parameter IO_SDI_EN bound to: 0 - type: bool 
	Parameter IO_SDI_FIFO bound to: 1 - type: integer 
	Parameter IO_TWI_EN bound to: 1 - type: bool 
	Parameter IO_PWM_NUM_CH bound to: 0 - type: integer 
	Parameter IO_WDT_EN bound to: 1 - type: bool 
	Parameter IO_TRNG_EN bound to: 1 - type: bool 
	Parameter IO_TRNG_FIFO bound to: 1 - type: integer 
	Parameter IO_CFS_EN bound to: 0 - type: bool 
	Parameter IO_CFS_CONFIG bound to: 32'b00000000000000000000000000000000 
	Parameter IO_CFS_IN_SIZE bound to: 32 - type: integer 
	Parameter IO_CFS_OUT_SIZE bound to: 32 - type: integer 
	Parameter IO_NEOLED_EN bound to: 1 - type: bool 
	Parameter IO_NEOLED_TX_FIFO bound to: 1 - type: integer 
	Parameter IO_GPTMR_EN bound to: 0 - type: bool 
	Parameter IO_XIP_EN bound to: 0 - type: bool 
	Parameter IO_ONEWIRE_EN bound to: 0 - type: bool 
	Parameter IO_DMA_EN bound to: 0 - type: bool 
	Parameter IO_SLINK_EN bound to: 0 - type: bool 
	Parameter IO_SLINK_RX_FIFO bound to: 1 - type: integer 
	Parameter IO_SLINK_TX_FIFO bound to: 1 - type: integer 
	Parameter IO_CRC_EN bound to: 0 - type: bool 
INFO: [Synth 8-3491] module 'neorv32_top' declared at 'C:/Users/raulm/Desktop/Facultate/Master/Anul 1/Sem1/SDTR/RISCV-RTDS/src/neorv32/rtl/core/neorv32_top.vhd:47' bound to instance 'neorv32_top_inst' of component 'neorv32_top' [C:/Users/raulm/Desktop/Facultate/Master/Anul 1/Sem1/SDTR/RISCV-RTDS/src/neorv32/rtl/system_integration/neorv32_SystemTop_axi4lite.vhd:334]
INFO: [Synth 8-638] synthesizing module 'neorv32_top' [C:/Users/raulm/Desktop/Facultate/Master/Anul 1/Sem1/SDTR/RISCV-RTDS/src/neorv32/rtl/core/neorv32_top.vhd:252]
	Parameter CLOCK_FREQUENCY bound to: 0 - type: integer 
	Parameter HART_ID bound to: 32'b00000000000000000000000000000000 
	Parameter VENDOR_ID bound to: 32'b00000000000000000000000000000000 
	Parameter INT_BOOTLOADER_EN bound to: 1 - type: bool 
	Parameter ON_CHIP_DEBUGGER_EN bound to: 0 - type: bool 
	Parameter DM_LEGACY_MODE bound to: 0 - type: bool 
	Parameter CPU_EXTENSION_RISCV_A bound to: 0 - type: bool 
	Parameter CPU_EXTENSION_RISCV_B bound to: 0 - type: bool 
	Parameter CPU_EXTENSION_RISCV_C bound to: 0 - type: bool 
	Parameter CPU_EXTENSION_RISCV_E bound to: 0 - type: bool 
	Parameter CPU_EXTENSION_RISCV_M bound to: 0 - type: bool 
	Parameter CPU_EXTENSION_RISCV_U bound to: 0 - type: bool 
	Parameter CPU_EXTENSION_RISCV_Zfinx bound to: 0 - type: bool 
	Parameter CPU_EXTENSION_RISCV_Zicntr bound to: 1 - type: bool 
	Parameter CPU_EXTENSION_RISCV_Zihpm bound to: 0 - type: bool 
	Parameter CPU_EXTENSION_RISCV_Zmmul bound to: 0 - type: bool 
	Parameter CPU_EXTENSION_RISCV_Zxcfu bound to: 0 - type: bool 
	Parameter FAST_MUL_EN bound to: 0 - type: bool 
	Parameter FAST_SHIFT_EN bound to: 0 - type: bool 
	Parameter PMP_NUM_REGIONS bound to: 0 - type: integer 
	Parameter PMP_MIN_GRANULARITY bound to: 4 - type: integer 
	Parameter HPM_NUM_CNTS bound to: 0 - type: integer 
	Parameter HPM_CNT_WIDTH bound to: 40 - type: integer 
	Parameter AMO_RVS_GRANULARITY bound to: 4 - type: integer 
	Parameter MEM_INT_IMEM_EN bound to: 1 - type: bool 
	Parameter MEM_INT_IMEM_SIZE bound to: 16384 - type: integer 
	Parameter MEM_INT_DMEM_EN bound to: 1 - type: bool 
	Parameter MEM_INT_DMEM_SIZE bound to: 8192 - type: integer 
	Parameter ICACHE_EN bound to: 0 - type: bool 
	Parameter ICACHE_NUM_BLOCKS bound to: 4 - type: integer 
	Parameter ICACHE_BLOCK_SIZE bound to: 64 - type: integer 
	Parameter ICACHE_ASSOCIATIVITY bound to: 1 - type: integer 
	Parameter DCACHE_EN bound to: 0 - type: bool 
	Parameter DCACHE_NUM_BLOCKS bound to: 4 - type: integer 
	Parameter DCACHE_BLOCK_SIZE bound to: 64 - type: integer 
	Parameter MEM_EXT_EN bound to: 1 - type: bool 
	Parameter MEM_EXT_TIMEOUT bound to: 0 - type: integer 
	Parameter MEM_EXT_PIPE_MODE bound to: 0 - type: bool 
	Parameter MEM_EXT_BIG_ENDIAN bound to: 0 - type: bool 
	Parameter MEM_EXT_ASYNC_RX bound to: 0 - type: bool 
	Parameter MEM_EXT_ASYNC_TX bound to: 0 - type: bool 
	Parameter XIRQ_NUM_CH bound to: 0 - type: integer 
	Parameter XIRQ_TRIGGER_TYPE bound to: 32'b11111111111111111111111111111111 
	Parameter XIRQ_TRIGGER_POLARITY bound to: 32'b11111111111111111111111111111111 
	Parameter IO_GPIO_NUM bound to: 0 - type: integer 
	Parameter IO_MTIME_EN bound to: 1 - type: bool 
	Parameter IO_UART0_EN bound to: 1 - type: bool 
	Parameter IO_UART0_RX_FIFO bound to: 1 - type: integer 
	Parameter IO_UART0_TX_FIFO bound to: 1 - type: integer 
	Parameter IO_UART1_EN bound to: 1 - type: bool 
	Parameter IO_UART1_RX_FIFO bound to: 1 - type: integer 
	Parameter IO_UART1_TX_FIFO bound to: 1 - type: integer 
	Parameter IO_SPI_EN bound to: 1 - type: bool 
	Parameter IO_SPI_FIFO bound to: 1 - type: integer 
	Parameter IO_SDI_EN bound to: 0 - type: bool 
	Parameter IO_SDI_FIFO bound to: 1 - type: integer 
	Parameter IO_TWI_EN bound to: 1 - type: bool 
	Parameter IO_PWM_NUM_CH bound to: 0 - type: integer 
	Parameter IO_WDT_EN bound to: 1 - type: bool 
	Parameter IO_TRNG_EN bound to: 1 - type: bool 
	Parameter IO_TRNG_FIFO bound to: 1 - type: integer 
	Parameter IO_CFS_EN bound to: 0 - type: bool 
	Parameter IO_CFS_CONFIG bound to: 32'b00000000000000000000000000000000 
	Parameter IO_CFS_IN_SIZE bound to: 32 - type: integer 
	Parameter IO_CFS_OUT_SIZE bound to: 32 - type: integer 
	Parameter IO_NEOLED_EN bound to: 1 - type: bool 
	Parameter IO_NEOLED_TX_FIFO bound to: 1 - type: integer 
	Parameter IO_GPTMR_EN bound to: 0 - type: bool 
	Parameter IO_XIP_EN bound to: 0 - type: bool 
	Parameter IO_ONEWIRE_EN bound to: 0 - type: bool 
	Parameter IO_DMA_EN bound to: 0 - type: bool 
	Parameter IO_SLINK_EN bound to: 0 - type: bool 
	Parameter IO_SLINK_RX_FIFO bound to: 1 - type: integer 
	Parameter IO_SLINK_TX_FIFO bound to: 1 - type: integer 
	Parameter IO_CRC_EN bound to: 0 - type: bool 
INFO: [Synth 8-638] synthesizing module 'neorv32_cpu' [C:/Users/raulm/Desktop/Facultate/Master/Anul 1/Sem1/SDTR/RISCV-RTDS/src/neorv32/rtl/core/neorv32_cpu.vhd:97]
	Parameter HART_ID bound to: 32'b00000000000000000000000000000000 
	Parameter VENDOR_ID bound to: 32'b00000000000000000000000000000000 
	Parameter CPU_BOOT_ADDR bound to: 32'b11111111111111111100000000000000 
	Parameter CPU_DEBUG_PARK_ADDR bound to: 32'b11111111111111111111111100001000 
	Parameter CPU_DEBUG_EXC_ADDR bound to: 32'b11111111111111111111111100000000 
	Parameter CPU_EXTENSION_RISCV_A bound to: 0 - type: bool 
	Parameter CPU_EXTENSION_RISCV_B bound to: 0 - type: bool 
	Parameter CPU_EXTENSION_RISCV_C bound to: 0 - type: bool 
	Parameter CPU_EXTENSION_RISCV_E bound to: 0 - type: bool 
	Parameter CPU_EXTENSION_RISCV_M bound to: 0 - type: bool 
	Parameter CPU_EXTENSION_RISCV_U bound to: 0 - type: bool 
	Parameter CPU_EXTENSION_RISCV_Zfinx bound to: 0 - type: bool 
	Parameter CPU_EXTENSION_RISCV_Zicntr bound to: 1 - type: bool 
	Parameter CPU_EXTENSION_RISCV_Zihpm bound to: 0 - type: bool 
	Parameter CPU_EXTENSION_RISCV_Zmmul bound to: 0 - type: bool 
	Parameter CPU_EXTENSION_RISCV_Zxcfu bound to: 0 - type: bool 
	Parameter CPU_EXTENSION_RISCV_Sdext bound to: 0 - type: bool 
	Parameter CPU_EXTENSION_RISCV_Sdtrig bound to: 0 - type: bool 
	Parameter FAST_MUL_EN bound to: 0 - type: bool 
	Parameter FAST_SHIFT_EN bound to: 0 - type: bool 
	Parameter PMP_NUM_REGIONS bound to: 0 - type: integer 
	Parameter PMP_MIN_GRANULARITY bound to: 4 - type: integer 
	Parameter HPM_NUM_CNTS bound to: 0 - type: integer 
	Parameter HPM_CNT_WIDTH bound to: 40 - type: integer 
INFO: [Synth 8-638] synthesizing module 'neorv32_cpu_control' [C:/Users/raulm/Desktop/Facultate/Master/Anul 1/Sem1/SDTR/RISCV-RTDS/src/neorv32/rtl/core/neorv32_cpu_control.vhd:126]
	Parameter HART_ID bound to: 32'b00000000000000000000000000000000 
	Parameter VENDOR_ID bound to: 32'b00000000000000000000000000000000 
	Parameter CPU_BOOT_ADDR bound to: 32'b11111111111111111100000000000000 
	Parameter CPU_DEBUG_PARK_ADDR bound to: 32'b11111111111111111111111100001000 
	Parameter CPU_DEBUG_EXC_ADDR bound to: 32'b11111111111111111111111100000000 
	Parameter CPU_EXTENSION_RISCV_A bound to: 0 - type: bool 
	Parameter CPU_EXTENSION_RISCV_B bound to: 0 - type: bool 
	Parameter CPU_EXTENSION_RISCV_C bound to: 0 - type: bool 
	Parameter CPU_EXTENSION_RISCV_E bound to: 0 - type: bool 
	Parameter CPU_EXTENSION_RISCV_M bound to: 0 - type: bool 
	Parameter CPU_EXTENSION_RISCV_U bound to: 0 - type: bool 
	Parameter CPU_EXTENSION_RISCV_Zfinx bound to: 0 - type: bool 
	Parameter CPU_EXTENSION_RISCV_Zicntr bound to: 1 - type: bool 
	Parameter CPU_EXTENSION_RISCV_Zihpm bound to: 0 - type: bool 
	Parameter CPU_EXTENSION_RISCV_Zmmul bound to: 0 - type: bool 
	Parameter CPU_EXTENSION_RISCV_Zxcfu bound to: 0 - type: bool 
	Parameter CPU_EXTENSION_RISCV_Sdext bound to: 0 - type: bool 
	Parameter CPU_EXTENSION_RISCV_Sdtrig bound to: 0 - type: bool 
	Parameter FAST_MUL_EN bound to: 0 - type: bool 
	Parameter FAST_SHIFT_EN bound to: 0 - type: bool 
	Parameter PMP_EN bound to: 0 - type: bool 
	Parameter HPM_NUM_CNTS bound to: 0 - type: integer 
	Parameter HPM_CNT_WIDTH bound to: 40 - type: integer 
WARNING: [Synth 8-5389] ignoring zero-width record field declaration [C:/Users/raulm/Desktop/Facultate/Master/Anul 1/Sem1/SDTR/RISCV-RTDS/src/neorv32/rtl/core/neorv32_cpu_control.vhd:300]
INFO: [Synth 8-638] synthesizing module 'neorv32_fifo' [C:/Users/raulm/Desktop/Facultate/Master/Anul 1/Sem1/SDTR/RISCV-RTDS/src/neorv32/rtl/core/neorv32_fifo.vhd:66]
	Parameter FIFO_DEPTH bound to: 2 - type: integer 
	Parameter FIFO_WIDTH bound to: 18 - type: integer 
	Parameter FIFO_RSYNC bound to: 0 - type: bool 
	Parameter FIFO_SAFE bound to: 0 - type: bool 
INFO: [Synth 8-256] done synthesizing module 'neorv32_fifo' (0#1) [C:/Users/raulm/Desktop/Facultate/Master/Anul 1/Sem1/SDTR/RISCV-RTDS/src/neorv32/rtl/core/neorv32_fifo.vhd:66]
INFO: [Synth 8-256] done synthesizing module 'neorv32_cpu_control' (0#1) [C:/Users/raulm/Desktop/Facultate/Master/Anul 1/Sem1/SDTR/RISCV-RTDS/src/neorv32/rtl/core/neorv32_cpu_control.vhd:126]
INFO: [Synth 8-638] synthesizing module 'neorv32_cpu_regfile' [C:/Users/raulm/Desktop/Facultate/Master/Anul 1/Sem1/SDTR/RISCV-RTDS/src/neorv32/rtl/core/neorv32_cpu_regfile.vhd:77]
	Parameter RVE_EN bound to: 0 - type: bool 
	Parameter RS3_EN bound to: 0 - type: bool 
	Parameter RS4_EN bound to: 0 - type: bool 
INFO: [Synth 8-226] default block is never used [C:/Users/raulm/Desktop/Facultate/Master/Anul 1/Sem1/SDTR/RISCV-RTDS/src/neorv32/rtl/core/neorv32_cpu_regfile.vhd:101]
INFO: [Synth 8-256] done synthesizing module 'neorv32_cpu_regfile' (0#1) [C:/Users/raulm/Desktop/Facultate/Master/Anul 1/Sem1/SDTR/RISCV-RTDS/src/neorv32/rtl/core/neorv32_cpu_regfile.vhd:77]
INFO: [Synth 8-638] synthesizing module 'neorv32_cpu_alu' [C:/Users/raulm/Desktop/Facultate/Master/Anul 1/Sem1/SDTR/RISCV-RTDS/src/neorv32/rtl/core/neorv32_cpu_alu.vhd:82]
	Parameter CPU_EXTENSION_RISCV_B bound to: 0 - type: bool 
	Parameter CPU_EXTENSION_RISCV_M bound to: 0 - type: bool 
	Parameter CPU_EXTENSION_RISCV_Zmmul bound to: 0 - type: bool 
	Parameter CPU_EXTENSION_RISCV_Zfinx bound to: 0 - type: bool 
	Parameter CPU_EXTENSION_RISCV_Zxcfu bound to: 0 - type: bool 
	Parameter FAST_MUL_EN bound to: 0 - type: bool 
	Parameter FAST_SHIFT_EN bound to: 0 - type: bool 
INFO: [Synth 8-226] default block is never used [C:/Users/raulm/Desktop/Facultate/Master/Anul 1/Sem1/SDTR/RISCV-RTDS/src/neorv32/rtl/core/neorv32_cpu_alu.vhd:139]
INFO: [Synth 8-638] synthesizing module 'neorv32_cpu_cp_shifter' [C:/Users/raulm/Desktop/Facultate/Master/Anul 1/Sem1/SDTR/RISCV-RTDS/src/neorv32/rtl/core/neorv32_cpu_cp_shifter.vhd:64]
	Parameter FAST_SHIFT_EN bound to: 0 - type: bool 
INFO: [Synth 8-256] done synthesizing module 'neorv32_cpu_cp_shifter' (0#1) [C:/Users/raulm/Desktop/Facultate/Master/Anul 1/Sem1/SDTR/RISCV-RTDS/src/neorv32/rtl/core/neorv32_cpu_cp_shifter.vhd:64]
INFO: [Synth 8-256] done synthesizing module 'neorv32_cpu_alu' (0#1) [C:/Users/raulm/Desktop/Facultate/Master/Anul 1/Sem1/SDTR/RISCV-RTDS/src/neorv32/rtl/core/neorv32_cpu_alu.vhd:82]
INFO: [Synth 8-638] synthesizing module 'neorv32_cpu_lsu' [C:/Users/raulm/Desktop/Facultate/Master/Anul 1/Sem1/SDTR/RISCV-RTDS/src/neorv32/rtl/core/neorv32_cpu_lsu.vhd:68]
	Parameter AMO_LRSC_ENABLE bound to: 0 - type: bool 
INFO: [Synth 8-256] done synthesizing module 'neorv32_cpu_lsu' (0#1) [C:/Users/raulm/Desktop/Facultate/Master/Anul 1/Sem1/SDTR/RISCV-RTDS/src/neorv32/rtl/core/neorv32_cpu_lsu.vhd:68]
INFO: [Synth 8-256] done synthesizing module 'neorv32_cpu' (0#1) [C:/Users/raulm/Desktop/Facultate/Master/Anul 1/Sem1/SDTR/RISCV-RTDS/src/neorv32/rtl/core/neorv32_cpu.vhd:97]
INFO: [Synth 8-638] synthesizing module 'neorv32_bus_switch' [C:/Users/raulm/Desktop/Facultate/Master/Anul 1/Sem1/SDTR/RISCV-RTDS/src/neorv32/rtl/core/neorv32_intercon.vhd:62]
	Parameter PORT_A_READ_ONLY bound to: 0 - type: bool 
	Parameter PORT_B_READ_ONLY bound to: 1 - type: bool 
INFO: [Synth 8-256] done synthesizing module 'neorv32_bus_switch' (0#1) [C:/Users/raulm/Desktop/Facultate/Master/Anul 1/Sem1/SDTR/RISCV-RTDS/src/neorv32/rtl/core/neorv32_intercon.vhd:62]
INFO: [Synth 8-638] synthesizing module 'neorv32_bus_gateway' [C:/Users/raulm/Desktop/Facultate/Master/Anul 1/Sem1/SDTR/RISCV-RTDS/src/neorv32/rtl/core/neorv32_intercon.vhd:284]
	Parameter TIMEOUT bound to: 15 - type: integer 
	Parameter IMEM_ENABLE bound to: 1 - type: bool 
	Parameter IMEM_BASE bound to: 32'b00000000000000000000000000000000 
	Parameter IMEM_SIZE bound to: 16384 - type: integer 
	Parameter DMEM_ENABLE bound to: 1 - type: bool 
	Parameter DMEM_BASE bound to: 32'b10000000000000000000000000000000 
	Parameter DMEM_SIZE bound to: 8192 - type: integer 
	Parameter XIP_ENABLE bound to: 0 - type: bool 
	Parameter XIP_BASE bound to: 32'b11100000000000000000000000000000 
	Parameter XIP_SIZE bound to: 268435456 - type: integer 
	Parameter BOOT_ENABLE bound to: 1 - type: bool 
	Parameter BOOT_BASE bound to: 32'b11111111111111111100000000000000 
	Parameter BOOT_SIZE bound to: 8192 - type: integer 
	Parameter IO_ENABLE bound to: 1 - type: bool 
	Parameter IO_BASE bound to: 32'b11111111111111111110000000000000 
	Parameter IO_SIZE bound to: 8192 - type: integer 
	Parameter EXT_ENABLE bound to: 1 - type: bool 
INFO: [Synth 8-256] done synthesizing module 'neorv32_bus_gateway' (0#1) [C:/Users/raulm/Desktop/Facultate/Master/Anul 1/Sem1/SDTR/RISCV-RTDS/src/neorv32/rtl/core/neorv32_intercon.vhd:284]
INFO: [Synth 8-638] synthesizing module 'neorv32_imem' [C:/Users/raulm/Desktop/Facultate/Master/Anul 1/Sem1/SDTR/RISCV-RTDS/src/neorv32/rtl/core/mem/neorv32_imem.legacy.vhd:46]
	Parameter IMEM_SIZE bound to: 16384 - type: integer 
	Parameter IMEM_AS_IROM bound to: 0 - type: bool 
INFO: [Synth 8-256] done synthesizing module 'neorv32_imem' (0#1) [C:/Users/raulm/Desktop/Facultate/Master/Anul 1/Sem1/SDTR/RISCV-RTDS/src/neorv32/rtl/core/mem/neorv32_imem.legacy.vhd:46]
INFO: [Synth 8-638] synthesizing module 'neorv32_dmem' [C:/Users/raulm/Desktop/Facultate/Master/Anul 1/Sem1/SDTR/RISCV-RTDS/src/neorv32/rtl/core/mem/neorv32_dmem.legacy.vhd:42]
	Parameter DMEM_SIZE bound to: 8192 - type: integer 
INFO: [Synth 8-256] done synthesizing module 'neorv32_dmem' (0#1) [C:/Users/raulm/Desktop/Facultate/Master/Anul 1/Sem1/SDTR/RISCV-RTDS/src/neorv32/rtl/core/mem/neorv32_dmem.legacy.vhd:42]
INFO: [Synth 8-638] synthesizing module 'neorv32_boot_rom' [C:/Users/raulm/Desktop/Facultate/Master/Anul 1/Sem1/SDTR/RISCV-RTDS/src/neorv32/rtl/core/neorv32_boot_rom.vhd:51]
INFO: [Synth 8-256] done synthesizing module 'neorv32_boot_rom' (0#1) [C:/Users/raulm/Desktop/Facultate/Master/Anul 1/Sem1/SDTR/RISCV-RTDS/src/neorv32/rtl/core/neorv32_boot_rom.vhd:51]
INFO: [Synth 8-638] synthesizing module 'neorv32_wishbone' [C:/Users/raulm/Desktop/Facultate/Master/Anul 1/Sem1/SDTR/RISCV-RTDS/src/neorv32/rtl/core/neorv32_wishbone.vhd:77]
	Parameter BUS_TIMEOUT bound to: 0 - type: integer 
	Parameter PIPE_MODE bound to: 0 - type: bool 
	Parameter BIG_ENDIAN bound to: 0 - type: bool 
	Parameter ASYNC_RX bound to: 0 - type: bool 
	Parameter ASYNC_TX bound to: 0 - type: bool 
INFO: [Synth 8-256] done synthesizing module 'neorv32_wishbone' (0#1) [C:/Users/raulm/Desktop/Facultate/Master/Anul 1/Sem1/SDTR/RISCV-RTDS/src/neorv32/rtl/core/neorv32_wishbone.vhd:77]
INFO: [Synth 8-638] synthesizing module 'neorv32_bus_io_switch' [C:/Users/raulm/Desktop/Facultate/Master/Anul 1/Sem1/SDTR/RISCV-RTDS/src/neorv32/rtl/core/neorv32_intercon.vhd:500]
	Parameter DEV_SIZE bound to: 256 - type: integer 
	Parameter DEV_00_EN bound to: 0 - type: bool 
	Parameter DEV_00_BASE bound to: 32'b11111111111111111111111100000000 
	Parameter DEV_01_EN bound to: 1 - type: bool 
	Parameter DEV_01_BASE bound to: 32'b11111111111111111111111000000000 
	Parameter DEV_02_EN bound to: 1 - type: bool 
	Parameter DEV_02_BASE bound to: 32'b11111111111111111111110100000000 
	Parameter DEV_03_EN bound to: 0 - type: bool 
	Parameter DEV_03_BASE bound to: 32'b11111111111111111111110000000000 
	Parameter DEV_04_EN bound to: 1 - type: bool 
	Parameter DEV_04_BASE bound to: 32'b11111111111111111111101100000000 
	Parameter DEV_05_EN bound to: 1 - type: bool 
	Parameter DEV_05_BASE bound to: 32'b11111111111111111111101000000000 
	Parameter DEV_06_EN bound to: 1 - type: bool 
	Parameter DEV_06_BASE bound to: 32'b11111111111111111111100100000000 
	Parameter DEV_07_EN bound to: 1 - type: bool 
	Parameter DEV_07_BASE bound to: 32'b11111111111111111111100000000000 
	Parameter DEV_08_EN bound to: 0 - type: bool 
	Parameter DEV_08_BASE bound to: 32'b11111111111111111111011100000000 
	Parameter DEV_09_EN bound to: 1 - type: bool 
	Parameter DEV_09_BASE bound to: 32'b11111111111111111111011000000000 
	Parameter DEV_10_EN bound to: 1 - type: bool 
	Parameter DEV_10_BASE bound to: 32'b11111111111111111111010100000000 
	Parameter DEV_11_EN bound to: 1 - type: bool 
	Parameter DEV_11_BASE bound to: 32'b11111111111111111111010000000000 
	Parameter DEV_12_EN bound to: 0 - type: bool 
	Parameter DEV_12_BASE bound to: 32'b11111111111111111111001100000000 
	Parameter DEV_13_EN bound to: 0 - type: bool 
	Parameter DEV_13_BASE bound to: 32'b11111111111111111111001000000000 
	Parameter DEV_14_EN bound to: 0 - type: bool 
	Parameter DEV_14_BASE bound to: 32'b11111111111111111111000100000000 
	Parameter DEV_15_EN bound to: 0 - type: bool 
	Parameter DEV_15_BASE bound to: 32'b11111111111111111111000000000000 
	Parameter DEV_16_EN bound to: 0 - type: bool 
	Parameter DEV_16_BASE bound to: 32'b11111111111111111110111100000000 
	Parameter DEV_17_EN bound to: 0 - type: bool 
	Parameter DEV_17_BASE bound to: 32'b11111111111111111110111000000000 
	Parameter DEV_18_EN bound to: 0 - type: bool 
	Parameter DEV_18_BASE bound to: 32'b11111111111111111110110100000000 
	Parameter DEV_19_EN bound to: 0 - type: bool 
	Parameter DEV_19_BASE bound to: 32'b11111111111111111110110000000000 
	Parameter DEV_20_EN bound to: 0 - type: bool 
	Parameter DEV_20_BASE bound to: 32'b11111111111111111110101100000000 
INFO: [Synth 8-256] done synthesizing module 'neorv32_bus_io_switch' (0#1) [C:/Users/raulm/Desktop/Facultate/Master/Anul 1/Sem1/SDTR/RISCV-RTDS/src/neorv32/rtl/core/neorv32_intercon.vhd:500]
INFO: [Synth 8-638] synthesizing module 'neorv32_wdt' [C:/Users/raulm/Desktop/Facultate/Master/Anul 1/Sem1/SDTR/RISCV-RTDS/src/neorv32/rtl/core/neorv32_wdt.vhd:66]
INFO: [Synth 8-256] done synthesizing module 'neorv32_wdt' (0#1) [C:/Users/raulm/Desktop/Facultate/Master/Anul 1/Sem1/SDTR/RISCV-RTDS/src/neorv32/rtl/core/neorv32_wdt.vhd:66]
INFO: [Synth 8-638] synthesizing module 'neorv32_mtime' [C:/Users/raulm/Desktop/Facultate/Master/Anul 1/Sem1/SDTR/RISCV-RTDS/src/neorv32/rtl/core/neorv32_mtime.vhd:55]
INFO: [Synth 8-256] done synthesizing module 'neorv32_mtime' (0#1) [C:/Users/raulm/Desktop/Facultate/Master/Anul 1/Sem1/SDTR/RISCV-RTDS/src/neorv32/rtl/core/neorv32_mtime.vhd:55]
INFO: [Synth 8-638] synthesizing module 'neorv32_uart' [C:/Users/raulm/Desktop/Facultate/Master/Anul 1/Sem1/SDTR/RISCV-RTDS/src/neorv32/rtl/core/neorv32_uart.vhd:82]
	Parameter SIM_LOG_FILE bound to: neorv32.uart0.sim_mode.text.out - type: string 
	Parameter UART_RX_FIFO bound to: 1 - type: integer 
	Parameter UART_TX_FIFO bound to: 1 - type: integer 
INFO: [Synth 8-638] synthesizing module 'neorv32_fifo__parameterized0' [C:/Users/raulm/Desktop/Facultate/Master/Anul 1/Sem1/SDTR/RISCV-RTDS/src/neorv32/rtl/core/neorv32_fifo.vhd:66]
	Parameter FIFO_DEPTH bound to: 1 - type: integer 
	Parameter FIFO_WIDTH bound to: 8 - type: integer 
	Parameter FIFO_RSYNC bound to: 1 - type: bool 
	Parameter FIFO_SAFE bound to: 1 - type: bool 
INFO: [Synth 8-256] done synthesizing module 'neorv32_fifo__parameterized0' (0#1) [C:/Users/raulm/Desktop/Facultate/Master/Anul 1/Sem1/SDTR/RISCV-RTDS/src/neorv32/rtl/core/neorv32_fifo.vhd:66]
INFO: [Synth 8-256] done synthesizing module 'neorv32_uart' (0#1) [C:/Users/raulm/Desktop/Facultate/Master/Anul 1/Sem1/SDTR/RISCV-RTDS/src/neorv32/rtl/core/neorv32_uart.vhd:82]
INFO: [Synth 8-638] synthesizing module 'neorv32_uart__parameterized0' [C:/Users/raulm/Desktop/Facultate/Master/Anul 1/Sem1/SDTR/RISCV-RTDS/src/neorv32/rtl/core/neorv32_uart.vhd:82]
	Parameter SIM_LOG_FILE bound to: neorv32.uart1.sim_mode.text.out - type: string 
	Parameter UART_RX_FIFO bound to: 1 - type: integer 
	Parameter UART_TX_FIFO bound to: 1 - type: integer 
INFO: [Synth 8-256] done synthesizing module 'neorv32_uart__parameterized0' (0#1) [C:/Users/raulm/Desktop/Facultate/Master/Anul 1/Sem1/SDTR/RISCV-RTDS/src/neorv32/rtl/core/neorv32_uart.vhd:82]
INFO: [Synth 8-638] synthesizing module 'neorv32_spi' [C:/Users/raulm/Desktop/Facultate/Master/Anul 1/Sem1/SDTR/RISCV-RTDS/src/neorv32/rtl/core/neorv32_spi.vhd:61]
	Parameter IO_SPI_FIFO bound to: 1 - type: integer 
INFO: [Synth 8-256] done synthesizing module 'neorv32_spi' (0#1) [C:/Users/raulm/Desktop/Facultate/Master/Anul 1/Sem1/SDTR/RISCV-RTDS/src/neorv32/rtl/core/neorv32_spi.vhd:61]
INFO: [Synth 8-638] synthesizing module 'neorv32_twi' [C:/Users/raulm/Desktop/Facultate/Master/Anul 1/Sem1/SDTR/RISCV-RTDS/src/neorv32/rtl/core/neorv32_twi.vhd:63]
INFO: [Synth 8-256] done synthesizing module 'neorv32_twi' (0#1) [C:/Users/raulm/Desktop/Facultate/Master/Anul 1/Sem1/SDTR/RISCV-RTDS/src/neorv32/rtl/core/neorv32_twi.vhd:63]
INFO: [Synth 8-638] synthesizing module 'neorv32_trng' [C:/Users/raulm/Desktop/Facultate/Master/Anul 1/Sem1/SDTR/RISCV-RTDS/src/neorv32/rtl/core/neorv32_trng.vhd:59]
	Parameter IO_TRNG_FIFO bound to: 1 - type: integer 
	Parameter NUM_CELLS bound to: 3 - type: integer 
	Parameter NUM_INV_START bound to: 3 - type: integer 
	Parameter NUM_INV_INC bound to: 2 - type: integer 
	Parameter NUM_INV_DELAY bound to: 2 - type: integer 
	Parameter POST_PROC_EN bound to: 1 - type: bool 
	Parameter IS_SIM bound to: 0 - type: bool 
INFO: [Synth 8-3491] module 'neoTRNG' declared at 'C:/Users/raulm/Desktop/Facultate/Master/Anul 1/Sem1/SDTR/RISCV-RTDS/src/neorv32/rtl/core/neorv32_trng.vhd:305' bound to instance 'neoTRNG_inst' of component 'neoTRNG' [C:/Users/raulm/Desktop/Facultate/Master/Anul 1/Sem1/SDTR/RISCV-RTDS/src/neorv32/rtl/core/neorv32_trng.vhd:186]
INFO: [Synth 8-638] synthesizing module 'neoTRNG' [C:/Users/raulm/Desktop/Facultate/Master/Anul 1/Sem1/SDTR/RISCV-RTDS/src/neorv32/rtl/core/neorv32_trng.vhd:323]
	Parameter NUM_CELLS bound to: 3 - type: integer 
	Parameter NUM_INV_START bound to: 3 - type: integer 
	Parameter NUM_INV_INC bound to: 2 - type: integer 
	Parameter NUM_INV_DELAY bound to: 2 - type: integer 
	Parameter POST_PROC_EN bound to: 1 - type: bool 
	Parameter IS_SIM bound to: 0 - type: bool 
	Parameter NUM_INV_S bound to: 3 - type: integer 
	Parameter NUM_INV_L bound to: 5 - type: integer 
	Parameter IS_SIM bound to: 0 - type: bool 
INFO: [Synth 8-3491] module 'neoTRNG_cell' declared at 'C:/Users/raulm/Desktop/Facultate/Master/Anul 1/Sem1/SDTR/RISCV-RTDS/src/neorv32/rtl/core/neorv32_trng.vhd:634' bound to instance 'neoTRNG_cell_inst_i' of component 'neoTRNG_cell' [C:/Users/raulm/Desktop/Facultate/Master/Anul 1/Sem1/SDTR/RISCV-RTDS/src/neorv32/rtl/core/neorv32_trng.vhd:402]
INFO: [Synth 8-638] synthesizing module 'neoTRNG_cell' [C:/Users/raulm/Desktop/Facultate/Master/Anul 1/Sem1/SDTR/RISCV-RTDS/src/neorv32/rtl/core/neorv32_trng.vhd:650]
	Parameter NUM_INV_S bound to: 3 - type: integer 
	Parameter NUM_INV_L bound to: 5 - type: integer 
	Parameter IS_SIM bound to: 0 - type: bool 
INFO: [Synth 8-256] done synthesizing module 'neoTRNG_cell' (0#1) [C:/Users/raulm/Desktop/Facultate/Master/Anul 1/Sem1/SDTR/RISCV-RTDS/src/neorv32/rtl/core/neorv32_trng.vhd:650]
	Parameter NUM_INV_S bound to: 5 - type: integer 
	Parameter NUM_INV_L bound to: 7 - type: integer 
	Parameter IS_SIM bound to: 0 - type: bool 
INFO: [Synth 8-3491] module 'neoTRNG_cell' declared at 'C:/Users/raulm/Desktop/Facultate/Master/Anul 1/Sem1/SDTR/RISCV-RTDS/src/neorv32/rtl/core/neorv32_trng.vhd:634' bound to instance 'neoTRNG_cell_inst_i' of component 'neoTRNG_cell' [C:/Users/raulm/Desktop/Facultate/Master/Anul 1/Sem1/SDTR/RISCV-RTDS/src/neorv32/rtl/core/neorv32_trng.vhd:402]
INFO: [Synth 8-638] synthesizing module 'neoTRNG_cell__parameterized1' [C:/Users/raulm/Desktop/Facultate/Master/Anul 1/Sem1/SDTR/RISCV-RTDS/src/neorv32/rtl/core/neorv32_trng.vhd:650]
	Parameter NUM_INV_S bound to: 5 - type: integer 
	Parameter NUM_INV_L bound to: 7 - type: integer 
	Parameter IS_SIM bound to: 0 - type: bool 
INFO: [Synth 8-256] done synthesizing module 'neoTRNG_cell__parameterized1' (0#1) [C:/Users/raulm/Desktop/Facultate/Master/Anul 1/Sem1/SDTR/RISCV-RTDS/src/neorv32/rtl/core/neorv32_trng.vhd:650]
	Parameter NUM_INV_S bound to: 7 - type: integer 
	Parameter NUM_INV_L bound to: 9 - type: integer 
	Parameter IS_SIM bound to: 0 - type: bool 
INFO: [Synth 8-3491] module 'neoTRNG_cell' declared at 'C:/Users/raulm/Desktop/Facultate/Master/Anul 1/Sem1/SDTR/RISCV-RTDS/src/neorv32/rtl/core/neorv32_trng.vhd:634' bound to instance 'neoTRNG_cell_inst_i' of component 'neoTRNG_cell' [C:/Users/raulm/Desktop/Facultate/Master/Anul 1/Sem1/SDTR/RISCV-RTDS/src/neorv32/rtl/core/neorv32_trng.vhd:402]
INFO: [Synth 8-638] synthesizing module 'neoTRNG_cell__parameterized3' [C:/Users/raulm/Desktop/Facultate/Master/Anul 1/Sem1/SDTR/RISCV-RTDS/src/neorv32/rtl/core/neorv32_trng.vhd:650]
	Parameter NUM_INV_S bound to: 7 - type: integer 
	Parameter NUM_INV_L bound to: 9 - type: integer 
	Parameter IS_SIM bound to: 0 - type: bool 
INFO: [Synth 8-256] done synthesizing module 'neoTRNG_cell__parameterized3' (0#1) [C:/Users/raulm/Desktop/Facultate/Master/Anul 1/Sem1/SDTR/RISCV-RTDS/src/neorv32/rtl/core/neorv32_trng.vhd:650]
INFO: [Synth 8-256] done synthesizing module 'neoTRNG' (0#1) [C:/Users/raulm/Desktop/Facultate/Master/Anul 1/Sem1/SDTR/RISCV-RTDS/src/neorv32/rtl/core/neorv32_trng.vhd:323]
INFO: [Synth 8-256] done synthesizing module 'neorv32_trng' (0#1) [C:/Users/raulm/Desktop/Facultate/Master/Anul 1/Sem1/SDTR/RISCV-RTDS/src/neorv32/rtl/core/neorv32_trng.vhd:59]
INFO: [Synth 8-638] synthesizing module 'neorv32_neoled' [C:/Users/raulm/Desktop/Facultate/Master/Anul 1/Sem1/SDTR/RISCV-RTDS/src/neorv32/rtl/core/neorv32_neoled.vhd:72]
	Parameter FIFO_DEPTH bound to: 1 - type: integer 
INFO: [Synth 8-638] synthesizing module 'neorv32_fifo__parameterized1' [C:/Users/raulm/Desktop/Facultate/Master/Anul 1/Sem1/SDTR/RISCV-RTDS/src/neorv32/rtl/core/neorv32_fifo.vhd:66]
	Parameter FIFO_DEPTH bound to: 1 - type: integer 
	Parameter FIFO_WIDTH bound to: 34 - type: integer 
	Parameter FIFO_RSYNC bound to: 1 - type: bool 
	Parameter FIFO_SAFE bound to: 1 - type: bool 
INFO: [Synth 8-256] done synthesizing module 'neorv32_fifo__parameterized1' (0#1) [C:/Users/raulm/Desktop/Facultate/Master/Anul 1/Sem1/SDTR/RISCV-RTDS/src/neorv32/rtl/core/neorv32_fifo.vhd:66]
INFO: [Synth 8-256] done synthesizing module 'neorv32_neoled' (0#1) [C:/Users/raulm/Desktop/Facultate/Master/Anul 1/Sem1/SDTR/RISCV-RTDS/src/neorv32/rtl/core/neorv32_neoled.vhd:72]
INFO: [Synth 8-638] synthesizing module 'neorv32_sysinfo' [C:/Users/raulm/Desktop/Facultate/Master/Anul 1/Sem1/SDTR/RISCV-RTDS/src/neorv32/rtl/core/neorv32_sysinfo.vhd:100]
	Parameter CLOCK_FREQUENCY bound to: 0 - type: integer 
	Parameter INT_BOOTLOADER_EN bound to: 1 - type: bool 
	Parameter MEM_INT_IMEM_EN bound to: 1 - type: bool 
	Parameter MEM_INT_IMEM_SIZE bound to: 16384 - type: integer 
	Parameter MEM_INT_DMEM_EN bound to: 1 - type: bool 
	Parameter MEM_INT_DMEM_SIZE bound to: 8192 - type: integer 
	Parameter AMO_RVS_GRANULARITY bound to: 4 - type: integer 
	Parameter ICACHE_EN bound to: 0 - type: bool 
	Parameter ICACHE_NUM_BLOCKS bound to: 4 - type: integer 
	Parameter ICACHE_BLOCK_SIZE bound to: 64 - type: integer 
	Parameter ICACHE_ASSOCIATIVITY bound to: 1 - type: integer 
	Parameter DCACHE_EN bound to: 0 - type: bool 
	Parameter DCACHE_NUM_BLOCKS bound to: 4 - type: integer 
	Parameter DCACHE_BLOCK_SIZE bound to: 64 - type: integer 
	Parameter MEM_EXT_EN bound to: 1 - type: bool 
	Parameter MEM_EXT_BIG_ENDIAN bound to: 0 - type: bool 
	Parameter ON_CHIP_DEBUGGER_EN bound to: 0 - type: bool 
	Parameter IO_GPIO_EN bound to: 0 - type: bool 
	Parameter IO_MTIME_EN bound to: 1 - type: bool 
	Parameter IO_UART0_EN bound to: 1 - type: bool 
	Parameter IO_UART1_EN bound to: 1 - type: bool 
	Parameter IO_SPI_EN bound to: 1 - type: bool 
	Parameter IO_SDI_EN bound to: 0 - type: bool 
	Parameter IO_TWI_EN bound to: 1 - type: bool 
	Parameter IO_PWM_EN bound to: 0 - type: bool 
	Parameter IO_WDT_EN bound to: 1 - type: bool 
	Parameter IO_TRNG_EN bound to: 1 - type: bool 
	Parameter IO_CFS_EN bound to: 0 - type: bool 
	Parameter IO_NEOLED_EN bound to: 1 - type: bool 
	Parameter IO_XIRQ_EN bound to: 0 - type: bool 
	Parameter IO_GPTMR_EN bound to: 0 - type: bool 
	Parameter IO_XIP_EN bound to: 0 - type: bool 
	Parameter IO_ONEWIRE_EN bound to: 0 - type: bool 
	Parameter IO_DMA_EN bound to: 0 - type: bool 
	Parameter IO_SLINK_EN bound to: 0 - type: bool 
	Parameter IO_CRC_EN bound to: 0 - type: bool 
INFO: [Synth 8-256] done synthesizing module 'neorv32_sysinfo' (0#1) [C:/Users/raulm/Desktop/Facultate/Master/Anul 1/Sem1/SDTR/RISCV-RTDS/src/neorv32/rtl/core/neorv32_sysinfo.vhd:100]
INFO: [Synth 8-256] done synthesizing module 'neorv32_top' (0#1) [C:/Users/raulm/Desktop/Facultate/Master/Anul 1/Sem1/SDTR/RISCV-RTDS/src/neorv32/rtl/core/neorv32_top.vhd:252]
INFO: [Synth 8-256] done synthesizing module 'neorv32_SystemTop_axi4lite' (0#1) [C:/Users/raulm/Desktop/Facultate/Master/Anul 1/Sem1/SDTR/RISCV-RTDS/src/neorv32/rtl/system_integration/neorv32_SystemTop_axi4lite.vhd:237]
WARNING: [Synth 8-689] width (32) of port connection 'gpio_o' does not match port width (64) of module 'neorv32_SystemTop_axi4lite' [C:/Users/raulm/Desktop/Facultate/Master/Anul 1/Sem1/SDTR/RISCV-RTDS/src/top/neorv32_integration_top.v:329]
WARNING: [Synth 8-689] width (1) of port connection 'spi_csn_o' does not match port width (8) of module 'neorv32_SystemTop_axi4lite' [C:/Users/raulm/Desktop/Facultate/Master/Anul 1/Sem1/SDTR/RISCV-RTDS/src/top/neorv32_integration_top.v:345]
WARNING: [Synth 8-689] width (1) of port connection 'pwm_o' does not match port width (12) of module 'neorv32_SystemTop_axi4lite' [C:/Users/raulm/Desktop/Facultate/Master/Anul 1/Sem1/SDTR/RISCV-RTDS/src/top/neorv32_integration_top.v:360]
WARNING: [Synth 8-689] width (1) of port connection 'cfs_out_o' does not match port width (32) of module 'neorv32_SystemTop_axi4lite' [C:/Users/raulm/Desktop/Facultate/Master/Anul 1/Sem1/SDTR/RISCV-RTDS/src/top/neorv32_integration_top.v:363]
INFO: [Synth 8-6155] done synthesizing module 'neorv32_integration_top' (0#1) [C:/Users/raulm/Desktop/Facultate/Master/Anul 1/Sem1/SDTR/RISCV-RTDS/src/top/neorv32_integration_top.v:1]
WARNING: [Synth 8-689] width (8) of port connection 'gpio_o' does not match port width (32) of module 'neorv32_integration_top' [C:/Users/raulm/Desktop/Facultate/Master/Anul 1/Sem1/SDTR/RISCV-RTDS/src/top/rv_rtds_top.v:340]
INFO: [Synth 8-6157] synthesizing module 'RV_RTDS_wrapper' [C:/Users/raulm/Desktop/Facultate/Master/Anul 1/Sem1/SDTR/RISCV-RTDS/work/RISCV-RTDS/RISCV-RTDS.srcs/sources_1/imports/hdl/RV_RTDS_wrapper.v:13]
INFO: [Synth 8-6157] synthesizing module 'RV_RTDS' [c:/Users/raulm/Desktop/Facultate/Master/Anul 1/Sem1/SDTR/RISCV-RTDS/work/RISCV-RTDS/RISCV-RTDS.gen/sources_1/bd/RV_RTDS/synth/RV_RTDS.v:13]
INFO: [Synth 8-6157] synthesizing module 'RV_RTDS_axi_bram_ctrl_0_0' [C:/Users/raulm/Desktop/Facultate/Master/Anul 1/Sem1/SDTR/RISCV-RTDS/work/RISCV-RTDS/RISCV-RTDS.runs/synth_1/.Xil/Vivado-13432-DESKTOP-CA1TKI1/realtime/RV_RTDS_axi_bram_ctrl_0_0_stub.v:6]
INFO: [Synth 8-6155] done synthesizing module 'RV_RTDS_axi_bram_ctrl_0_0' (0#1) [C:/Users/raulm/Desktop/Facultate/Master/Anul 1/Sem1/SDTR/RISCV-RTDS/work/RISCV-RTDS/RISCV-RTDS.runs/synth_1/.Xil/Vivado-13432-DESKTOP-CA1TKI1/realtime/RV_RTDS_axi_bram_ctrl_0_0_stub.v:6]
INFO: [Synth 8-6157] synthesizing module 'RV_RTDS_axi_bram_ctrl_0_1' [C:/Users/raulm/Desktop/Facultate/Master/Anul 1/Sem1/SDTR/RISCV-RTDS/work/RISCV-RTDS/RISCV-RTDS.runs/synth_1/.Xil/Vivado-13432-DESKTOP-CA1TKI1/realtime/RV_RTDS_axi_bram_ctrl_0_1_stub.v:6]
INFO: [Synth 8-6155] done synthesizing module 'RV_RTDS_axi_bram_ctrl_0_1' (0#1) [C:/Users/raulm/Desktop/Facultate/Master/Anul 1/Sem1/SDTR/RISCV-RTDS/work/RISCV-RTDS/RISCV-RTDS.runs/synth_1/.Xil/Vivado-13432-DESKTOP-CA1TKI1/realtime/RV_RTDS_axi_bram_ctrl_0_1_stub.v:6]
INFO: [Synth 8-6157] synthesizing module 'RV_RTDS_axi_interconnect_0_0' [c:/Users/raulm/Desktop/Facultate/Master/Anul 1/Sem1/SDTR/RISCV-RTDS/work/RISCV-RTDS/RISCV-RTDS.gen/sources_1/bd/RV_RTDS/synth/RV_RTDS.v:533]
INFO: [Synth 8-6157] synthesizing module 'm00_couplers_imp_1WT296J' [c:/Users/raulm/Desktop/Facultate/Master/Anul 1/Sem1/SDTR/RISCV-RTDS/work/RISCV-RTDS/RISCV-RTDS.gen/sources_1/bd/RV_RTDS/synth/RV_RTDS.v:1235]
INFO: [Synth 8-6155] done synthesizing module 'm00_couplers_imp_1WT296J' (0#1) [c:/Users/raulm/Desktop/Facultate/Master/Anul 1/Sem1/SDTR/RISCV-RTDS/work/RISCV-RTDS/RISCV-RTDS.gen/sources_1/bd/RV_RTDS/synth/RV_RTDS.v:1235]
INFO: [Synth 8-6157] synthesizing module 'm01_couplers_imp_V69W3C' [c:/Users/raulm/Desktop/Facultate/Master/Anul 1/Sem1/SDTR/RISCV-RTDS/work/RISCV-RTDS/RISCV-RTDS.gen/sources_1/bd/RV_RTDS/synth/RV_RTDS.v:1465]
INFO: [Synth 8-6155] done synthesizing module 'm01_couplers_imp_V69W3C' (0#1) [c:/Users/raulm/Desktop/Facultate/Master/Anul 1/Sem1/SDTR/RISCV-RTDS/work/RISCV-RTDS/RISCV-RTDS.gen/sources_1/bd/RV_RTDS/synth/RV_RTDS.v:1465]
INFO: [Synth 8-6157] synthesizing module 's00_couplers_imp_VACUAV' [c:/Users/raulm/Desktop/Facultate/Master/Anul 1/Sem1/SDTR/RISCV-RTDS/work/RISCV-RTDS/RISCV-RTDS.gen/sources_1/bd/RV_RTDS/synth/RV_RTDS.v:1695]
INFO: [Synth 8-6157] synthesizing module 'RV_RTDS_auto_pc_0' [C:/Users/raulm/Desktop/Facultate/Master/Anul 1/Sem1/SDTR/RISCV-RTDS/work/RISCV-RTDS/RISCV-RTDS.runs/synth_1/.Xil/Vivado-13432-DESKTOP-CA1TKI1/realtime/RV_RTDS_auto_pc_0_stub.v:6]
INFO: [Synth 8-6155] done synthesizing module 'RV_RTDS_auto_pc_0' (0#1) [C:/Users/raulm/Desktop/Facultate/Master/Anul 1/Sem1/SDTR/RISCV-RTDS/work/RISCV-RTDS/RISCV-RTDS.runs/synth_1/.Xil/Vivado-13432-DESKTOP-CA1TKI1/realtime/RV_RTDS_auto_pc_0_stub.v:6]
WARNING: [Synth 8-7071] port 'm_axi_awregion' of module 'RV_RTDS_auto_pc_0' is unconnected for instance 'auto_pc' [c:/Users/raulm/Desktop/Facultate/Master/Anul 1/Sem1/SDTR/RISCV-RTDS/work/RISCV-RTDS/RISCV-RTDS.gen/sources_1/bd/RV_RTDS/synth/RV_RTDS.v:1918]
WARNING: [Synth 8-7071] port 'm_axi_arregion' of module 'RV_RTDS_auto_pc_0' is unconnected for instance 'auto_pc' [c:/Users/raulm/Desktop/Facultate/Master/Anul 1/Sem1/SDTR/RISCV-RTDS/work/RISCV-RTDS/RISCV-RTDS.gen/sources_1/bd/RV_RTDS/synth/RV_RTDS.v:1918]
WARNING: [Synth 8-7023] instance 'auto_pc' of module 'RV_RTDS_auto_pc_0' has 56 connections declared, but only 54 given [c:/Users/raulm/Desktop/Facultate/Master/Anul 1/Sem1/SDTR/RISCV-RTDS/work/RISCV-RTDS/RISCV-RTDS.gen/sources_1/bd/RV_RTDS/synth/RV_RTDS.v:1918]
INFO: [Synth 8-6155] done synthesizing module 's00_couplers_imp_VACUAV' (0#1) [c:/Users/raulm/Desktop/Facultate/Master/Anul 1/Sem1/SDTR/RISCV-RTDS/work/RISCV-RTDS/RISCV-RTDS.gen/sources_1/bd/RV_RTDS/synth/RV_RTDS.v:1695]
INFO: [Synth 8-6157] synthesizing module 'RV_RTDS_xbar_0' [C:/Users/raulm/Desktop/Facultate/Master/Anul 1/Sem1/SDTR/RISCV-RTDS/work/RISCV-RTDS/RISCV-RTDS.runs/synth_1/.Xil/Vivado-13432-DESKTOP-CA1TKI1/realtime/RV_RTDS_xbar_0_stub.v:6]
INFO: [Synth 8-6155] done synthesizing module 'RV_RTDS_xbar_0' (0#1) [C:/Users/raulm/Desktop/Facultate/Master/Anul 1/Sem1/SDTR/RISCV-RTDS/work/RISCV-RTDS/RISCV-RTDS.runs/synth_1/.Xil/Vivado-13432-DESKTOP-CA1TKI1/realtime/RV_RTDS_xbar_0_stub.v:6]
WARNING: [Synth 8-7071] port 'm_axi_awregion' of module 'RV_RTDS_xbar_0' is unconnected for instance 'xbar' [c:/Users/raulm/Desktop/Facultate/Master/Anul 1/Sem1/SDTR/RISCV-RTDS/work/RISCV-RTDS/RISCV-RTDS.gen/sources_1/bd/RV_RTDS/synth/RV_RTDS.v:1166]
WARNING: [Synth 8-7071] port 'm_axi_awqos' of module 'RV_RTDS_xbar_0' is unconnected for instance 'xbar' [c:/Users/raulm/Desktop/Facultate/Master/Anul 1/Sem1/SDTR/RISCV-RTDS/work/RISCV-RTDS/RISCV-RTDS.gen/sources_1/bd/RV_RTDS/synth/RV_RTDS.v:1166]
WARNING: [Synth 8-7071] port 'm_axi_arregion' of module 'RV_RTDS_xbar_0' is unconnected for instance 'xbar' [c:/Users/raulm/Desktop/Facultate/Master/Anul 1/Sem1/SDTR/RISCV-RTDS/work/RISCV-RTDS/RISCV-RTDS.gen/sources_1/bd/RV_RTDS/synth/RV_RTDS.v:1166]
WARNING: [Synth 8-7071] port 'm_axi_arqos' of module 'RV_RTDS_xbar_0' is unconnected for instance 'xbar' [c:/Users/raulm/Desktop/Facultate/Master/Anul 1/Sem1/SDTR/RISCV-RTDS/work/RISCV-RTDS/RISCV-RTDS.gen/sources_1/bd/RV_RTDS/synth/RV_RTDS.v:1166]
WARNING: [Synth 8-7023] instance 'xbar' of module 'RV_RTDS_xbar_0' has 70 connections declared, but only 66 given [c:/Users/raulm/Desktop/Facultate/Master/Anul 1/Sem1/SDTR/RISCV-RTDS/work/RISCV-RTDS/RISCV-RTDS.gen/sources_1/bd/RV_RTDS/synth/RV_RTDS.v:1166]
INFO: [Synth 8-6155] done synthesizing module 'RV_RTDS_axi_interconnect_0_0' (0#1) [c:/Users/raulm/Desktop/Facultate/Master/Anul 1/Sem1/SDTR/RISCV-RTDS/work/RISCV-RTDS/RISCV-RTDS.gen/sources_1/bd/RV_RTDS/synth/RV_RTDS.v:533]
INFO: [Synth 8-6157] synthesizing module 'RV_RTDS_blk_mem_gen_0_0' [C:/Users/raulm/Desktop/Facultate/Master/Anul 1/Sem1/SDTR/RISCV-RTDS/work/RISCV-RTDS/RISCV-RTDS.runs/synth_1/.Xil/Vivado-13432-DESKTOP-CA1TKI1/realtime/RV_RTDS_blk_mem_gen_0_0_stub.v:6]
INFO: [Synth 8-6155] done synthesizing module 'RV_RTDS_blk_mem_gen_0_0' (0#1) [C:/Users/raulm/Desktop/Facultate/Master/Anul 1/Sem1/SDTR/RISCV-RTDS/work/RISCV-RTDS/RISCV-RTDS.runs/synth_1/.Xil/Vivado-13432-DESKTOP-CA1TKI1/realtime/RV_RTDS_blk_mem_gen_0_0_stub.v:6]
WARNING: [Synth 8-7071] port 'rsta_busy' of module 'RV_RTDS_blk_mem_gen_0_0' is unconnected for instance 'blk_mem_gen_0' [c:/Users/raulm/Desktop/Facultate/Master/Anul 1/Sem1/SDTR/RISCV-RTDS/work/RISCV-RTDS/RISCV-RTDS.gen/sources_1/bd/RV_RTDS/synth/RV_RTDS.v:413]
WARNING: [Synth 8-7071] port 'rstb_busy' of module 'RV_RTDS_blk_mem_gen_0_0' is unconnected for instance 'blk_mem_gen_0' [c:/Users/raulm/Desktop/Facultate/Master/Anul 1/Sem1/SDTR/RISCV-RTDS/work/RISCV-RTDS/RISCV-RTDS.gen/sources_1/bd/RV_RTDS/synth/RV_RTDS.v:413]
WARNING: [Synth 8-7023] instance 'blk_mem_gen_0' of module 'RV_RTDS_blk_mem_gen_0_0' has 16 connections declared, but only 14 given [c:/Users/raulm/Desktop/Facultate/Master/Anul 1/Sem1/SDTR/RISCV-RTDS/work/RISCV-RTDS/RISCV-RTDS.gen/sources_1/bd/RV_RTDS/synth/RV_RTDS.v:413]
INFO: [Synth 8-6157] synthesizing module 'RV_RTDS_blk_mem_gen_0_1' [C:/Users/raulm/Desktop/Facultate/Master/Anul 1/Sem1/SDTR/RISCV-RTDS/work/RISCV-RTDS/RISCV-RTDS.runs/synth_1/.Xil/Vivado-13432-DESKTOP-CA1TKI1/realtime/RV_RTDS_blk_mem_gen_0_1_stub.v:6]
INFO: [Synth 8-6155] done synthesizing module 'RV_RTDS_blk_mem_gen_0_1' (0#1) [C:/Users/raulm/Desktop/Facultate/Master/Anul 1/Sem1/SDTR/RISCV-RTDS/work/RISCV-RTDS/RISCV-RTDS.runs/synth_1/.Xil/Vivado-13432-DESKTOP-CA1TKI1/realtime/RV_RTDS_blk_mem_gen_0_1_stub.v:6]
WARNING: [Synth 8-7071] port 'rsta_busy' of module 'RV_RTDS_blk_mem_gen_0_1' is unconnected for instance 'blk_mem_gen_1' [c:/Users/raulm/Desktop/Facultate/Master/Anul 1/Sem1/SDTR/RISCV-RTDS/work/RISCV-RTDS/RISCV-RTDS.gen/sources_1/bd/RV_RTDS/synth/RV_RTDS.v:428]
WARNING: [Synth 8-7071] port 'rstb_busy' of module 'RV_RTDS_blk_mem_gen_0_1' is unconnected for instance 'blk_mem_gen_1' [c:/Users/raulm/Desktop/Facultate/Master/Anul 1/Sem1/SDTR/RISCV-RTDS/work/RISCV-RTDS/RISCV-RTDS.gen/sources_1/bd/RV_RTDS/synth/RV_RTDS.v:428]
WARNING: [Synth 8-7023] instance 'blk_mem_gen_1' of module 'RV_RTDS_blk_mem_gen_0_1' has 16 connections declared, but only 14 given [c:/Users/raulm/Desktop/Facultate/Master/Anul 1/Sem1/SDTR/RISCV-RTDS/work/RISCV-RTDS/RISCV-RTDS.gen/sources_1/bd/RV_RTDS/synth/RV_RTDS.v:428]
INFO: [Synth 8-6157] synthesizing module 'RV_RTDS_clk_wiz_0_0' [C:/Users/raulm/Desktop/Facultate/Master/Anul 1/Sem1/SDTR/RISCV-RTDS/work/RISCV-RTDS/RISCV-RTDS.runs/synth_1/.Xil/Vivado-13432-DESKTOP-CA1TKI1/realtime/RV_RTDS_clk_wiz_0_0_stub.v:6]
INFO: [Synth 8-6155] done synthesizing module 'RV_RTDS_clk_wiz_0_0' (0#1) [C:/Users/raulm/Desktop/Facultate/Master/Anul 1/Sem1/SDTR/RISCV-RTDS/work/RISCV-RTDS/RISCV-RTDS.runs/synth_1/.Xil/Vivado-13432-DESKTOP-CA1TKI1/realtime/RV_RTDS_clk_wiz_0_0_stub.v:6]
INFO: [Synth 8-6157] synthesizing module 'RV_RTDS_neorv32_integration_0_4' [C:/Users/raulm/Desktop/Facultate/Master/Anul 1/Sem1/SDTR/RISCV-RTDS/work/RISCV-RTDS/RISCV-RTDS.runs/synth_1/.Xil/Vivado-13432-DESKTOP-CA1TKI1/realtime/RV_RTDS_neorv32_integration_0_4_stub.v:6]
INFO: [Synth 8-6155] done synthesizing module 'RV_RTDS_neorv32_integration_0_4' (0#1) [C:/Users/raulm/Desktop/Facultate/Master/Anul 1/Sem1/SDTR/RISCV-RTDS/work/RISCV-RTDS/RISCV-RTDS.runs/synth_1/.Xil/Vivado-13432-DESKTOP-CA1TKI1/realtime/RV_RTDS_neorv32_integration_0_4_stub.v:6]
WARNING: [Synth 8-7071] port 's0_axis_tdata' of module 'RV_RTDS_neorv32_integration_0_4' is unconnected for instance 'neorv32_integration_0' [c:/Users/raulm/Desktop/Facultate/Master/Anul 1/Sem1/SDTR/RISCV-RTDS/work/RISCV-RTDS/RISCV-RTDS.gen/sources_1/bd/RV_RTDS/synth/RV_RTDS.v:448]
WARNING: [Synth 8-7071] port 's0_axis_tvalid' of module 'RV_RTDS_neorv32_integration_0_4' is unconnected for instance 'neorv32_integration_0' [c:/Users/raulm/Desktop/Facultate/Master/Anul 1/Sem1/SDTR/RISCV-RTDS/work/RISCV-RTDS/RISCV-RTDS.gen/sources_1/bd/RV_RTDS/synth/RV_RTDS.v:448]
WARNING: [Synth 8-7071] port 's1_axis_tready' of module 'RV_RTDS_neorv32_integration_0_4' is unconnected for instance 'neorv32_integration_0' [c:/Users/raulm/Desktop/Facultate/Master/Anul 1/Sem1/SDTR/RISCV-RTDS/work/RISCV-RTDS/RISCV-RTDS.gen/sources_1/bd/RV_RTDS/synth/RV_RTDS.v:448]
WARNING: [Synth 8-7071] port 'jtag_tdo_o' of module 'RV_RTDS_neorv32_integration_0_4' is unconnected for instance 'neorv32_integration_0' [c:/Users/raulm/Desktop/Facultate/Master/Anul 1/Sem1/SDTR/RISCV-RTDS/work/RISCV-RTDS/RISCV-RTDS.gen/sources_1/bd/RV_RTDS/synth/RV_RTDS.v:448]
WARNING: [Synth 8-7071] port 'xip_csn_o' of module 'RV_RTDS_neorv32_integration_0_4' is unconnected for instance 'neorv32_integration_0' [c:/Users/raulm/Desktop/Facultate/Master/Anul 1/Sem1/SDTR/RISCV-RTDS/work/RISCV-RTDS/RISCV-RTDS.gen/sources_1/bd/RV_RTDS/synth/RV_RTDS.v:448]
WARNING: [Synth 8-7071] port 'xip_clk_o' of module 'RV_RTDS_neorv32_integration_0_4' is unconnected for instance 'neorv32_integration_0' [c:/Users/raulm/Desktop/Facultate/Master/Anul 1/Sem1/SDTR/RISCV-RTDS/work/RISCV-RTDS/RISCV-RTDS.gen/sources_1/bd/RV_RTDS/synth/RV_RTDS.v:448]
WARNING: [Synth 8-7071] port 'xip_dat_o' of module 'RV_RTDS_neorv32_integration_0_4' is unconnected for instance 'neorv32_integration_0' [c:/Users/raulm/Desktop/Facultate/Master/Anul 1/Sem1/SDTR/RISCV-RTDS/work/RISCV-RTDS/RISCV-RTDS.gen/sources_1/bd/RV_RTDS/synth/RV_RTDS.v:448]
WARNING: [Synth 8-7071] port 'twi_sda_o' of module 'RV_RTDS_neorv32_integration_0_4' is unconnected for instance 'neorv32_integration_0' [c:/Users/raulm/Desktop/Facultate/Master/Anul 1/Sem1/SDTR/RISCV-RTDS/work/RISCV-RTDS/RISCV-RTDS.gen/sources_1/bd/RV_RTDS/synth/RV_RTDS.v:448]
WARNING: [Synth 8-7071] port 'twi_scl_o' of module 'RV_RTDS_neorv32_integration_0_4' is unconnected for instance 'neorv32_integration_0' [c:/Users/raulm/Desktop/Facultate/Master/Anul 1/Sem1/SDTR/RISCV-RTDS/work/RISCV-RTDS/RISCV-RTDS.gen/sources_1/bd/RV_RTDS/synth/RV_RTDS.v:448]
WARNING: [Synth 8-7071] port 'cfs_out_o' of module 'RV_RTDS_neorv32_integration_0_4' is unconnected for instance 'neorv32_integration_0' [c:/Users/raulm/Desktop/Facultate/Master/Anul 1/Sem1/SDTR/RISCV-RTDS/work/RISCV-RTDS/RISCV-RTDS.gen/sources_1/bd/RV_RTDS/synth/RV_RTDS.v:448]
WARNING: [Synth 8-7023] instance 'neorv32_integration_0' of module 'RV_RTDS_neorv32_integration_0_4' has 68 connections declared, but only 58 given [c:/Users/raulm/Desktop/Facultate/Master/Anul 1/Sem1/SDTR/RISCV-RTDS/work/RISCV-RTDS/RISCV-RTDS.gen/sources_1/bd/RV_RTDS/synth/RV_RTDS.v:448]
INFO: [Synth 8-6157] synthesizing module 'RV_RTDS_rst_clk_wiz_0_100M_0' [C:/Users/raulm/Desktop/Facultate/Master/Anul 1/Sem1/SDTR/RISCV-RTDS/work/RISCV-RTDS/RISCV-RTDS.runs/synth_1/.Xil/Vivado-13432-DESKTOP-CA1TKI1/realtime/RV_RTDS_rst_clk_wiz_0_100M_0_stub.v:6]
INFO: [Synth 8-6155] done synthesizing module 'RV_RTDS_rst_clk_wiz_0_100M_0' (0#1) [C:/Users/raulm/Desktop/Facultate/Master/Anul 1/Sem1/SDTR/RISCV-RTDS/work/RISCV-RTDS/RISCV-RTDS.runs/synth_1/.Xil/Vivado-13432-DESKTOP-CA1TKI1/realtime/RV_RTDS_rst_clk_wiz_0_100M_0_stub.v:6]
WARNING: [Synth 8-7071] port 'mb_reset' of module 'RV_RTDS_rst_clk_wiz_0_100M_0' is unconnected for instance 'rst_clk_wiz_0_100M' [c:/Users/raulm/Desktop/Facultate/Master/Anul 1/Sem1/SDTR/RISCV-RTDS/work/RISCV-RTDS/RISCV-RTDS.gen/sources_1/bd/RV_RTDS/synth/RV_RTDS.v:507]
WARNING: [Synth 8-7071] port 'bus_struct_reset' of module 'RV_RTDS_rst_clk_wiz_0_100M_0' is unconnected for instance 'rst_clk_wiz_0_100M' [c:/Users/raulm/Desktop/Facultate/Master/Anul 1/Sem1/SDTR/RISCV-RTDS/work/RISCV-RTDS/RISCV-RTDS.gen/sources_1/bd/RV_RTDS/synth/RV_RTDS.v:507]
WARNING: [Synth 8-7071] port 'peripheral_reset' of module 'RV_RTDS_rst_clk_wiz_0_100M_0' is unconnected for instance 'rst_clk_wiz_0_100M' [c:/Users/raulm/Desktop/Facultate/Master/Anul 1/Sem1/SDTR/RISCV-RTDS/work/RISCV-RTDS/RISCV-RTDS.gen/sources_1/bd/RV_RTDS/synth/RV_RTDS.v:507]
WARNING: [Synth 8-7071] port 'interconnect_aresetn' of module 'RV_RTDS_rst_clk_wiz_0_100M_0' is unconnected for instance 'rst_clk_wiz_0_100M' [c:/Users/raulm/Desktop/Facultate/Master/Anul 1/Sem1/SDTR/RISCV-RTDS/work/RISCV-RTDS/RISCV-RTDS.gen/sources_1/bd/RV_RTDS/synth/RV_RTDS.v:507]
WARNING: [Synth 8-7023] instance 'rst_clk_wiz_0_100M' of module 'RV_RTDS_rst_clk_wiz_0_100M_0' has 10 connections declared, but only 6 given [c:/Users/raulm/Desktop/Facultate/Master/Anul 1/Sem1/SDTR/RISCV-RTDS/work/RISCV-RTDS/RISCV-RTDS.gen/sources_1/bd/RV_RTDS/synth/RV_RTDS.v:507]
INFO: [Synth 8-6157] synthesizing module 'RV_RTDS_xlconcat_0_0' [c:/Users/raulm/Desktop/Facultate/Master/Anul 1/Sem1/SDTR/RISCV-RTDS/work/RISCV-RTDS/RISCV-RTDS.gen/sources_1/bd/RV_RTDS/ip/RV_RTDS_xlconcat_0_0/synth/RV_RTDS_xlconcat_0_0.v:53]
INFO: [Synth 8-6157] synthesizing module 'xlconcat_v2_1_5_xlconcat' [c:/Users/raulm/Desktop/Facultate/Master/Anul 1/Sem1/SDTR/RISCV-RTDS/work/RISCV-RTDS/RISCV-RTDS.gen/sources_1/bd/RV_RTDS/ipshared/147b/hdl/xlconcat_v2_1_vl_rfs.v:59]
INFO: [Synth 8-6155] done synthesizing module 'xlconcat_v2_1_5_xlconcat' (0#1) [c:/Users/raulm/Desktop/Facultate/Master/Anul 1/Sem1/SDTR/RISCV-RTDS/work/RISCV-RTDS/RISCV-RTDS.gen/sources_1/bd/RV_RTDS/ipshared/147b/hdl/xlconcat_v2_1_vl_rfs.v:59]
INFO: [Synth 8-6155] done synthesizing module 'RV_RTDS_xlconcat_0_0' (0#1) [c:/Users/raulm/Desktop/Facultate/Master/Anul 1/Sem1/SDTR/RISCV-RTDS/work/RISCV-RTDS/RISCV-RTDS.gen/sources_1/bd/RV_RTDS/ip/RV_RTDS_xlconcat_0_0/synth/RV_RTDS_xlconcat_0_0.v:53]
INFO: [Synth 8-6157] synthesizing module 'RV_RTDS_xlconstant_0_0' [c:/Users/raulm/Desktop/Facultate/Master/Anul 1/Sem1/SDTR/RISCV-RTDS/work/RISCV-RTDS/RISCV-RTDS.gen/sources_1/bd/RV_RTDS/ip/RV_RTDS_xlconstant_0_0/synth/RV_RTDS_xlconstant_0_0.v:53]
INFO: [Synth 8-6157] synthesizing module 'xlconstant_v1_1_8_xlconstant' [c:/Users/raulm/Desktop/Facultate/Master/Anul 1/Sem1/SDTR/RISCV-RTDS/work/RISCV-RTDS/RISCV-RTDS.gen/sources_1/bd/RV_RTDS/ipshared/d390/hdl/xlconstant_v1_1_vl_rfs.v:68]
INFO: [Synth 8-6155] done synthesizing module 'xlconstant_v1_1_8_xlconstant' (0#1) [c:/Users/raulm/Desktop/Facultate/Master/Anul 1/Sem1/SDTR/RISCV-RTDS/work/RISCV-RTDS/RISCV-RTDS.gen/sources_1/bd/RV_RTDS/ipshared/d390/hdl/xlconstant_v1_1_vl_rfs.v:68]
INFO: [Synth 8-6155] done synthesizing module 'RV_RTDS_xlconstant_0_0' (0#1) [c:/Users/raulm/Desktop/Facultate/Master/Anul 1/Sem1/SDTR/RISCV-RTDS/work/RISCV-RTDS/RISCV-RTDS.gen/sources_1/bd/RV_RTDS/ip/RV_RTDS_xlconstant_0_0/synth/RV_RTDS_xlconstant_0_0.v:53]
INFO: [Synth 8-6157] synthesizing module 'RV_RTDS_xlconstant_0_1' [c:/Users/raulm/Desktop/Facultate/Master/Anul 1/Sem1/SDTR/RISCV-RTDS/work/RISCV-RTDS/RISCV-RTDS.gen/sources_1/bd/RV_RTDS/ip/RV_RTDS_xlconstant_0_1/synth/RV_RTDS_xlconstant_0_1.v:53]
INFO: [Synth 8-6155] done synthesizing module 'RV_RTDS_xlconstant_0_1' (0#1) [c:/Users/raulm/Desktop/Facultate/Master/Anul 1/Sem1/SDTR/RISCV-RTDS/work/RISCV-RTDS/RISCV-RTDS.gen/sources_1/bd/RV_RTDS/ip/RV_RTDS_xlconstant_0_1/synth/RV_RTDS_xlconstant_0_1.v:53]
INFO: [Synth 8-6157] synthesizing module 'RV_RTDS_xlslice_0_0' [c:/Users/raulm/Desktop/Facultate/Master/Anul 1/Sem1/SDTR/RISCV-RTDS/work/RISCV-RTDS/RISCV-RTDS.gen/sources_1/bd/RV_RTDS/ip/RV_RTDS_xlslice_0_0/synth/RV_RTDS_xlslice_0_0.v:53]
INFO: [Synth 8-6157] synthesizing module 'xlslice_v1_0_3_xlslice' [c:/Users/raulm/Desktop/Facultate/Master/Anul 1/Sem1/SDTR/RISCV-RTDS/work/RISCV-RTDS/RISCV-RTDS.gen/sources_1/bd/RV_RTDS/ipshared/217a/hdl/xlslice_v1_0_vl_rfs.v:58]
INFO: [Synth 8-6155] done synthesizing module 'xlslice_v1_0_3_xlslice' (0#1) [c:/Users/raulm/Desktop/Facultate/Master/Anul 1/Sem1/SDTR/RISCV-RTDS/work/RISCV-RTDS/RISCV-RTDS.gen/sources_1/bd/RV_RTDS/ipshared/217a/hdl/xlslice_v1_0_vl_rfs.v:58]
INFO: [Synth 8-6155] done synthesizing module 'RV_RTDS_xlslice_0_0' (0#1) [c:/Users/raulm/Desktop/Facultate/Master/Anul 1/Sem1/SDTR/RISCV-RTDS/work/RISCV-RTDS/RISCV-RTDS.gen/sources_1/bd/RV_RTDS/ip/RV_RTDS_xlslice_0_0/synth/RV_RTDS_xlslice_0_0.v:53]
INFO: [Synth 8-6157] synthesizing module 'RV_RTDS_xlslice_0_1' [c:/Users/raulm/Desktop/Facultate/Master/Anul 1/Sem1/SDTR/RISCV-RTDS/work/RISCV-RTDS/RISCV-RTDS.gen/sources_1/bd/RV_RTDS/ip/RV_RTDS_xlslice_0_1/synth/RV_RTDS_xlslice_0_1.v:53]
INFO: [Synth 8-6157] synthesizing module 'xlslice_v1_0_3_xlslice__parameterized0' [c:/Users/raulm/Desktop/Facultate/Master/Anul 1/Sem1/SDTR/RISCV-RTDS/work/RISCV-RTDS/RISCV-RTDS.gen/sources_1/bd/RV_RTDS/ipshared/217a/hdl/xlslice_v1_0_vl_rfs.v:58]
INFO: [Synth 8-6155] done synthesizing module 'xlslice_v1_0_3_xlslice__parameterized0' (0#1) [c:/Users/raulm/Desktop/Facultate/Master/Anul 1/Sem1/SDTR/RISCV-RTDS/work/RISCV-RTDS/RISCV-RTDS.gen/sources_1/bd/RV_RTDS/ipshared/217a/hdl/xlslice_v1_0_vl_rfs.v:58]
INFO: [Synth 8-6155] done synthesizing module 'RV_RTDS_xlslice_0_1' (0#1) [c:/Users/raulm/Desktop/Facultate/Master/Anul 1/Sem1/SDTR/RISCV-RTDS/work/RISCV-RTDS/RISCV-RTDS.gen/sources_1/bd/RV_RTDS/ip/RV_RTDS_xlslice_0_1/synth/RV_RTDS_xlslice_0_1.v:53]
INFO: [Synth 8-6157] synthesizing module 'RV_RTDS_xlslice_0_2' [c:/Users/raulm/Desktop/Facultate/Master/Anul 1/Sem1/SDTR/RISCV-RTDS/work/RISCV-RTDS/RISCV-RTDS.gen/sources_1/bd/RV_RTDS/ip/RV_RTDS_xlslice_0_2/synth/RV_RTDS_xlslice_0_2.v:53]
INFO: [Synth 8-6157] synthesizing module 'xlslice_v1_0_3_xlslice__parameterized1' [c:/Users/raulm/Desktop/Facultate/Master/Anul 1/Sem1/SDTR/RISCV-RTDS/work/RISCV-RTDS/RISCV-RTDS.gen/sources_1/bd/RV_RTDS/ipshared/217a/hdl/xlslice_v1_0_vl_rfs.v:58]
INFO: [Synth 8-6155] done synthesizing module 'xlslice_v1_0_3_xlslice__parameterized1' (0#1) [c:/Users/raulm/Desktop/Facultate/Master/Anul 1/Sem1/SDTR/RISCV-RTDS/work/RISCV-RTDS/RISCV-RTDS.gen/sources_1/bd/RV_RTDS/ipshared/217a/hdl/xlslice_v1_0_vl_rfs.v:58]
INFO: [Synth 8-6155] done synthesizing module 'RV_RTDS_xlslice_0_2' (0#1) [c:/Users/raulm/Desktop/Facultate/Master/Anul 1/Sem1/SDTR/RISCV-RTDS/work/RISCV-RTDS/RISCV-RTDS.gen/sources_1/bd/RV_RTDS/ip/RV_RTDS_xlslice_0_2/synth/RV_RTDS_xlslice_0_2.v:53]
INFO: [Synth 8-6155] done synthesizing module 'RV_RTDS' (0#1) [c:/Users/raulm/Desktop/Facultate/Master/Anul 1/Sem1/SDTR/RISCV-RTDS/work/RISCV-RTDS/RISCV-RTDS.gen/sources_1/bd/RV_RTDS/synth/RV_RTDS.v:13]
INFO: [Synth 8-6155] done synthesizing module 'RV_RTDS_wrapper' (0#1) [C:/Users/raulm/Desktop/Facultate/Master/Anul 1/Sem1/SDTR/RISCV-RTDS/work/RISCV-RTDS/RISCV-RTDS.srcs/sources_1/imports/hdl/RV_RTDS_wrapper.v:13]
INFO: [Synth 8-6155] done synthesizing module 'rv_rtds_top' (0#1) [C:/Users/raulm/Desktop/Facultate/Master/Anul 1/Sem1/SDTR/RISCV-RTDS/src/top/rv_rtds_top.v:13]
WARNING: [Synth 8-6014] Unused sequential element ctrl_reg[rf_rs1] was removed.  [C:/Users/raulm/Desktop/Facultate/Master/Anul 1/Sem1/SDTR/RISCV-RTDS/src/neorv32/rtl/core/neorv32_cpu_control.vhd:436]
WARNING: [Synth 8-6014] Unused sequential element ctrl_reg[rf_rs2] was removed.  [C:/Users/raulm/Desktop/Facultate/Master/Anul 1/Sem1/SDTR/RISCV-RTDS/src/neorv32/rtl/core/neorv32_cpu_control.vhd:436]
WARNING: [Synth 8-6014] Unused sequential element ctrl_reg[rf_rs3] was removed.  [C:/Users/raulm/Desktop/Facultate/Master/Anul 1/Sem1/SDTR/RISCV-RTDS/src/neorv32/rtl/core/neorv32_cpu_control.vhd:436]
WARNING: [Synth 8-6014] Unused sequential element ctrl_reg[rf_rd] was removed.  [C:/Users/raulm/Desktop/Facultate/Master/Anul 1/Sem1/SDTR/RISCV-RTDS/src/neorv32/rtl/core/neorv32_cpu_control.vhd:436]
WARNING: [Synth 8-6014] Unused sequential element ctrl_reg[lsu_mo_we] was removed.  [C:/Users/raulm/Desktop/Facultate/Master/Anul 1/Sem1/SDTR/RISCV-RTDS/src/neorv32/rtl/core/neorv32_cpu_control.vhd:436]
WARNING: [Synth 8-6014] Unused sequential element ctrl_reg[lsu_priv] was removed.  [C:/Users/raulm/Desktop/Facultate/Master/Anul 1/Sem1/SDTR/RISCV-RTDS/src/neorv32/rtl/core/neorv32_cpu_control.vhd:436]
WARNING: [Synth 8-6014] Unused sequential element ctrl_reg[ir_funct3] was removed.  [C:/Users/raulm/Desktop/Facultate/Master/Anul 1/Sem1/SDTR/RISCV-RTDS/src/neorv32/rtl/core/neorv32_cpu_control.vhd:436]
WARNING: [Synth 8-6014] Unused sequential element ctrl_reg[ir_funct12] was removed.  [C:/Users/raulm/Desktop/Facultate/Master/Anul 1/Sem1/SDTR/RISCV-RTDS/src/neorv32/rtl/core/neorv32_cpu_control.vhd:436]
WARNING: [Synth 8-6014] Unused sequential element ctrl_reg[ir_opcode] was removed.  [C:/Users/raulm/Desktop/Facultate/Master/Anul 1/Sem1/SDTR/RISCV-RTDS/src/neorv32/rtl/core/neorv32_cpu_control.vhd:436]
WARNING: [Synth 8-6014] Unused sequential element ctrl_reg[cpu_sleep] was removed.  [C:/Users/raulm/Desktop/Facultate/Master/Anul 1/Sem1/SDTR/RISCV-RTDS/src/neorv32/rtl/core/neorv32_cpu_control.vhd:436]
WARNING: [Synth 8-6014] Unused sequential element ctrl_reg[cpu_trap] was removed.  [C:/Users/raulm/Desktop/Facultate/Master/Anul 1/Sem1/SDTR/RISCV-RTDS/src/neorv32/rtl/core/neorv32_cpu_control.vhd:436]
WARNING: [Synth 8-6014] Unused sequential element ctrl_reg[cpu_debug] was removed.  [C:/Users/raulm/Desktop/Facultate/Master/Anul 1/Sem1/SDTR/RISCV-RTDS/src/neorv32/rtl/core/neorv32_cpu_control.vhd:436]
WARNING: [Synth 8-6014] Unused sequential element csr_reg[mcounteren] was removed.  [C:/Users/raulm/Desktop/Facultate/Master/Anul 1/Sem1/SDTR/RISCV-RTDS/src/neorv32/rtl/core/neorv32_cpu_control.vhd:1627]
WARNING: [Synth 8-6014] Unused sequential element csr_reg[dcsr_ebreaku] was removed.  [C:/Users/raulm/Desktop/Facultate/Master/Anul 1/Sem1/SDTR/RISCV-RTDS/src/neorv32/rtl/core/neorv32_cpu_control.vhd:1627]
WARNING: [Synth 8-6014] Unused sequential element csr_reg[dpc] was removed.  [C:/Users/raulm/Desktop/Facultate/Master/Anul 1/Sem1/SDTR/RISCV-RTDS/src/neorv32/rtl/core/neorv32_cpu_control.vhd:1627]
WARNING: [Synth 8-6014] Unused sequential element csr_reg[dscratch0] was removed.  [C:/Users/raulm/Desktop/Facultate/Master/Anul 1/Sem1/SDTR/RISCV-RTDS/src/neorv32/rtl/core/neorv32_cpu_control.vhd:1627]
WARNING: [Synth 8-6014] Unused sequential element csr_reg[tdata1_exe] was removed.  [C:/Users/raulm/Desktop/Facultate/Master/Anul 1/Sem1/SDTR/RISCV-RTDS/src/neorv32/rtl/core/neorv32_cpu_control.vhd:1627]
WARNING: [Synth 8-6014] Unused sequential element csr_reg[tdata1_action] was removed.  [C:/Users/raulm/Desktop/Facultate/Master/Anul 1/Sem1/SDTR/RISCV-RTDS/src/neorv32/rtl/core/neorv32_cpu_control.vhd:1627]
WARNING: [Synth 8-6014] Unused sequential element csr_reg[tdata1_dmode] was removed.  [C:/Users/raulm/Desktop/Facultate/Master/Anul 1/Sem1/SDTR/RISCV-RTDS/src/neorv32/rtl/core/neorv32_cpu_control.vhd:1627]
WARNING: [Synth 8-6014] Unused sequential element csr_reg[tdata2] was removed.  [C:/Users/raulm/Desktop/Facultate/Master/Anul 1/Sem1/SDTR/RISCV-RTDS/src/neorv32/rtl/core/neorv32_cpu_control.vhd:1627]
WARNING: [Synth 8-6014] Unused sequential element cpu_counter_gen[1].cnt_reg[lo][1] was removed.  [C:/Users/raulm/Desktop/Facultate/Master/Anul 1/Sem1/SDTR/RISCV-RTDS/src/neorv32/rtl/core/neorv32_cpu_control.vhd:2139]
WARNING: [Synth 8-6014] Unused sequential element cpu_counter_gen[1].cnt_reg[hi][1] was removed.  [C:/Users/raulm/Desktop/Facultate/Master/Anul 1/Sem1/SDTR/RISCV-RTDS/src/neorv32/rtl/core/neorv32_cpu_control.vhd:2139]
WARNING: [Synth 8-6014] Unused sequential element cpu_counter_gen[1].cnt_reg[ovf][1] was removed.  [C:/Users/raulm/Desktop/Facultate/Master/Anul 1/Sem1/SDTR/RISCV-RTDS/src/neorv32/rtl/core/neorv32_cpu_control.vhd:2139]
WARNING: [Synth 8-6014] Unused sequential element debug_ctrl_reg[ext_halt_req] was removed.  [C:/Users/raulm/Desktop/Facultate/Master/Anul 1/Sem1/SDTR/RISCV-RTDS/src/neorv32/rtl/core/neorv32_cpu_control.vhd:2251]
WARNING: [Synth 8-3936] Found unconnected internal register 'cnt_reg[inc]' and it is trimmed from '16' to '3' bits. [C:/Users/raulm/Desktop/Facultate/Master/Anul 1/Sem1/SDTR/RISCV-RTDS/src/neorv32/rtl/core/neorv32_cpu_control.vhd:2249]
WARNING: [Synth 8-6014] Unused sequential element rs4_o_reg was removed.  [C:/Users/raulm/Desktop/Facultate/Master/Anul 1/Sem1/SDTR/RISCV-RTDS/src/neorv32/rtl/core/neorv32_cpu_regfile.vhd:148]
WARNING: [Synth 8-6014] Unused sequential element ctrl_reg[state_ff] was removed.  [C:/Users/raulm/Desktop/Facultate/Master/Anul 1/Sem1/SDTR/RISCV-RTDS/src/neorv32/rtl/core/neorv32_wishbone.vhd:141]
WARNING: [Synth 8-6014] Unused sequential element ctrl_reg[timeout] was removed.  [C:/Users/raulm/Desktop/Facultate/Master/Anul 1/Sem1/SDTR/RISCV-RTDS/src/neorv32/rtl/core/neorv32_wishbone.vhd:141]
WARNING: [Synth 8-6014] Unused sequential element tx_engine_reg[done] was removed.  [C:/Users/raulm/Desktop/Facultate/Master/Anul 1/Sem1/SDTR/RISCV-RTDS/src/neorv32/rtl/core/neorv32_uart.vhd:362]
WARNING: [Synth 8-6014] Unused sequential element tx_engine_reg[done] was removed.  [C:/Users/raulm/Desktop/Facultate/Master/Anul 1/Sem1/SDTR/RISCV-RTDS/src/neorv32/rtl/core/neorv32_uart.vhd:362]
WARNING: [Synth 8-6014] Unused sequential element serial_reg[done] was removed.  [C:/Users/raulm/Desktop/Facultate/Master/Anul 1/Sem1/SDTR/RISCV-RTDS/src/neorv32/rtl/core/neorv32_neoled.vhd:273]
WARNING: [Synth 8-3848] Net sdi_dat_o in module/entity neorv32_SystemTop_axi4lite does not have driver. [C:/Users/raulm/Desktop/Facultate/Master/Anul 1/Sem1/SDTR/RISCV-RTDS/src/neorv32/rtl/system_integration/neorv32_SystemTop_axi4lite.vhd:210]
WARNING: [Synth 8-3848] Net m_axi_aclk in module/entity rv_rtds_top does not have driver. [C:/Users/raulm/Desktop/Facultate/Master/Anul 1/Sem1/SDTR/RISCV-RTDS/src/top/rv_rtds_top.v:142]
WARNING: [Synth 8-3848] Net m_axi_aresetn in module/entity rv_rtds_top does not have driver. [C:/Users/raulm/Desktop/Facultate/Master/Anul 1/Sem1/SDTR/RISCV-RTDS/src/top/rv_rtds_top.v:143]
WARNING: [Synth 8-3848] Net m_axi_awready in module/entity rv_rtds_top does not have driver. [C:/Users/raulm/Desktop/Facultate/Master/Anul 1/Sem1/SDTR/RISCV-RTDS/src/top/rv_rtds_top.v:148]
WARNING: [Synth 8-3848] Net m_axi_wready in module/entity rv_rtds_top does not have driver. [C:/Users/raulm/Desktop/Facultate/Master/Anul 1/Sem1/SDTR/RISCV-RTDS/src/top/rv_rtds_top.v:153]
WARNING: [Synth 8-3848] Net m_axi_arready in module/entity rv_rtds_top does not have driver. [C:/Users/raulm/Desktop/Facultate/Master/Anul 1/Sem1/SDTR/RISCV-RTDS/src/top/rv_rtds_top.v:158]
WARNING: [Synth 8-3848] Net m_axi_rdata in module/entity rv_rtds_top does not have driver. [C:/Users/raulm/Desktop/Facultate/Master/Anul 1/Sem1/SDTR/RISCV-RTDS/src/top/rv_rtds_top.v:160]
WARNING: [Synth 8-3848] Net m_axi_rresp in module/entity rv_rtds_top does not have driver. [C:/Users/raulm/Desktop/Facultate/Master/Anul 1/Sem1/SDTR/RISCV-RTDS/src/top/rv_rtds_top.v:161]
WARNING: [Synth 8-3848] Net m_axi_rvalid in module/entity rv_rtds_top does not have driver. [C:/Users/raulm/Desktop/Facultate/Master/Anul 1/Sem1/SDTR/RISCV-RTDS/src/top/rv_rtds_top.v:162]
WARNING: [Synth 8-3848] Net m_axi_bresp in module/entity rv_rtds_top does not have driver. [C:/Users/raulm/Desktop/Facultate/Master/Anul 1/Sem1/SDTR/RISCV-RTDS/src/top/rv_rtds_top.v:165]
WARNING: [Synth 8-3848] Net m_axi_bvalid in module/entity rv_rtds_top does not have driver. [C:/Users/raulm/Desktop/Facultate/Master/Anul 1/Sem1/SDTR/RISCV-RTDS/src/top/rv_rtds_top.v:166]
WARNING: [Synth 8-3848] Net jtag_trst_i in module/entity rv_rtds_top does not have driver. [C:/Users/raulm/Desktop/Facultate/Master/Anul 1/Sem1/SDTR/RISCV-RTDS/src/top/rv_rtds_top.v:171]
WARNING: [Synth 8-3848] Net jtag_tck_i in module/entity rv_rtds_top does not have driver. [C:/Users/raulm/Desktop/Facultate/Master/Anul 1/Sem1/SDTR/RISCV-RTDS/src/top/rv_rtds_top.v:172]
WARNING: [Synth 8-3848] Net jtag_tdi_i in module/entity rv_rtds_top does not have driver. [C:/Users/raulm/Desktop/Facultate/Master/Anul 1/Sem1/SDTR/RISCV-RTDS/src/top/rv_rtds_top.v:173]
WARNING: [Synth 8-3848] Net jtag_tms_i in module/entity rv_rtds_top does not have driver. [C:/Users/raulm/Desktop/Facultate/Master/Anul 1/Sem1/SDTR/RISCV-RTDS/src/top/rv_rtds_top.v:175]
WARNING: [Synth 8-3848] Net xip_dat_i in module/entity rv_rtds_top does not have driver. [C:/Users/raulm/Desktop/Facultate/Master/Anul 1/Sem1/SDTR/RISCV-RTDS/src/top/rv_rtds_top.v:182]
WARNING: [Synth 8-3848] Net twi_sda_i in module/entity rv_rtds_top does not have driver. [C:/Users/raulm/Desktop/Facultate/Master/Anul 1/Sem1/SDTR/RISCV-RTDS/src/top/rv_rtds_top.v:185]
WARNING: [Synth 8-3848] Net twi_scl_i in module/entity rv_rtds_top does not have driver. [C:/Users/raulm/Desktop/Facultate/Master/Anul 1/Sem1/SDTR/RISCV-RTDS/src/top/rv_rtds_top.v:187]
WARNING: [Synth 8-3848] Net onewire_i in module/entity rv_rtds_top does not have driver. [C:/Users/raulm/Desktop/Facultate/Master/Anul 1/Sem1/SDTR/RISCV-RTDS/src/top/rv_rtds_top.v:368]
WARNING: [Synth 8-3848] Net cfs_in_i in module/entity rv_rtds_top does not have driver. [C:/Users/raulm/Desktop/Facultate/Master/Anul 1/Sem1/SDTR/RISCV-RTDS/src/top/rv_rtds_top.v:190]
WARNING: [Synth 8-3848] Net xirq_i in module/entity rv_rtds_top does not have driver. [C:/Users/raulm/Desktop/Facultate/Master/Anul 1/Sem1/SDTR/RISCV-RTDS/src/top/rv_rtds_top.v:193]
WARNING: [Synth 8-3848] Net mtime_irq_i in module/entity rv_rtds_top does not have driver. [C:/Users/raulm/Desktop/Facultate/Master/Anul 1/Sem1/SDTR/RISCV-RTDS/src/top/rv_rtds_top.v:195]
WARNING: [Synth 8-3848] Net msw_irq_i in module/entity rv_rtds_top does not have driver. [C:/Users/raulm/Desktop/Facultate/Master/Anul 1/Sem1/SDTR/RISCV-RTDS/src/top/rv_rtds_top.v:196]
WARNING: [Synth 8-3848] Net mext_irq_i in module/entity rv_rtds_top does not have driver. [C:/Users/raulm/Desktop/Facultate/Master/Anul 1/Sem1/SDTR/RISCV-RTDS/src/top/rv_rtds_top.v:197]
WARNING: [Synth 8-7129] Port Din[31] in module xlslice_v1_0_3_xlslice__parameterized1 is either unconnected or has no load
WARNING: [Synth 8-7129] Port Din[30] in module xlslice_v1_0_3_xlslice__parameterized1 is either unconnected or has no load
WARNING: [Synth 8-7129] Port Din[29] in module xlslice_v1_0_3_xlslice__parameterized1 is either unconnected or has no load
WARNING: [Synth 8-7129] Port Din[28] in module xlslice_v1_0_3_xlslice__parameterized1 is either unconnected or has no load
WARNING: [Synth 8-7129] Port Din[27] in module xlslice_v1_0_3_xlslice__parameterized1 is either unconnected or has no load
WARNING: [Synth 8-7129] Port Din[26] in module xlslice_v1_0_3_xlslice__parameterized1 is either unconnected or has no load
WARNING: [Synth 8-7129] Port Din[25] in module xlslice_v1_0_3_xlslice__parameterized1 is either unconnected or has no load
WARNING: [Synth 8-7129] Port Din[24] in module xlslice_v1_0_3_xlslice__parameterized1 is either unconnected or has no load
WARNING: [Synth 8-7129] Port Din[23] in module xlslice_v1_0_3_xlslice__parameterized1 is either unconnected or has no load
WARNING: [Synth 8-7129] Port Din[22] in module xlslice_v1_0_3_xlslice__parameterized1 is either unconnected or has no load
WARNING: [Synth 8-7129] Port Din[21] in module xlslice_v1_0_3_xlslice__parameterized1 is either unconnected or has no load
WARNING: [Synth 8-7129] Port Din[20] in module xlslice_v1_0_3_xlslice__parameterized1 is either unconnected or has no load
WARNING: [Synth 8-7129] Port Din[19] in module xlslice_v1_0_3_xlslice__parameterized1 is either unconnected or has no load
WARNING: [Synth 8-7129] Port Din[18] in module xlslice_v1_0_3_xlslice__parameterized1 is either unconnected or has no load
WARNING: [Synth 8-7129] Port Din[17] in module xlslice_v1_0_3_xlslice__parameterized1 is either unconnected or has no load
WARNING: [Synth 8-7129] Port Din[16] in module xlslice_v1_0_3_xlslice__parameterized1 is either unconnected or has no load
WARNING: [Synth 8-7129] Port Din[15] in module xlslice_v1_0_3_xlslice__parameterized1 is either unconnected or has no load
WARNING: [Synth 8-7129] Port Din[14] in module xlslice_v1_0_3_xlslice__parameterized1 is either unconnected or has no load
WARNING: [Synth 8-7129] Port Din[13] in module xlslice_v1_0_3_xlslice__parameterized1 is either unconnected or has no load
WARNING: [Synth 8-7129] Port Din[12] in module xlslice_v1_0_3_xlslice__parameterized1 is either unconnected or has no load
WARNING: [Synth 8-7129] Port Din[11] in module xlslice_v1_0_3_xlslice__parameterized1 is either unconnected or has no load
WARNING: [Synth 8-7129] Port Din[10] in module xlslice_v1_0_3_xlslice__parameterized1 is either unconnected or has no load
WARNING: [Synth 8-7129] Port Din[9] in module xlslice_v1_0_3_xlslice__parameterized1 is either unconnected or has no load
WARNING: [Synth 8-7129] Port Din[8] in module xlslice_v1_0_3_xlslice__parameterized1 is either unconnected or has no load
WARNING: [Synth 8-7129] Port Din[7] in module xlslice_v1_0_3_xlslice__parameterized1 is either unconnected or has no load
WARNING: [Synth 8-7129] Port Din[6] in module xlslice_v1_0_3_xlslice__parameterized1 is either unconnected or has no load
WARNING: [Synth 8-7129] Port Din[5] in module xlslice_v1_0_3_xlslice__parameterized1 is either unconnected or has no load
WARNING: [Synth 8-7129] Port Din[4] in module xlslice_v1_0_3_xlslice__parameterized1 is either unconnected or has no load
WARNING: [Synth 8-7129] Port Din[3] in module xlslice_v1_0_3_xlslice__parameterized1 is either unconnected or has no load
WARNING: [Synth 8-7129] Port Din[2] in module xlslice_v1_0_3_xlslice__parameterized1 is either unconnected or has no load
WARNING: [Synth 8-7129] Port Din[1] in module xlslice_v1_0_3_xlslice__parameterized1 is either unconnected or has no load
WARNING: [Synth 8-7129] Port Din[7] in module xlslice_v1_0_3_xlslice__parameterized0 is either unconnected or has no load
WARNING: [Synth 8-7129] Port Din[6] in module xlslice_v1_0_3_xlslice__parameterized0 is either unconnected or has no load
WARNING: [Synth 8-7129] Port Din[5] in module xlslice_v1_0_3_xlslice__parameterized0 is either unconnected or has no load
WARNING: [Synth 8-7129] Port Din[4] in module xlslice_v1_0_3_xlslice__parameterized0 is either unconnected or has no load
WARNING: [Synth 8-7129] Port Din[3] in module xlslice_v1_0_3_xlslice__parameterized0 is either unconnected or has no load
WARNING: [Synth 8-7129] Port Din[2] in module xlslice_v1_0_3_xlslice__parameterized0 is either unconnected or has no load
WARNING: [Synth 8-7129] Port Din[1] in module xlslice_v1_0_3_xlslice__parameterized0 is either unconnected or has no load
WARNING: [Synth 8-7129] Port In2[0] in module xlconcat_v2_1_5_xlconcat is either unconnected or has no load
WARNING: [Synth 8-7129] Port In3[0] in module xlconcat_v2_1_5_xlconcat is either unconnected or has no load
WARNING: [Synth 8-7129] Port In4[0] in module xlconcat_v2_1_5_xlconcat is either unconnected or has no load
WARNING: [Synth 8-7129] Port In5[0] in module xlconcat_v2_1_5_xlconcat is either unconnected or has no load
WARNING: [Synth 8-7129] Port In6[0] in module xlconcat_v2_1_5_xlconcat is either unconnected or has no load
WARNING: [Synth 8-7129] Port In7[0] in module xlconcat_v2_1_5_xlconcat is either unconnected or has no load
WARNING: [Synth 8-7129] Port In8[0] in module xlconcat_v2_1_5_xlconcat is either unconnected or has no load
WARNING: [Synth 8-7129] Port In9[0] in module xlconcat_v2_1_5_xlconcat is either unconnected or has no load
WARNING: [Synth 8-7129] Port In10[0] in module xlconcat_v2_1_5_xlconcat is either unconnected or has no load
WARNING: [Synth 8-7129] Port In11[0] in module xlconcat_v2_1_5_xlconcat is either unconnected or has no load
WARNING: [Synth 8-7129] Port In12[0] in module xlconcat_v2_1_5_xlconcat is either unconnected or has no load
WARNING: [Synth 8-7129] Port In13[0] in module xlconcat_v2_1_5_xlconcat is either unconnected or has no load
WARNING: [Synth 8-7129] Port In14[0] in module xlconcat_v2_1_5_xlconcat is either unconnected or has no load
WARNING: [Synth 8-7129] Port In15[0] in module xlconcat_v2_1_5_xlconcat is either unconnected or has no load
WARNING: [Synth 8-7129] Port In16[0] in module xlconcat_v2_1_5_xlconcat is either unconnected or has no load
WARNING: [Synth 8-7129] Port In17[0] in module xlconcat_v2_1_5_xlconcat is either unconnected or has no load
WARNING: [Synth 8-7129] Port In18[0] in module xlconcat_v2_1_5_xlconcat is either unconnected or has no load
WARNING: [Synth 8-7129] Port In19[0] in module xlconcat_v2_1_5_xlconcat is either unconnected or has no load
WARNING: [Synth 8-7129] Port In20[0] in module xlconcat_v2_1_5_xlconcat is either unconnected or has no load
WARNING: [Synth 8-7129] Port In21[0] in module xlconcat_v2_1_5_xlconcat is either unconnected or has no load
WARNING: [Synth 8-7129] Port In22[0] in module xlconcat_v2_1_5_xlconcat is either unconnected or has no load
WARNING: [Synth 8-7129] Port In23[0] in module xlconcat_v2_1_5_xlconcat is either unconnected or has no load
WARNING: [Synth 8-7129] Port In24[0] in module xlconcat_v2_1_5_xlconcat is either unconnected or has no load
WARNING: [Synth 8-7129] Port In25[0] in module xlconcat_v2_1_5_xlconcat is either unconnected or has no load
WARNING: [Synth 8-7129] Port In26[0] in module xlconcat_v2_1_5_xlconcat is either unconnected or has no load
WARNING: [Synth 8-7129] Port In27[0] in module xlconcat_v2_1_5_xlconcat is either unconnected or has no load
WARNING: [Synth 8-7129] Port In28[0] in module xlconcat_v2_1_5_xlconcat is either unconnected or has no load
WARNING: [Synth 8-7129] Port In29[0] in module xlconcat_v2_1_5_xlconcat is either unconnected or has no load
WARNING: [Synth 8-7129] Port In30[0] in module xlconcat_v2_1_5_xlconcat is either unconnected or has no load
WARNING: [Synth 8-7129] Port In31[0] in module xlconcat_v2_1_5_xlconcat is either unconnected or has no load
WARNING: [Synth 8-7129] Port In32[0] in module xlconcat_v2_1_5_xlconcat is either unconnected or has no load
WARNING: [Synth 8-7129] Port In33[0] in module xlconcat_v2_1_5_xlconcat is either unconnected or has no load
WARNING: [Synth 8-7129] Port In34[0] in module xlconcat_v2_1_5_xlconcat is either unconnected or has no load
WARNING: [Synth 8-7129] Port In35[0] in module xlconcat_v2_1_5_xlconcat is either unconnected or has no load
WARNING: [Synth 8-7129] Port In36[0] in module xlconcat_v2_1_5_xlconcat is either unconnected or has no load
WARNING: [Synth 8-7129] Port In37[0] in module xlconcat_v2_1_5_xlconcat is either unconnected or has no load
WARNING: [Synth 8-7129] Port In38[0] in module xlconcat_v2_1_5_xlconcat is either unconnected or has no load
WARNING: [Synth 8-7129] Port In39[0] in module xlconcat_v2_1_5_xlconcat is either unconnected or has no load
WARNING: [Synth 8-7129] Port In40[0] in module xlconcat_v2_1_5_xlconcat is either unconnected or has no load
WARNING: [Synth 8-7129] Port In41[0] in module xlconcat_v2_1_5_xlconcat is either unconnected or has no load
WARNING: [Synth 8-7129] Port In42[0] in module xlconcat_v2_1_5_xlconcat is either unconnected or has no load
WARNING: [Synth 8-7129] Port In43[0] in module xlconcat_v2_1_5_xlconcat is either unconnected or has no load
WARNING: [Synth 8-7129] Port In44[0] in module xlconcat_v2_1_5_xlconcat is either unconnected or has no load
WARNING: [Synth 8-7129] Port In45[0] in module xlconcat_v2_1_5_xlconcat is either unconnected or has no load
WARNING: [Synth 8-7129] Port In46[0] in module xlconcat_v2_1_5_xlconcat is either unconnected or has no load
WARNING: [Synth 8-7129] Port In47[0] in module xlconcat_v2_1_5_xlconcat is either unconnected or has no load
WARNING: [Synth 8-7129] Port In48[0] in module xlconcat_v2_1_5_xlconcat is either unconnected or has no load
WARNING: [Synth 8-7129] Port In49[0] in module xlconcat_v2_1_5_xlconcat is either unconnected or has no load
WARNING: [Synth 8-7129] Port In50[0] in module xlconcat_v2_1_5_xlconcat is either unconnected or has no load
WARNING: [Synth 8-7129] Port In51[0] in module xlconcat_v2_1_5_xlconcat is either unconnected or has no load
WARNING: [Synth 8-7129] Port In52[0] in module xlconcat_v2_1_5_xlconcat is either unconnected or has no load
WARNING: [Synth 8-7129] Port In53[0] in module xlconcat_v2_1_5_xlconcat is either unconnected or has no load
WARNING: [Synth 8-7129] Port In54[0] in module xlconcat_v2_1_5_xlconcat is either unconnected or has no load
WARNING: [Synth 8-7129] Port In55[0] in module xlconcat_v2_1_5_xlconcat is either unconnected or has no load
WARNING: [Synth 8-7129] Port In56[0] in module xlconcat_v2_1_5_xlconcat is either unconnected or has no load
WARNING: [Synth 8-7129] Port In57[0] in module xlconcat_v2_1_5_xlconcat is either unconnected or has no load
WARNING: [Synth 8-7129] Port In58[0] in module xlconcat_v2_1_5_xlconcat is either unconnected or has no load
WARNING: [Synth 8-7129] Port In59[0] in module xlconcat_v2_1_5_xlconcat is either unconnected or has no load
WARNING: [Synth 8-7129] Port In60[0] in module xlconcat_v2_1_5_xlconcat is either unconnected or has no load
WARNING: [Synth 8-7129] Port In61[0] in module xlconcat_v2_1_5_xlconcat is either unconnected or has no load
WARNING: [Synth 8-7129] Port In62[0] in module xlconcat_v2_1_5_xlconcat is either unconnected or has no load
WARNING: [Synth 8-7129] Port In63[0] in module xlconcat_v2_1_5_xlconcat is either unconnected or has no load
INFO: [Common 17-14] Message 'Synth 8-7129' appears 100 times and further instances of the messages will be disabled. Use the Tcl command set_msg_config to change the current settings.
---------------------------------------------------------------------------------
Finished RTL Elaboration : Time (s): cpu = 00:00:15 ; elapsed = 00:00:15 . Memory (MB): peak = 1549.156 ; gain = 611.941
---------------------------------------------------------------------------------
CRITICAL WARNING: [Synth 8-6859] multi-driven net on pin onewire_o with 1st driver pin 'VCC' [C:/Users/raulm/Desktop/Facultate/Master/Anul 1/Sem1/SDTR/RISCV-RTDS/src/neorv32/rtl/core/neorv32_top.vhd:47]
CRITICAL WARNING: [Synth 8-6859] multi-driven net on pin onewire_o with 2nd driver pin 'RV_RTDS_wrapper_i/RV_RTDS_i/neorv32_integration_0/onewire_o' [c:/Users/raulm/Desktop/Facultate/Master/Anul 1/Sem1/SDTR/RISCV-RTDS/work/RISCV-RTDS/RISCV-RTDS.gen/sources_1/bd/RV_RTDS/synth/RV_RTDS.v:448]

Report Check Netlist: 
+------+------------------+-------+---------+-------+------------------+
|      |Item              |Errors |Warnings |Status |Description       |
+------+------------------+-------+---------+-------+------------------+
|1     |multi_driven_nets |      0|        1|Failed |Multi driven nets |
+------+------------------+-------+---------+-------+------------------+
---------------------------------------------------------------------------------
Start Handling Custom Attributes
---------------------------------------------------------------------------------
---------------------------------------------------------------------------------
Finished Handling Custom Attributes : Time (s): cpu = 00:00:15 ; elapsed = 00:00:15 . Memory (MB): peak = 1549.156 ; gain = 611.941
---------------------------------------------------------------------------------
---------------------------------------------------------------------------------
Finished RTL Optimization Phase 1 : Time (s): cpu = 00:00:15 ; elapsed = 00:00:15 . Memory (MB): peak = 1549.156 ; gain = 611.941
---------------------------------------------------------------------------------
Netlist sorting complete. Time (s): cpu = 00:00:01 ; elapsed = 00:00:00.238 . Memory (MB): peak = 1549.156 ; gain = 0.000
INFO: [Project 1-570] Preparing netlist for logic optimization

Processing XDC Constraints
Initializing timing engine
Parsing XDC File [c:/Users/raulm/Desktop/Facultate/Master/Anul 1/Sem1/SDTR/RISCV-RTDS/work/RISCV-RTDS/RISCV-RTDS.gen/sources_1/bd/RV_RTDS/ip/RV_RTDS_xbar_0/RV_RTDS_xbar_0/RV_RTDS_xbar_0_in_context.xdc] for cell 'RV_RTDS_wrapper_i/RV_RTDS_i/axi_interconnect_0/xbar'
Finished Parsing XDC File [c:/Users/raulm/Desktop/Facultate/Master/Anul 1/Sem1/SDTR/RISCV-RTDS/work/RISCV-RTDS/RISCV-RTDS.gen/sources_1/bd/RV_RTDS/ip/RV_RTDS_xbar_0/RV_RTDS_xbar_0/RV_RTDS_xbar_0_in_context.xdc] for cell 'RV_RTDS_wrapper_i/RV_RTDS_i/axi_interconnect_0/xbar'
Parsing XDC File [c:/Users/raulm/Desktop/Facultate/Master/Anul 1/Sem1/SDTR/RISCV-RTDS/work/RISCV-RTDS/RISCV-RTDS.gen/sources_1/bd/RV_RTDS/ip/RV_RTDS_auto_pc_0/RV_RTDS_auto_pc_0/RV_RTDS_auto_pc_0_in_context.xdc] for cell 'RV_RTDS_wrapper_i/RV_RTDS_i/axi_interconnect_0/s00_couplers/auto_pc'
Finished Parsing XDC File [c:/Users/raulm/Desktop/Facultate/Master/Anul 1/Sem1/SDTR/RISCV-RTDS/work/RISCV-RTDS/RISCV-RTDS.gen/sources_1/bd/RV_RTDS/ip/RV_RTDS_auto_pc_0/RV_RTDS_auto_pc_0/RV_RTDS_auto_pc_0_in_context.xdc] for cell 'RV_RTDS_wrapper_i/RV_RTDS_i/axi_interconnect_0/s00_couplers/auto_pc'
Parsing XDC File [c:/Users/raulm/Desktop/Facultate/Master/Anul 1/Sem1/SDTR/RISCV-RTDS/work/RISCV-RTDS/RISCV-RTDS.gen/sources_1/bd/RV_RTDS/ip/RV_RTDS_axi_bram_ctrl_0_0/RV_RTDS_axi_bram_ctrl_0_0/RV_RTDS_axi_bram_ctrl_0_0_in_context.xdc] for cell 'RV_RTDS_wrapper_i/RV_RTDS_i/axi_bram_ctrl_0'
Finished Parsing XDC File [c:/Users/raulm/Desktop/Facultate/Master/Anul 1/Sem1/SDTR/RISCV-RTDS/work/RISCV-RTDS/RISCV-RTDS.gen/sources_1/bd/RV_RTDS/ip/RV_RTDS_axi_bram_ctrl_0_0/RV_RTDS_axi_bram_ctrl_0_0/RV_RTDS_axi_bram_ctrl_0_0_in_context.xdc] for cell 'RV_RTDS_wrapper_i/RV_RTDS_i/axi_bram_ctrl_0'
Parsing XDC File [c:/Users/raulm/Desktop/Facultate/Master/Anul 1/Sem1/SDTR/RISCV-RTDS/work/RISCV-RTDS/RISCV-RTDS.gen/sources_1/bd/RV_RTDS/ip/RV_RTDS_axi_bram_ctrl_0_1/RV_RTDS_axi_bram_ctrl_0_1/RV_RTDS_axi_bram_ctrl_0_0_in_context.xdc] for cell 'RV_RTDS_wrapper_i/RV_RTDS_i/axi_bram_ctrl_1'
Finished Parsing XDC File [c:/Users/raulm/Desktop/Facultate/Master/Anul 1/Sem1/SDTR/RISCV-RTDS/work/RISCV-RTDS/RISCV-RTDS.gen/sources_1/bd/RV_RTDS/ip/RV_RTDS_axi_bram_ctrl_0_1/RV_RTDS_axi_bram_ctrl_0_1/RV_RTDS_axi_bram_ctrl_0_0_in_context.xdc] for cell 'RV_RTDS_wrapper_i/RV_RTDS_i/axi_bram_ctrl_1'
Parsing XDC File [c:/Users/raulm/Desktop/Facultate/Master/Anul 1/Sem1/SDTR/RISCV-RTDS/work/RISCV-RTDS/RISCV-RTDS.gen/sources_1/bd/RV_RTDS/ip/RV_RTDS_blk_mem_gen_0_0/RV_RTDS_blk_mem_gen_0_0/RV_RTDS_blk_mem_gen_0_0_in_context.xdc] for cell 'RV_RTDS_wrapper_i/RV_RTDS_i/blk_mem_gen_0'
Finished Parsing XDC File [c:/Users/raulm/Desktop/Facultate/Master/Anul 1/Sem1/SDTR/RISCV-RTDS/work/RISCV-RTDS/RISCV-RTDS.gen/sources_1/bd/RV_RTDS/ip/RV_RTDS_blk_mem_gen_0_0/RV_RTDS_blk_mem_gen_0_0/RV_RTDS_blk_mem_gen_0_0_in_context.xdc] for cell 'RV_RTDS_wrapper_i/RV_RTDS_i/blk_mem_gen_0'
Parsing XDC File [c:/Users/raulm/Desktop/Facultate/Master/Anul 1/Sem1/SDTR/RISCV-RTDS/work/RISCV-RTDS/RISCV-RTDS.gen/sources_1/bd/RV_RTDS/ip/RV_RTDS_blk_mem_gen_0_1/RV_RTDS_blk_mem_gen_0_1/RV_RTDS_blk_mem_gen_0_0_in_context.xdc] for cell 'RV_RTDS_wrapper_i/RV_RTDS_i/blk_mem_gen_1'
Finished Parsing XDC File [c:/Users/raulm/Desktop/Facultate/Master/Anul 1/Sem1/SDTR/RISCV-RTDS/work/RISCV-RTDS/RISCV-RTDS.gen/sources_1/bd/RV_RTDS/ip/RV_RTDS_blk_mem_gen_0_1/RV_RTDS_blk_mem_gen_0_1/RV_RTDS_blk_mem_gen_0_0_in_context.xdc] for cell 'RV_RTDS_wrapper_i/RV_RTDS_i/blk_mem_gen_1'
Parsing XDC File [c:/Users/raulm/Desktop/Facultate/Master/Anul 1/Sem1/SDTR/RISCV-RTDS/work/RISCV-RTDS/RISCV-RTDS.gen/sources_1/bd/RV_RTDS/ip/RV_RTDS_clk_wiz_0_0/RV_RTDS_clk_wiz_0_0/RV_RTDS_clk_wiz_0_0_in_context.xdc] for cell 'RV_RTDS_wrapper_i/RV_RTDS_i/clk_wiz_0'
Finished Parsing XDC File [c:/Users/raulm/Desktop/Facultate/Master/Anul 1/Sem1/SDTR/RISCV-RTDS/work/RISCV-RTDS/RISCV-RTDS.gen/sources_1/bd/RV_RTDS/ip/RV_RTDS_clk_wiz_0_0/RV_RTDS_clk_wiz_0_0/RV_RTDS_clk_wiz_0_0_in_context.xdc] for cell 'RV_RTDS_wrapper_i/RV_RTDS_i/clk_wiz_0'
Parsing XDC File [c:/Users/raulm/Desktop/Facultate/Master/Anul 1/Sem1/SDTR/RISCV-RTDS/work/RISCV-RTDS/RISCV-RTDS.gen/sources_1/bd/RV_RTDS/ip/RV_RTDS_rst_clk_wiz_0_100M_0/RV_RTDS_rst_clk_wiz_0_100M_0/RV_RTDS_rst_clk_wiz_0_100M_0_in_context.xdc] for cell 'RV_RTDS_wrapper_i/RV_RTDS_i/rst_clk_wiz_0_100M'
Finished Parsing XDC File [c:/Users/raulm/Desktop/Facultate/Master/Anul 1/Sem1/SDTR/RISCV-RTDS/work/RISCV-RTDS/RISCV-RTDS.gen/sources_1/bd/RV_RTDS/ip/RV_RTDS_rst_clk_wiz_0_100M_0/RV_RTDS_rst_clk_wiz_0_100M_0/RV_RTDS_rst_clk_wiz_0_100M_0_in_context.xdc] for cell 'RV_RTDS_wrapper_i/RV_RTDS_i/rst_clk_wiz_0_100M'
Parsing XDC File [c:/Users/raulm/Desktop/Facultate/Master/Anul 1/Sem1/SDTR/RISCV-RTDS/work/RISCV-RTDS/RISCV-RTDS.gen/sources_1/bd/RV_RTDS/ip/RV_RTDS_neorv32_integration_0_4/RV_RTDS_neorv32_integration_0_4/RV_RTDS_neorv32_integration_0_4_in_context.xdc] for cell 'RV_RTDS_wrapper_i/RV_RTDS_i/neorv32_integration_0'
Finished Parsing XDC File [c:/Users/raulm/Desktop/Facultate/Master/Anul 1/Sem1/SDTR/RISCV-RTDS/work/RISCV-RTDS/RISCV-RTDS.gen/sources_1/bd/RV_RTDS/ip/RV_RTDS_neorv32_integration_0_4/RV_RTDS_neorv32_integration_0_4/RV_RTDS_neorv32_integration_0_4_in_context.xdc] for cell 'RV_RTDS_wrapper_i/RV_RTDS_i/neorv32_integration_0'
Parsing XDC File [C:/Users/raulm/Desktop/Facultate/Master/Anul 1/Sem1/SDTR/RISCV-RTDS/work/RISCV-RTDS/RISCV-RTDS.runs/synth_1/dont_touch.xdc]
Finished Parsing XDC File [C:/Users/raulm/Desktop/Facultate/Master/Anul 1/Sem1/SDTR/RISCV-RTDS/work/RISCV-RTDS/RISCV-RTDS.runs/synth_1/dont_touch.xdc]
Completed Processing XDC Constraints

Netlist sorting complete. Time (s): cpu = 00:00:00 ; elapsed = 00:00:00.003 . Memory (MB): peak = 1640.312 ; gain = 0.000
INFO: [Project 1-111] Unisim Transformation Summary:
No Unisim elements were transformed.

The system cannot find the path specified.
Constraint Validation Runtime : Time (s): cpu = 00:00:00 ; elapsed = 00:00:00.048 . Memory (MB): peak = 1640.312 ; gain = 0.000
WARNING: [Timing 38-316] Clock period '20.000' specified during out-of-context synthesis of instance 'RV_RTDS_wrapper_i/RV_RTDS_i/blk_mem_gen_0' at clock pin 'clka' is different from the actual clock period '10.000', this can lead to different synthesis results.
WARNING: [Timing 38-316] Clock period '20.000' specified during out-of-context synthesis of instance 'RV_RTDS_wrapper_i/RV_RTDS_i/blk_mem_gen_1' at clock pin 'clka' is different from the actual clock period '10.000', this can lead to different synthesis results.
