#-----------------------------------------------------------
# Vivado v2020.1 (64-bit)
# SW Build 2902540 on Wed May 27 19:54:49 MDT 2020
# IP Build 2902112 on Wed May 27 22:43:36 MDT 2020
# Start of session at: Tue Aug  4 22:33:25 2020
# Process ID: 3876
# Current directory: C:/Users/ACER/AppData/Roaming/Xilinx/Vivado
# Command line: vivado.exe -gui_launcher_event rodinguilauncherevent6592
# Log file: C:/Users/ACER/AppData/Roaming/Xilinx/Vivado/vivado.log
# Journal file: C:/Users/ACER/AppData/Roaming/Xilinx/Vivado\vivado.jou
#-----------------------------------------------------------
start_gui
open_project D:/Digitronix/Vitis_Beginner_Tutorial/vitis_beginner/vitis_beginner.xpr
INFO: [Project 1-313] Project file moved from 'D:/Digitronix/Vitis Beginner Tutorial/vitis_beginner' since last save.
Scanning sources...
Finished scanning sources
INFO: [IP_Flow 19-234] Refreshing IP repositories
INFO: [IP_Flow 19-1704] No user IP repositories specified
INFO: [IP_Flow 19-2313] Loaded Vivado IP repository 'C:/Xilinx/Vivado/2020.1/data/ip'.
open_project: Time (s): cpu = 00:00:38 ; elapsed = 00:00:15 . Memory (MB): peak = 1014.035 ; gain = 0.000
update_compile_order -fileset sources_1
archive_project D:/Digitronix/Vitis_Beginner_Tutorial/vitis_beginner_pynq_z1_v2020.1_Aug_4.xpr.zip -temp_dir C:/Users/ACER/AppData/Roaming/Xilinx/Vivado/.Xil/Vivado-3876-Nielfotech -force -include_local_ip_cache -include_config_settings
INFO: [Coretcl 2-137] starting archive...
INFO: [Coretcl 2-1499] Saving project copy to temporary location 'C:/Users/ACER/AppData/Roaming/Xilinx/Vivado/.Xil/Vivado-3876-Nielfotech' for archiving project
INFO: [Project 1-313] Project file moved from 'D:/Digitronix/Vitis Beginner Tutorial/vitis_beginner' since last save.
Scanning sources...
Finished scanning sources
INFO: [IP_Flow 19-234] Refreshing IP repositories
INFO: [IP_Flow 19-1704] No user IP repositories specified
INFO: [IP_Flow 19-2313] Loaded Vivado IP repository 'C:/Xilinx/Vivado/2020.1/data/ip'.
INFO: [Coretcl 2-1211] Creating project copy for archival...
INFO: [ProjectBase 1-495] The host OS only allows 260 characters in a normal path. The project is stored in a path with more than 80 characters. If you experience any problem with archiving the project, please consider setting environment variable $TEMP to a shorter path.
Current project path is 'C:/Users/ACER/AppData/Roaming/Xilinx/Vivado/.Xil/Vivado-3876-Nielfotech/PrjAr/_X_'.
INFO: [Coretcl 2-1213] Including run results for 'synth_1'
INFO: [Coretcl 2-1213] Including run results for 'design_1_axi_gpio_0_0_synth_1'
INFO: [Coretcl 2-1213] Including run results for 'design_1_processing_system7_0_0_synth_1'
INFO: [Coretcl 2-1213] Including run results for 'design_1_auto_pc_0_synth_1'
INFO: [Coretcl 2-1213] Including run results for 'design_1_rst_ps7_0_100M_0_synth_1'
INFO: [Coretcl 2-1213] Including run results for 'impl_1'
INFO: [Coretcl 2-133] re-setting run 'design_1_axi_gpio_0_0_impl_1'...
INFO: [Coretcl 2-133] re-setting run 'design_1_processing_system7_0_0_impl_1'...
INFO: [Coretcl 2-133] re-setting run 'design_1_auto_pc_0_impl_1'...
INFO: [Coretcl 2-133] re-setting run 'design_1_rst_ps7_0_100M_0_impl_1'...
INFO: [Coretcl 2-1212] Importing remotely added design sources and verilog include files (if any)...
INFO: [filemgmt 20-334] All file(s) are already imported in fileset: 'design_1_auto_pc_0'
INFO: [filemgmt 20-348] Importing the appropriate files for fileset: 'design_1_auto_pc_0'
INFO: [filemgmt 20-334] All file(s) are already imported in fileset: 'design_1_axi_gpio_0_0'
INFO: [filemgmt 20-348] Importing the appropriate files for fileset: 'design_1_axi_gpio_0_0'
INFO: [filemgmt 20-334] All file(s) are already imported in fileset: 'design_1_processing_system7_0_0'
INFO: [filemgmt 20-348] Importing the appropriate files for fileset: 'design_1_processing_system7_0_0'
INFO: [filemgmt 20-334] All file(s) are already imported in fileset: 'design_1_rst_ps7_0_100M_0'
INFO: [filemgmt 20-348] Importing the appropriate files for fileset: 'design_1_rst_ps7_0_100M_0'
INFO: [filemgmt 20-334] All file(s) are already imported in fileset: 'constrs_1'
INFO: [filemgmt 20-348] Importing the appropriate files for fileset: 'constrs_1'
INFO: [filemgmt 20-334] All file(s) are already imported in fileset: 'sources_1'
INFO: [filemgmt 20-348] Importing the appropriate files for fileset: 'sources_1'
