TRACE::2020-08-04.11:50:21::SCWBifWriter::Found the complete platform D:/Digitronix/Vitis_Beginner_Tutorial/vitis_project_platform/export/vitis_project_platform/vitis_project_platform.xpfm
TRACE::2020-08-04.11:50:21::SCWBifWriter::hardware databse : design_1_wrapper_3
TRACE::2020-08-04.11:50:21::SCWBifWriter::bitstream found in the design
TRACE::2020-08-04.11:50:21::SCWBifWriter::Found a baremetal domain, proc: ps7_cortexa9_0
TRACE::2020-08-04.11:50:21::SCWBifWriter::proc type : 
TRACE::2020-08-04.11:50:21::SCWBifWriter::proc[0] : ps7_cortexa9_0
TRACE::2020-08-04.11:50:21::SCWBifWriter::Device type is : zynq
TRACE::2020-08-04.11:50:21::SCWBifWriter::Writing BIF to file : D:/Digitronix/Vitis_Beginner_Tutorial/vitis_project_system/Debug/system.bif
TRACE::2020-08-04.11:50:21::SCWBifWriter::Writing the Zynq Baremetal bif 
TRACE::2020-08-04.11:51:04::SCWBifWriter::Found the complete platform D:/Digitronix/Vitis_Beginner_Tutorial/vitis_project_platform/export/vitis_project_platform/vitis_project_platform.xpfm
TRACE::2020-08-04.11:51:04::SCWBifWriter::hardware databse : design_1_wrapper_3
TRACE::2020-08-04.11:51:04::SCWBifWriter::bitstream found in the design
TRACE::2020-08-04.11:51:04::SCWBifWriter::Found a baremetal domain, proc: ps7_cortexa9_0
TRACE::2020-08-04.11:51:04::SCWBifWriter::proc type : 
TRACE::2020-08-04.11:51:04::SCWBifWriter::proc[0] : ps7_cortexa9_0
TRACE::2020-08-04.11:51:04::SCWBifWriter::Device type is : zynq
TRACE::2020-08-04.11:51:04::SCWBifWriter::Writing BIF to file : D:/Digitronix/Vitis_Beginner_Tutorial/vitis_project_system/Debug/system.bif
TRACE::2020-08-04.11:51:04::SCWBifWriter::Writing the Zynq Baremetal bif 
TRACE::2020-08-04.11:52:31::SCWBifWriter::Found the complete platform D:/Digitronix/Vitis_Beginner_Tutorial/vitis_project_platform/export/vitis_project_platform/vitis_project_platform.xpfm
TRACE::2020-08-04.11:52:31::SCWBifWriter::hardware databse : design_1_wrapper_3
TRACE::2020-08-04.11:52:31::SCWBifWriter::bitstream found in the design
TRACE::2020-08-04.11:52:31::SCWBifWriter::Found a baremetal domain, proc: ps7_cortexa9_0
TRACE::2020-08-04.11:52:31::SCWBifWriter::proc type : 
TRACE::2020-08-04.11:52:31::SCWBifWriter::proc[0] : ps7_cortexa9_0
TRACE::2020-08-04.11:52:31::SCWBifWriter::Device type is : zynq
TRACE::2020-08-04.11:52:31::SCWBifWriter::Writing BIF to file : D:/Digitronix/Vitis_Beginner_Tutorial/vitis_project_system/Debug/system.bif
TRACE::2020-08-04.11:52:31::SCWBifWriter::Writing the Zynq Baremetal bif 
TRACE::2020-08-04.11:55:54::SCWBifWriter::Found the complete platform D:/Digitronix/Vitis_Beginner_Tutorial/vitis_project_platform/export/vitis_project_platform/vitis_project_platform.xpfm
TRACE::2020-08-04.11:55:54::SCWBifWriter::hardware databse : design_1_wrapper_3
TRACE::2020-08-04.11:55:54::SCWBifWriter::bitstream found in the design
TRACE::2020-08-04.11:55:54::SCWBifWriter::Found a baremetal domain, proc: ps7_cortexa9_0
TRACE::2020-08-04.11:55:54::SCWBifWriter::proc type : 
TRACE::2020-08-04.11:55:54::SCWBifWriter::proc[0] : ps7_cortexa9_0
TRACE::2020-08-04.11:55:54::SCWBifWriter::Device type is : zynq
TRACE::2020-08-04.11:55:54::SCWBifWriter::Writing BIF to file : D:/Digitronix/Vitis_Beginner_Tutorial/vitis_project_system/Debug/system.bif
TRACE::2020-08-04.11:55:54::SCWBifWriter::Writing the Zynq Baremetal bif 
TRACE::2020-08-04.11:56:57::SCWBifWriter::Found the complete platform D:/Digitronix/Vitis_Beginner_Tutorial/vitis_project_platform/export/vitis_project_platform/vitis_project_platform.xpfm
TRACE::2020-08-04.11:56:57::SCWBifWriter::hardware databse : design_1_wrapper_3
TRACE::2020-08-04.11:56:57::SCWBifWriter::bitstream found in the design
TRACE::2020-08-04.11:56:57::SCWBifWriter::Found a baremetal domain, proc: ps7_cortexa9_0
TRACE::2020-08-04.11:56:57::SCWBifWriter::proc type : 
TRACE::2020-08-04.11:56:57::SCWBifWriter::proc[0] : ps7_cortexa9_0
TRACE::2020-08-04.11:56:57::SCWBifWriter::Device type is : zynq
TRACE::2020-08-04.11:56:57::SCWBifWriter::Writing BIF to file : D:/Digitronix/Vitis_Beginner_Tutorial/vitis_project_system/Debug/system.bif
TRACE::2020-08-04.11:56:57::SCWBifWriter::Writing the Zynq Baremetal bif 
TRACE::2020-08-04.11:58:02::SCWBifWriter::Found the complete platform D:/Digitronix/Vitis_Beginner_Tutorial/vitis_project_platform/export/vitis_project_platform/vitis_project_platform.xpfm
TRACE::2020-08-04.11:58:02::SCWBifWriter::hardware databse : design_1_wrapper_3
TRACE::2020-08-04.11:58:02::SCWBifWriter::bitstream found in the design
TRACE::2020-08-04.11:58:02::SCWBifWriter::Found a baremetal domain, proc: ps7_cortexa9_0
TRACE::2020-08-04.11:58:02::SCWBifWriter::proc type : 
TRACE::2020-08-04.11:58:02::SCWBifWriter::proc[0] : ps7_cortexa9_0
TRACE::2020-08-04.11:58:02::SCWBifWriter::Device type is : zynq
TRACE::2020-08-04.11:58:02::SCWBifWriter::Writing BIF to file : D:/Digitronix/Vitis_Beginner_Tutorial/vitis_project_system/Debug/system.bif
TRACE::2020-08-04.11:58:02::SCWBifWriter::Writing the Zynq Baremetal bif 
TRACE::2020-08-04.11:59:41::SCWBifWriter::Found the complete platform D:/Digitronix/Vitis_Beginner_Tutorial/vitis_project_platform/export/vitis_project_platform/vitis_project_platform.xpfm
TRACE::2020-08-04.11:59:41::SCWBifWriter::hardware databse : design_1_wrapper_3
TRACE::2020-08-04.11:59:41::SCWBifWriter::bitstream found in the design
TRACE::2020-08-04.11:59:41::SCWBifWriter::Found a baremetal domain, proc: ps7_cortexa9_0
TRACE::2020-08-04.11:59:41::SCWBifWriter::proc type : 
TRACE::2020-08-04.11:59:41::SCWBifWriter::proc[0] : ps7_cortexa9_0
TRACE::2020-08-04.11:59:41::SCWBifWriter::Device type is : zynq
TRACE::2020-08-04.11:59:41::SCWBifWriter::Writing BIF to file : D:/Digitronix/Vitis_Beginner_Tutorial/vitis_project_system/Debug/system.bif
TRACE::2020-08-04.11:59:41::SCWBifWriter::Writing the Zynq Baremetal bif 
TRACE::2020-08-04.12:01:12::SCWBifWriter::Found the complete platform D:/Digitronix/Vitis_Beginner_Tutorial/vitis_project_platform/export/vitis_project_platform/vitis_project_platform.xpfm
TRACE::2020-08-04.12:01:12::SCWBifWriter::hardware databse : design_1_wrapper_3
TRACE::2020-08-04.12:01:12::SCWBifWriter::bitstream found in the design
TRACE::2020-08-04.12:01:12::SCWBifWriter::Found a baremetal domain, proc: ps7_cortexa9_0
TRACE::2020-08-04.12:01:12::SCWBifWriter::proc type : 
TRACE::2020-08-04.12:01:12::SCWBifWriter::proc[0] : ps7_cortexa9_0
TRACE::2020-08-04.12:01:12::SCWBifWriter::Device type is : zynq
TRACE::2020-08-04.12:01:12::SCWBifWriter::Writing BIF to file : D:/Digitronix/Vitis_Beginner_Tutorial/vitis_project_system/Debug/system.bif
TRACE::2020-08-04.12:01:12::SCWBifWriter::Writing the Zynq Baremetal bif 
TRACE::2020-08-04.12:02:59::SCWBifWriter::Found the complete platform D:/Digitronix/Vitis_Beginner_Tutorial/vitis_project_platform/export/vitis_project_platform/vitis_project_platform.xpfm
TRACE::2020-08-04.12:02:59::SCWBifWriter::hardware databse : design_1_wrapper_3
TRACE::2020-08-04.12:02:59::SCWBifWriter::bitstream found in the design
TRACE::2020-08-04.12:02:59::SCWBifWriter::Found a baremetal domain, proc: ps7_cortexa9_0
TRACE::2020-08-04.12:02:59::SCWBifWriter::proc type : 
TRACE::2020-08-04.12:02:59::SCWBifWriter::proc[0] : ps7_cortexa9_0
TRACE::2020-08-04.12:02:59::SCWBifWriter::Device type is : zynq
TRACE::2020-08-04.12:02:59::SCWBifWriter::Writing BIF to file : D:/Digitronix/Vitis_Beginner_Tutorial/vitis_project_system/Debug/system.bif
TRACE::2020-08-04.12:02:59::SCWBifWriter::Writing the Zynq Baremetal bif 
TRACE::2020-08-04.12:04:24::SCWBifWriter::Found the complete platform D:/Digitronix/Vitis_Beginner_Tutorial/vitis_project_platform/export/vitis_project_platform/vitis_project_platform.xpfm
TRACE::2020-08-04.12:04:25::SCWBifWriter::hardware databse : design_1_wrapper_3
TRACE::2020-08-04.12:04:25::SCWBifWriter::bitstream found in the design
TRACE::2020-08-04.12:04:25::SCWBifWriter::Found a baremetal domain, proc: ps7_cortexa9_0
TRACE::2020-08-04.12:04:25::SCWBifWriter::proc type : 
TRACE::2020-08-04.12:04:25::SCWBifWriter::proc[0] : ps7_cortexa9_0
TRACE::2020-08-04.12:04:25::SCWBifWriter::Device type is : zynq
TRACE::2020-08-04.12:04:25::SCWBifWriter::Writing BIF to file : D:/Digitronix/Vitis_Beginner_Tutorial/vitis_project_system/Debug/system.bif
TRACE::2020-08-04.12:04:25::SCWBifWriter::Writing the Zynq Baremetal bif 
TRACE::2020-08-04.12:07:22::SCWBifWriter::Found the complete platform D:/Digitronix/Vitis_Beginner_Tutorial/vitis_project_platform/export/vitis_project_platform/vitis_project_platform.xpfm
TRACE::2020-08-04.12:07:23::SCWBifWriter::hardware databse : design_1_wrapper_3
TRACE::2020-08-04.12:07:23::SCWBifWriter::bitstream found in the design
TRACE::2020-08-04.12:07:23::SCWBifWriter::Found a baremetal domain, proc: ps7_cortexa9_0
TRACE::2020-08-04.12:07:23::SCWBifWriter::proc type : 
TRACE::2020-08-04.12:07:23::SCWBifWriter::proc[0] : ps7_cortexa9_0
TRACE::2020-08-04.12:07:23::SCWBifWriter::Device type is : zynq
TRACE::2020-08-04.12:07:23::SCWBifWriter::Writing BIF to file : D:/Digitronix/Vitis_Beginner_Tutorial/vitis_project_system/Debug/system.bif
TRACE::2020-08-04.12:07:23::SCWBifWriter::Writing the Zynq Baremetal bif 
TRACE::2020-08-04.12:09:24::SCWBifWriter::Found the complete platform D:/Digitronix/Vitis_Beginner_Tutorial/vitis_project_platform/export/vitis_project_platform/vitis_project_platform.xpfm
TRACE::2020-08-04.12:09:25::SCWBifWriter::hardware databse : design_1_wrapper_3
TRACE::2020-08-04.12:09:25::SCWBifWriter::bitstream found in the design
TRACE::2020-08-04.12:09:25::SCWBifWriter::Found a baremetal domain, proc: ps7_cortexa9_0
TRACE::2020-08-04.12:09:25::SCWBifWriter::proc type : 
TRACE::2020-08-04.12:09:25::SCWBifWriter::proc[0] : ps7_cortexa9_0
TRACE::2020-08-04.12:09:25::SCWBifWriter::Device type is : zynq
TRACE::2020-08-04.12:09:25::SCWBifWriter::Writing BIF to file : D:/Digitronix/Vitis_Beginner_Tutorial/vitis_project_system/Debug/system.bif
TRACE::2020-08-04.12:09:25::SCWBifWriter::Writing the Zynq Baremetal bif 
TRACE::2020-08-04.12:10:20::SCWBifWriter::Found the complete platform D:/Digitronix/Vitis_Beginner_Tutorial/vitis_project_platform/export/vitis_project_platform/vitis_project_platform.xpfm
TRACE::2020-08-04.12:10:20::SCWBifWriter::hardware databse : design_1_wrapper_3
TRACE::2020-08-04.12:10:20::SCWBifWriter::bitstream found in the design
TRACE::2020-08-04.12:10:20::SCWBifWriter::Found a baremetal domain, proc: ps7_cortexa9_0
TRACE::2020-08-04.12:10:20::SCWBifWriter::proc type : 
TRACE::2020-08-04.12:10:20::SCWBifWriter::proc[0] : ps7_cortexa9_0
TRACE::2020-08-04.12:10:20::SCWBifWriter::Device type is : zynq
TRACE::2020-08-04.12:10:20::SCWBifWriter::Writing BIF to file : D:/Digitronix/Vitis_Beginner_Tutorial/vitis_project_system/Debug/system.bif
TRACE::2020-08-04.12:10:20::SCWBifWriter::Writing the Zynq Baremetal bif 
TRACE::2020-08-04.12:12:24::SCWBifWriter::Found the complete platform D:/Digitronix/Vitis_Beginner_Tutorial/vitis_project_platform/export/vitis_project_platform/vitis_project_platform.xpfm
TRACE::2020-08-04.12:12:24::SCWBifWriter::hardware databse : design_1_wrapper_3
TRACE::2020-08-04.12:12:24::SCWBifWriter::bitstream found in the design
TRACE::2020-08-04.12:12:24::SCWBifWriter::Found a baremetal domain, proc: ps7_cortexa9_0
TRACE::2020-08-04.12:12:24::SCWBifWriter::proc type : 
TRACE::2020-08-04.12:12:24::SCWBifWriter::proc[0] : ps7_cortexa9_0
TRACE::2020-08-04.12:12:24::SCWBifWriter::Device type is : zynq
TRACE::2020-08-04.12:12:24::SCWBifWriter::Writing BIF to file : D:/Digitronix/Vitis_Beginner_Tutorial/vitis_project_system/Debug/system.bif
TRACE::2020-08-04.12:12:24::SCWBifWriter::Writing the Zynq Baremetal bif 
TRACE::2020-08-04.12:16:29::SCWBifWriter::Found the complete platform D:/Digitronix/Vitis_Beginner_Tutorial/vitis_project_platform/export/vitis_project_platform/vitis_project_platform.xpfm
TRACE::2020-08-04.12:16:30::SCWBifWriter::hardware databse : design_1_wrapper_3
TRACE::2020-08-04.12:16:30::SCWBifWriter::bitstream found in the design
TRACE::2020-08-04.12:16:30::SCWBifWriter::Found a baremetal domain, proc: ps7_cortexa9_0
TRACE::2020-08-04.12:16:30::SCWBifWriter::proc type : 
TRACE::2020-08-04.12:16:30::SCWBifWriter::proc[0] : ps7_cortexa9_0
TRACE::2020-08-04.12:16:30::SCWBifWriter::Device type is : zynq
TRACE::2020-08-04.12:16:30::SCWBifWriter::Writing BIF to file : D:/Digitronix/Vitis_Beginner_Tutorial/vitis_project_system/Debug/system.bif
TRACE::2020-08-04.12:16:30::SCWBifWriter::Writing the Zynq Baremetal bif 
TRACE::2020-08-04.12:18:56::SCWBifWriter::Found the complete platform D:/Digitronix/Vitis_Beginner_Tutorial/vitis_project_platform/export/vitis_project_platform/vitis_project_platform.xpfm
TRACE::2020-08-04.12:18:56::SCWBifWriter::hardware databse : design_1_wrapper_3
TRACE::2020-08-04.12:18:56::SCWBifWriter::bitstream found in the design
TRACE::2020-08-04.12:18:56::SCWBifWriter::Found a baremetal domain, proc: ps7_cortexa9_0
TRACE::2020-08-04.12:18:56::SCWBifWriter::proc type : 
TRACE::2020-08-04.12:18:56::SCWBifWriter::proc[0] : ps7_cortexa9_0
TRACE::2020-08-04.12:18:56::SCWBifWriter::Device type is : zynq
TRACE::2020-08-04.12:18:56::SCWBifWriter::Writing BIF to file : D:/Digitronix/Vitis_Beginner_Tutorial/vitis_project_system/Debug/system.bif
TRACE::2020-08-04.12:18:56::SCWBifWriter::Writing the Zynq Baremetal bif 
TRACE::2020-08-04.12:19:40::SCWBifWriter::Found the complete platform D:/Digitronix/Vitis_Beginner_Tutorial/vitis_project_platform/export/vitis_project_platform/vitis_project_platform.xpfm
TRACE::2020-08-04.12:19:40::SCWBifWriter::hardware databse : design_1_wrapper_3
TRACE::2020-08-04.12:19:40::SCWBifWriter::bitstream found in the design
TRACE::2020-08-04.12:19:40::SCWBifWriter::Found a baremetal domain, proc: ps7_cortexa9_0
TRACE::2020-08-04.12:19:40::SCWBifWriter::proc type : 
TRACE::2020-08-04.12:19:40::SCWBifWriter::proc[0] : ps7_cortexa9_0
TRACE::2020-08-04.12:19:40::SCWBifWriter::Device type is : zynq
TRACE::2020-08-04.12:19:40::SCWBifWriter::Writing BIF to file : D:/Digitronix/Vitis_Beginner_Tutorial/vitis_project_system/Debug/system.bif
TRACE::2020-08-04.12:19:40::SCWBifWriter::Writing the Zynq Baremetal bif 
TRACE::2020-08-04.12:25:33::SCWBifWriter::Found the complete platform D:/Digitronix/Vitis_Beginner_Tutorial/vitis_project_platform/export/vitis_project_platform/vitis_project_platform.xpfm
TRACE::2020-08-04.12:25:33::SCWBifWriter::hardware databse : design_1_wrapper_3
TRACE::2020-08-04.12:25:33::SCWBifWriter::bitstream found in the design
TRACE::2020-08-04.12:25:33::SCWBifWriter::Found a baremetal domain, proc: ps7_cortexa9_0
TRACE::2020-08-04.12:25:33::SCWBifWriter::proc type : 
TRACE::2020-08-04.12:25:33::SCWBifWriter::proc[0] : ps7_cortexa9_0
TRACE::2020-08-04.12:25:33::SCWBifWriter::Device type is : zynq
TRACE::2020-08-04.12:25:33::SCWBifWriter::Writing BIF to file : D:/Digitronix/Vitis_Beginner_Tutorial/vitis_project_system/Debug/system.bif
TRACE::2020-08-04.12:25:33::SCWBifWriter::Writing the Zynq Baremetal bif 
TRACE::2020-08-04.12:35:41::SCWBifWriter::Found the complete platform D:/Digitronix/Vitis_Beginner_Tutorial/vitis_project_platform/export/vitis_project_platform/vitis_project_platform.xpfm
TRACE::2020-08-04.12:35:42::SCWBifWriter::hardware databse : design_1_wrapper_3
TRACE::2020-08-04.12:35:42::SCWBifWriter::bitstream found in the design
TRACE::2020-08-04.12:35:42::SCWBifWriter::Found a baremetal domain, proc: ps7_cortexa9_0
TRACE::2020-08-04.12:35:42::SCWBifWriter::proc type : 
TRACE::2020-08-04.12:35:42::SCWBifWriter::proc[0] : ps7_cortexa9_0
TRACE::2020-08-04.12:35:42::SCWBifWriter::Device type is : zynq
TRACE::2020-08-04.12:35:42::SCWBifWriter::Writing BIF to file : D:/Digitronix/Vitis_Beginner_Tutorial/vitis_project_system/Debug/system.bif
TRACE::2020-08-04.12:35:42::SCWBifWriter::Writing the Zynq Baremetal bif 
TRACE::2020-08-04.12:36:09::SCWBifWriter::Found the complete platform D:/Digitronix/Vitis_Beginner_Tutorial/vitis_project_platform/export/vitis_project_platform/vitis_project_platform.xpfm
TRACE::2020-08-04.12:36:09::SCWBifWriter::hardware databse : design_1_wrapper_3
TRACE::2020-08-04.12:36:09::SCWBifWriter::bitstream found in the design
TRACE::2020-08-04.12:36:09::SCWBifWriter::Found a baremetal domain, proc: ps7_cortexa9_0
TRACE::2020-08-04.12:36:09::SCWBifWriter::proc type : 
TRACE::2020-08-04.12:36:09::SCWBifWriter::proc[0] : ps7_cortexa9_0
TRACE::2020-08-04.12:36:09::SCWBifWriter::Device type is : zynq
TRACE::2020-08-04.12:36:09::SCWBifWriter::Writing BIF to file : D:/Digitronix/Vitis_Beginner_Tutorial/vitis_project_system/Debug/system.bif
TRACE::2020-08-04.12:36:09::SCWBifWriter::Writing the Zynq Baremetal bif 
TRACE::2020-08-04.12:46:34::SCWBifWriter::Found the complete platform D:/Digitronix/Vitis_Beginner_Tutorial/vitis_project_platform/export/vitis_project_platform/vitis_project_platform.xpfm
TRACE::2020-08-04.12:46:34::SCWBifWriter::hardware databse : design_1_wrapper_3
TRACE::2020-08-04.12:46:34::SCWBifWriter::bitstream found in the design
TRACE::2020-08-04.12:46:34::SCWBifWriter::Found a baremetal domain, proc: ps7_cortexa9_0
TRACE::2020-08-04.12:46:34::SCWBifWriter::proc type : 
TRACE::2020-08-04.12:46:34::SCWBifWriter::proc[0] : ps7_cortexa9_0
TRACE::2020-08-04.12:46:34::SCWBifWriter::Device type is : zynq
TRACE::2020-08-04.12:46:34::SCWBifWriter::Writing BIF to file : D:/Digitronix/Vitis_Beginner_Tutorial/vitis_project_system/Debug/system.bif
TRACE::2020-08-04.12:46:34::SCWBifWriter::Writing the Zynq Baremetal bif 
TRACE::2020-08-04.12:49:06::SCWBifWriter::Found the complete platform D:/Digitronix/Vitis_Beginner_Tutorial/vitis_project_platform/export/vitis_project_platform/vitis_project_platform.xpfm
TRACE::2020-08-04.12:49:07::SCWBifWriter::hardware databse : design_1_wrapper_3
TRACE::2020-08-04.12:49:07::SCWBifWriter::bitstream found in the design
TRACE::2020-08-04.12:49:07::SCWBifWriter::Found a baremetal domain, proc: ps7_cortexa9_0
TRACE::2020-08-04.12:49:07::SCWBifWriter::proc type : 
TRACE::2020-08-04.12:49:07::SCWBifWriter::proc[0] : ps7_cortexa9_0
TRACE::2020-08-04.12:49:07::SCWBifWriter::Device type is : zynq
TRACE::2020-08-04.12:49:07::SCWBifWriter::Writing BIF to file : D:/Digitronix/Vitis_Beginner_Tutorial/vitis_project_system/Debug/system.bif
TRACE::2020-08-04.12:49:07::SCWBifWriter::Writing the Zynq Baremetal bif 
TRACE::2020-08-04.22:39:36::SCWBifWriter::Found the complete platform D:/Digitronix/Vitis_Beginner_Tutorial/vitis_project_platform/export/vitis_project_platform/vitis_project_platform.xpfm
TRACE::2020-08-04.22:39:36::SCWBifWriter::hardware databse : design_1_wrapper
TRACE::2020-08-04.22:39:36::SCWBifWriter::bitstream found in the design
TRACE::2020-08-04.22:39:36::SCWBifWriter::Found a baremetal domain, proc: ps7_cortexa9_0
TRACE::2020-08-04.22:39:36::SCWBifWriter::proc type : 
TRACE::2020-08-04.22:39:36::SCWBifWriter::proc[0] : ps7_cortexa9_0
TRACE::2020-08-04.22:39:36::SCWBifWriter::Device type is : zynq
TRACE::2020-08-04.22:39:36::SCWBifWriter::Writing BIF to file : D:/Digitronix/Vitis_Beginner_Tutorial/vitis_project_system/Debug/system.bif
TRACE::2020-08-04.22:39:36::SCWBifWriter::Writing the Zynq Baremetal bif 
