
*** Running vivado
    with args -log RV_RTDS_axi_bram_ctrl_0_1.vds -m64 -product Vivado -mode batch -messageDb vivado.pb -notrace -source RV_RTDS_axi_bram_ctrl_0_1.tcl


ECHO is off.
ECHO is off.

****** Vivado v2023.2 (64-bit)
  **** SW Build 4029153 on Fri Oct 13 20:14:34 MDT 2023
  **** IP Build 4028589 on Sat Oct 14 00:45:43 MDT 2023
  **** SharedData Build 4025554 on Tue Oct 10 17:18:54 MDT 2023
    ** Copyright 1986-2022 Xilinx, Inc. All Rights Reserved.
    ** Copyright 2022-2023 Advanced Micro Devices, Inc. All Rights Reserved.

source RV_RTDS_axi_bram_ctrl_0_1.tcl -notrace
create_project: Time (s): cpu = 00:00:08 ; elapsed = 00:00:09 . Memory (MB): peak = 484.785 ; gain = 180.094
INFO: [IP_Flow 19-6924] IPCACHE: Running cache check for IP inst: RV_RTDS_axi_bram_ctrl_0_1
INFO: [IP_Flow 19-6922] IPCACHE: Exporting cached entry e9c62827389de4ee to dir: C:/Users/raulm/Desktop/Facultate/Master/Anul 1/Sem1/SDTR/RISCV-RTDS/work/RISCV-RTDS/RISCV-RTDS.runs/RV_RTDS_axi_bram_ctrl_0_1_synth_1
INFO: [IP_Flow 19-6928] IPCACHE: copied cached file c:/Users/raulm/Desktop/Facultate/Master/Anul 1/Sem1/SDTR/RISCV-RTDS/work/RISCV-RTDS/RISCV-RTDS.cache/ip/2023.2/e/9/e9c62827389de4ee/RV_RTDS_axi_bram_ctrl_0_0.dcp to C:/Users/raulm/Desktop/Facultate/Master/Anul 1/Sem1/SDTR/RISCV-RTDS/work/RISCV-RTDS/RISCV-RTDS.runs/RV_RTDS_axi_bram_ctrl_0_1_synth_1/RV_RTDS_axi_bram_ctrl_0_1.dcp.
INFO: [IP_Flow 19-6928] IPCACHE: copied cached file c:/Users/raulm/Desktop/Facultate/Master/Anul 1/Sem1/SDTR/RISCV-RTDS/work/RISCV-RTDS/RISCV-RTDS.cache/ip/2023.2/e/9/e9c62827389de4ee/RV_RTDS_axi_bram_ctrl_0_0_sim_netlist.v to C:/Users/raulm/Desktop/Facultate/Master/Anul 1/Sem1/SDTR/RISCV-RTDS/work/RISCV-RTDS/RISCV-RTDS.runs/RV_RTDS_axi_bram_ctrl_0_1_synth_1/RV_RTDS_axi_bram_ctrl_0_1_sim_netlist.v.
INFO: [IP_Flow 19-6928] IPCACHE: copied cached file c:/Users/raulm/Desktop/Facultate/Master/Anul 1/Sem1/SDTR/RISCV-RTDS/work/RISCV-RTDS/RISCV-RTDS.cache/ip/2023.2/e/9/e9c62827389de4ee/RV_RTDS_axi_bram_ctrl_0_0_sim_netlist.vhdl to C:/Users/raulm/Desktop/Facultate/Master/Anul 1/Sem1/SDTR/RISCV-RTDS/work/RISCV-RTDS/RISCV-RTDS.runs/RV_RTDS_axi_bram_ctrl_0_1_synth_1/RV_RTDS_axi_bram_ctrl_0_1_sim_netlist.vhdl.
INFO: [IP_Flow 19-6928] IPCACHE: copied cached file c:/Users/raulm/Desktop/Facultate/Master/Anul 1/Sem1/SDTR/RISCV-RTDS/work/RISCV-RTDS/RISCV-RTDS.cache/ip/2023.2/e/9/e9c62827389de4ee/RV_RTDS_axi_bram_ctrl_0_0_stub.v to C:/Users/raulm/Desktop/Facultate/Master/Anul 1/Sem1/SDTR/RISCV-RTDS/work/RISCV-RTDS/RISCV-RTDS.runs/RV_RTDS_axi_bram_ctrl_0_1_synth_1/RV_RTDS_axi_bram_ctrl_0_1_stub.v.
INFO: [IP_Flow 19-6928] IPCACHE: copied cached file c:/Users/raulm/Desktop/Facultate/Master/Anul 1/Sem1/SDTR/RISCV-RTDS/work/RISCV-RTDS/RISCV-RTDS.cache/ip/2023.2/e/9/e9c62827389de4ee/RV_RTDS_axi_bram_ctrl_0_0_stub.vhdl to C:/Users/raulm/Desktop/Facultate/Master/Anul 1/Sem1/SDTR/RISCV-RTDS/work/RISCV-RTDS/RISCV-RTDS.runs/RV_RTDS_axi_bram_ctrl_0_1_synth_1/RV_RTDS_axi_bram_ctrl_0_1_stub.vhdl.
INFO: [IP_Flow 19-4838] Using cached IP synthesis design for IP RV_RTDS_axi_bram_ctrl_0_1, cache-ID = e9c62827389de4ee.
INFO: [Common 17-206] Exiting Vivado at Thu Nov  9 17:34:15 2023...
