00:31:39 DEBUG : Logs will be stored at 'C:/Users/raulm/Desktop/Facultate/Master/Anul1/Sem1/SDTR/RISCV-RTDS/work/PynqFreeRTOS/IDE.log'.
00:32:59 INFO  : Launching XSCT server: xsct.bat -n  -interactive C:\Users\raulm\Desktop\Facultate\Master\Anul1\Sem1\SDTR\RISCV-RTDS\work\PynqFreeRTOS\temp_xsdb_launch_script.tcl
00:32:59 INFO  : Registering command handlers for Vitis TCF services
00:33:00 INFO  : Platform repository initialization has completed.
00:34:00 DEBUG : Logs will be stored at 'C:/Users/raulm/Desktop/Facultate/Master/Anul1/Sem1/SDTR/RISCV-RTDS/work/PynqFreeRTOS/IDE.log'.
00:34:05 INFO  : Launching XSCT server: xsct.bat -n  -interactive C:\Users\raulm\Desktop\Facultate\Master\Anul1\Sem1\SDTR\RISCV-RTDS\work\PynqFreeRTOS\temp_xsdb_launch_script.tcl
00:34:05 INFO  : Registering command handlers for Vitis TCF services
00:34:06 INFO  : Platform repository initialization has completed.
00:34:08 INFO  : XSCT server has started successfully.
00:34:08 INFO  : plnx-install-location is set to ''
00:34:08 INFO  : Successfully done setting XSCT server connection channel  
00:34:08 INFO  : Successfully done query RDI_DATADIR 
00:34:08 INFO  : Successfully done setting workspace for the tool. 
00:39:41 INFO  : Result from executing command 'getProjects': PynqZ2
00:39:41 INFO  : Result from executing command 'getPlatforms': xilinx_vck190_base_202320_1|D:/VivadoSuiteStandard/Vitis/2023.2/base_platforms/xilinx_vck190_base_202320_1/xilinx_vck190_base_202320_1.xpfm;xilinx_vck190_base_dfx_202320_1|D:/VivadoSuiteStandard/Vitis/2023.2/base_platforms/xilinx_vck190_base_dfx_202320_1/xilinx_vck190_base_dfx_202320_1.xpfm;xilinx_vek280_es1_base_202320_1|D:/VivadoSuiteStandard/Vitis/2023.2/base_platforms/xilinx_vek280_es1_base_202320_1/xilinx_vek280_es1_base_202320_1.xpfm;xilinx_vmk180_base_202320_1|D:/VivadoSuiteStandard/Vitis/2023.2/base_platforms/xilinx_vmk180_base_202320_1/xilinx_vmk180_base_202320_1.xpfm;xilinx_zcu102_base_202320_1|D:/VivadoSuiteStandard/Vitis/2023.2/base_platforms/xilinx_zcu102_base_202320_1/xilinx_zcu102_base_202320_1.xpfm;xilinx_zcu102_base_dfx_202320_1|D:/VivadoSuiteStandard/Vitis/2023.2/base_platforms/xilinx_zcu102_base_dfx_202320_1/xilinx_zcu102_base_dfx_202320_1.xpfm;xilinx_zcu104_base_202320_1|D:/VivadoSuiteStandard/Vitis/2023.2/base_platforms/xilinx_zcu104_base_202320_1/xilinx_zcu104_base_202320_1.xpfm
00:39:43 WARN  : An unexpected exception occurred in the module 'platform project logging'
00:39:44 INFO  : Platform 'PynqZ2' is added to custom repositories.
00:39:59 INFO  : Platform 'PynqZ2' is added to custom repositories.
00:40:50 INFO  : Result from executing command 'getProjects': PynqZ2
00:40:50 INFO  : Result from executing command 'getPlatforms': PynqZ2|C:/Users/raulm/Desktop/Facultate/Master/Anul1/Sem1/SDTR/RISCV-RTDS/work/PynqFreeRTOS/PynqZ2/export/PynqZ2/PynqZ2.xpfm;xilinx_vck190_base_202320_1|D:/VivadoSuiteStandard/Vitis/2023.2/base_platforms/xilinx_vck190_base_202320_1/xilinx_vck190_base_202320_1.xpfm;xilinx_vck190_base_dfx_202320_1|D:/VivadoSuiteStandard/Vitis/2023.2/base_platforms/xilinx_vck190_base_dfx_202320_1/xilinx_vck190_base_dfx_202320_1.xpfm;xilinx_vek280_es1_base_202320_1|D:/VivadoSuiteStandard/Vitis/2023.2/base_platforms/xilinx_vek280_es1_base_202320_1/xilinx_vek280_es1_base_202320_1.xpfm;xilinx_vmk180_base_202320_1|D:/VivadoSuiteStandard/Vitis/2023.2/base_platforms/xilinx_vmk180_base_202320_1/xilinx_vmk180_base_202320_1.xpfm;xilinx_zcu102_base_202320_1|D:/VivadoSuiteStandard/Vitis/2023.2/base_platforms/xilinx_zcu102_base_202320_1/xilinx_zcu102_base_202320_1.xpfm;xilinx_zcu102_base_dfx_202320_1|D:/VivadoSuiteStandard/Vitis/2023.2/base_platforms/xilinx_zcu102_base_dfx_202320_1/xilinx_zcu102_base_dfx_202320_1.xpfm;xilinx_zcu104_base_202320_1|D:/VivadoSuiteStandard/Vitis/2023.2/base_platforms/xilinx_zcu104_base_202320_1/xilinx_zcu104_base_202320_1.xpfm
00:40:52 INFO  : Checking for BSP changes to sync application flags for project 'helloworld'...
