
*** Running vivado
    with args -log RV_RTDS_xbar_0.vds -m64 -product Vivado -mode batch -messageDb vivado.pb -notrace -source RV_RTDS_xbar_0.tcl


ECHO is off.
ECHO is off.

****** Vivado v2023.2 (64-bit)
  **** SW Build 4029153 on Fri Oct 13 20:14:34 MDT 2023
  **** IP Build 4028589 on Sat Oct 14 00:45:43 MDT 2023
  **** SharedData Build 4025554 on Tue Oct 10 17:18:54 MDT 2023
    ** Copyright 1986-2022 Xilinx, Inc. All Rights Reserved.
    ** Copyright 2022-2023 Advanced Micro Devices, Inc. All Rights Reserved.

source RV_RTDS_xbar_0.tcl -notrace
create_project: Time (s): cpu = 00:00:10 ; elapsed = 00:00:10 . Memory (MB): peak = 486.051 ; gain = 181.168
INFO: [IP_Flow 19-6924] IPCACHE: Running cache check for IP inst: RV_RTDS_xbar_0
Command: synth_design -top RV_RTDS_xbar_0 -part xc7z020clg400-1 -incremental_mode off -mode out_of_context
Starting synth_design
Attempting to get a license for feature 'Synthesis' and/or device 'xc7z020'
INFO: [Common 17-349] Got license for feature 'Synthesis' and/or device 'xc7z020'
INFO: [Device 21-403] Loading part xc7z020clg400-1
INFO: [Synth 8-7079] Multithreading enabled for synth_design using a maximum of 2 processes.
INFO: [Synth 8-7078] Launching helper process for spawning children vivado processes
INFO: [Synth 8-7075] Helper process launched with PID 13660
---------------------------------------------------------------------------------
Starting RTL Elaboration : Time (s): cpu = 00:00:17 ; elapsed = 00:00:19 . Memory (MB): peak = 1369.379 ; gain = 437.086
---------------------------------------------------------------------------------
INFO: [Synth 8-6157] synthesizing module 'RV_RTDS_xbar_0' [c:/Users/raulm/Desktop/Facultate/Master/Anul 1/Sem1/SDTR/RISCV-RTDS/work/RISCV-RTDS/RISCV-RTDS.gen/sources_1/bd/RV_RTDS/ip/RV_RTDS_xbar_0/synth/RV_RTDS_xbar_0.v:53]
INFO: [Synth 8-6157] synthesizing module 'axi_crossbar_v2_1_30_axi_crossbar' [c:/Users/raulm/Desktop/Facultate/Master/Anul 1/Sem1/SDTR/RISCV-RTDS/work/RISCV-RTDS/RISCV-RTDS.gen/sources_1/bd/RV_RTDS/ipshared/fb47/hdl/axi_crossbar_v2_1_vl_rfs.v:4871]
INFO: [Synth 8-6157] synthesizing module 'axi_crossbar_v2_1_30_crossbar' [c:/Users/raulm/Desktop/Facultate/Master/Anul 1/Sem1/SDTR/RISCV-RTDS/work/RISCV-RTDS/RISCV-RTDS.gen/sources_1/bd/RV_RTDS/ipshared/fb47/hdl/axi_crossbar_v2_1_vl_rfs.v:2232]
INFO: [Synth 8-6157] synthesizing module 'axi_crossbar_v2_1_30_si_transactor' [c:/Users/raulm/Desktop/Facultate/Master/Anul 1/Sem1/SDTR/RISCV-RTDS/work/RISCV-RTDS/RISCV-RTDS.gen/sources_1/bd/RV_RTDS/ipshared/fb47/hdl/axi_crossbar_v2_1_vl_rfs.v:3791]
INFO: [Synth 8-6157] synthesizing module 'axi_crossbar_v2_1_30_addr_decoder' [c:/Users/raulm/Desktop/Facultate/Master/Anul 1/Sem1/SDTR/RISCV-RTDS/work/RISCV-RTDS/RISCV-RTDS.gen/sources_1/bd/RV_RTDS/ipshared/fb47/hdl/axi_crossbar_v2_1_vl_rfs.v:790]
INFO: [Synth 8-6157] synthesizing module 'generic_baseblocks_v2_1_1_comparator_static' [c:/Users/raulm/Desktop/Facultate/Master/Anul 1/Sem1/SDTR/RISCV-RTDS/work/RISCV-RTDS/RISCV-RTDS.gen/sources_1/bd/RV_RTDS/ipshared/10ab/hdl/generic_baseblocks_v2_1_vl_rfs.v:2119]
INFO: [Synth 8-6157] synthesizing module 'generic_baseblocks_v2_1_1_carry_and' [c:/Users/raulm/Desktop/Facultate/Master/Anul 1/Sem1/SDTR/RISCV-RTDS/work/RISCV-RTDS/RISCV-RTDS.gen/sources_1/bd/RV_RTDS/ipshared/10ab/hdl/generic_baseblocks_v2_1_vl_rfs.v:60]
INFO: [Synth 8-6155] done synthesizing module 'generic_baseblocks_v2_1_1_carry_and' (0#1) [c:/Users/raulm/Desktop/Facultate/Master/Anul 1/Sem1/SDTR/RISCV-RTDS/work/RISCV-RTDS/RISCV-RTDS.gen/sources_1/bd/RV_RTDS/ipshared/10ab/hdl/generic_baseblocks_v2_1_vl_rfs.v:60]
INFO: [Synth 8-6155] done synthesizing module 'generic_baseblocks_v2_1_1_comparator_static' (0#1) [c:/Users/raulm/Desktop/Facultate/Master/Anul 1/Sem1/SDTR/RISCV-RTDS/work/RISCV-RTDS/RISCV-RTDS.gen/sources_1/bd/RV_RTDS/ipshared/10ab/hdl/generic_baseblocks_v2_1_vl_rfs.v:2119]
INFO: [Synth 8-6157] synthesizing module 'generic_baseblocks_v2_1_1_comparator_static__parameterized0' [c:/Users/raulm/Desktop/Facultate/Master/Anul 1/Sem1/SDTR/RISCV-RTDS/work/RISCV-RTDS/RISCV-RTDS.gen/sources_1/bd/RV_RTDS/ipshared/10ab/hdl/generic_baseblocks_v2_1_vl_rfs.v:2119]
INFO: [Synth 8-6155] done synthesizing module 'generic_baseblocks_v2_1_1_comparator_static__parameterized0' (0#1) [c:/Users/raulm/Desktop/Facultate/Master/Anul 1/Sem1/SDTR/RISCV-RTDS/work/RISCV-RTDS/RISCV-RTDS.gen/sources_1/bd/RV_RTDS/ipshared/10ab/hdl/generic_baseblocks_v2_1_vl_rfs.v:2119]
INFO: [Synth 8-6155] done synthesizing module 'axi_crossbar_v2_1_30_addr_decoder' (0#1) [c:/Users/raulm/Desktop/Facultate/Master/Anul 1/Sem1/SDTR/RISCV-RTDS/work/RISCV-RTDS/RISCV-RTDS.gen/sources_1/bd/RV_RTDS/ipshared/fb47/hdl/axi_crossbar_v2_1_vl_rfs.v:790]
INFO: [Synth 8-6157] synthesizing module 'axi_data_fifo_v2_1_28_axic_srl_fifo' [c:/Users/raulm/Desktop/Facultate/Master/Anul 1/Sem1/SDTR/RISCV-RTDS/work/RISCV-RTDS/RISCV-RTDS.gen/sources_1/bd/RV_RTDS/ipshared/279e/hdl/axi_data_fifo_v2_1_vl_rfs.v:694]
INFO: [Synth 8-6157] synthesizing module 'axi_data_fifo_v2_1_28_ndeep_srl' [c:/Users/raulm/Desktop/Facultate/Master/Anul 1/Sem1/SDTR/RISCV-RTDS/work/RISCV-RTDS/RISCV-RTDS.gen/sources_1/bd/RV_RTDS/ipshared/279e/hdl/axi_data_fifo_v2_1_vl_rfs.v:1129]
INFO: [Synth 8-6157] synthesizing module 'SRLC32E' [D:/VivadoSuiteStandard/Vivado/2023.2/scripts/rt/data/unisim_comp.v:133887]
INFO: [Synth 8-6155] done synthesizing module 'SRLC32E' (0#1) [D:/VivadoSuiteStandard/Vivado/2023.2/scripts/rt/data/unisim_comp.v:133887]
INFO: [Synth 8-6155] done synthesizing module 'axi_data_fifo_v2_1_28_ndeep_srl' (0#1) [c:/Users/raulm/Desktop/Facultate/Master/Anul 1/Sem1/SDTR/RISCV-RTDS/work/RISCV-RTDS/RISCV-RTDS.gen/sources_1/bd/RV_RTDS/ipshared/279e/hdl/axi_data_fifo_v2_1_vl_rfs.v:1129]
INFO: [Synth 8-6155] done synthesizing module 'axi_data_fifo_v2_1_28_axic_srl_fifo' (0#1) [c:/Users/raulm/Desktop/Facultate/Master/Anul 1/Sem1/SDTR/RISCV-RTDS/work/RISCV-RTDS/RISCV-RTDS.gen/sources_1/bd/RV_RTDS/ipshared/279e/hdl/axi_data_fifo_v2_1_vl_rfs.v:694]
INFO: [Synth 8-6157] synthesizing module 'generic_baseblocks_v2_1_1_mux_enc' [c:/Users/raulm/Desktop/Facultate/Master/Anul 1/Sem1/SDTR/RISCV-RTDS/work/RISCV-RTDS/RISCV-RTDS.gen/sources_1/bd/RV_RTDS/ipshared/10ab/hdl/generic_baseblocks_v2_1_vl_rfs.v:2436]
INFO: [Synth 8-6155] done synthesizing module 'generic_baseblocks_v2_1_1_mux_enc' (0#1) [c:/Users/raulm/Desktop/Facultate/Master/Anul 1/Sem1/SDTR/RISCV-RTDS/work/RISCV-RTDS/RISCV-RTDS.gen/sources_1/bd/RV_RTDS/ipshared/10ab/hdl/generic_baseblocks_v2_1_vl_rfs.v:2436]
INFO: [Synth 8-6155] done synthesizing module 'axi_crossbar_v2_1_30_si_transactor' (0#1) [c:/Users/raulm/Desktop/Facultate/Master/Anul 1/Sem1/SDTR/RISCV-RTDS/work/RISCV-RTDS/RISCV-RTDS.gen/sources_1/bd/RV_RTDS/ipshared/fb47/hdl/axi_crossbar_v2_1_vl_rfs.v:3791]
INFO: [Synth 8-6157] synthesizing module 'axi_crossbar_v2_1_30_si_transactor__parameterized0' [c:/Users/raulm/Desktop/Facultate/Master/Anul 1/Sem1/SDTR/RISCV-RTDS/work/RISCV-RTDS/RISCV-RTDS.gen/sources_1/bd/RV_RTDS/ipshared/fb47/hdl/axi_crossbar_v2_1_vl_rfs.v:3791]
INFO: [Synth 8-6157] synthesizing module 'generic_baseblocks_v2_1_1_mux_enc__parameterized0' [c:/Users/raulm/Desktop/Facultate/Master/Anul 1/Sem1/SDTR/RISCV-RTDS/work/RISCV-RTDS/RISCV-RTDS.gen/sources_1/bd/RV_RTDS/ipshared/10ab/hdl/generic_baseblocks_v2_1_vl_rfs.v:2436]
INFO: [Synth 8-6155] done synthesizing module 'generic_baseblocks_v2_1_1_mux_enc__parameterized0' (0#1) [c:/Users/raulm/Desktop/Facultate/Master/Anul 1/Sem1/SDTR/RISCV-RTDS/work/RISCV-RTDS/RISCV-RTDS.gen/sources_1/bd/RV_RTDS/ipshared/10ab/hdl/generic_baseblocks_v2_1_vl_rfs.v:2436]
INFO: [Synth 8-6155] done synthesizing module 'axi_crossbar_v2_1_30_si_transactor__parameterized0' (0#1) [c:/Users/raulm/Desktop/Facultate/Master/Anul 1/Sem1/SDTR/RISCV-RTDS/work/RISCV-RTDS/RISCV-RTDS.gen/sources_1/bd/RV_RTDS/ipshared/fb47/hdl/axi_crossbar_v2_1_vl_rfs.v:3791]
INFO: [Synth 8-6157] synthesizing module 'axi_crossbar_v2_1_30_splitter' [c:/Users/raulm/Desktop/Facultate/Master/Anul 1/Sem1/SDTR/RISCV-RTDS/work/RISCV-RTDS/RISCV-RTDS.gen/sources_1/bd/RV_RTDS/ipshared/fb47/hdl/axi_crossbar_v2_1_vl_rfs.v:4451]
INFO: [Synth 8-6155] done synthesizing module 'axi_crossbar_v2_1_30_splitter' (0#1) [c:/Users/raulm/Desktop/Facultate/Master/Anul 1/Sem1/SDTR/RISCV-RTDS/work/RISCV-RTDS/RISCV-RTDS.gen/sources_1/bd/RV_RTDS/ipshared/fb47/hdl/axi_crossbar_v2_1_vl_rfs.v:4451]
INFO: [Synth 8-6157] synthesizing module 'axi_crossbar_v2_1_30_wdata_router' [c:/Users/raulm/Desktop/Facultate/Master/Anul 1/Sem1/SDTR/RISCV-RTDS/work/RISCV-RTDS/RISCV-RTDS.gen/sources_1/bd/RV_RTDS/ipshared/fb47/hdl/axi_crossbar_v2_1_vl_rfs.v:4724]
INFO: [Synth 8-6157] synthesizing module 'axi_data_fifo_v2_1_28_axic_reg_srl_fifo' [c:/Users/raulm/Desktop/Facultate/Master/Anul 1/Sem1/SDTR/RISCV-RTDS/work/RISCV-RTDS/RISCV-RTDS.gen/sources_1/bd/RV_RTDS/ipshared/279e/hdl/axi_data_fifo_v2_1_vl_rfs.v:884]
INFO: [Synth 8-155] case statement is not full and has no default [c:/Users/raulm/Desktop/Facultate/Master/Anul 1/Sem1/SDTR/RISCV-RTDS/work/RISCV-RTDS/RISCV-RTDS.gen/sources_1/bd/RV_RTDS/ipshared/279e/hdl/axi_data_fifo_v2_1_vl_rfs.v:982]
INFO: [Synth 8-6155] done synthesizing module 'axi_data_fifo_v2_1_28_axic_reg_srl_fifo' (0#1) [c:/Users/raulm/Desktop/Facultate/Master/Anul 1/Sem1/SDTR/RISCV-RTDS/work/RISCV-RTDS/RISCV-RTDS.gen/sources_1/bd/RV_RTDS/ipshared/279e/hdl/axi_data_fifo_v2_1_vl_rfs.v:884]
INFO: [Synth 8-6155] done synthesizing module 'axi_crossbar_v2_1_30_wdata_router' (0#1) [c:/Users/raulm/Desktop/Facultate/Master/Anul 1/Sem1/SDTR/RISCV-RTDS/work/RISCV-RTDS/RISCV-RTDS.gen/sources_1/bd/RV_RTDS/ipshared/fb47/hdl/axi_crossbar_v2_1_vl_rfs.v:4724]
INFO: [Synth 8-6157] synthesizing module 'axi_crossbar_v2_1_30_wdata_mux' [c:/Users/raulm/Desktop/Facultate/Master/Anul 1/Sem1/SDTR/RISCV-RTDS/work/RISCV-RTDS/RISCV-RTDS.gen/sources_1/bd/RV_RTDS/ipshared/fb47/hdl/axi_crossbar_v2_1_vl_rfs.v:4550]
INFO: [Synth 8-6155] done synthesizing module 'axi_crossbar_v2_1_30_wdata_mux' (0#1) [c:/Users/raulm/Desktop/Facultate/Master/Anul 1/Sem1/SDTR/RISCV-RTDS/work/RISCV-RTDS/RISCV-RTDS.gen/sources_1/bd/RV_RTDS/ipshared/fb47/hdl/axi_crossbar_v2_1_vl_rfs.v:4550]
INFO: [Synth 8-6157] synthesizing module 'axi_register_slice_v2_1_29_axi_register_slice' [c:/Users/raulm/Desktop/Facultate/Master/Anul 1/Sem1/SDTR/RISCV-RTDS/work/RISCV-RTDS/RISCV-RTDS.gen/sources_1/bd/RV_RTDS/ipshared/ff9f/hdl/axi_register_slice_v2_1_vl_rfs.v:3718]
INFO: [Synth 8-6157] synthesizing module 'axi_infrastructure_v1_1_0_axi2vector' [c:/Users/raulm/Desktop/Facultate/Master/Anul 1/Sem1/SDTR/RISCV-RTDS/work/RISCV-RTDS/RISCV-RTDS.gen/sources_1/bd/RV_RTDS/ipshared/ec67/hdl/axi_infrastructure_v1_1_vl_rfs.v:59]
INFO: [Synth 8-6155] done synthesizing module 'axi_infrastructure_v1_1_0_axi2vector' (0#1) [c:/Users/raulm/Desktop/Facultate/Master/Anul 1/Sem1/SDTR/RISCV-RTDS/work/RISCV-RTDS/RISCV-RTDS.gen/sources_1/bd/RV_RTDS/ipshared/ec67/hdl/axi_infrastructure_v1_1_vl_rfs.v:59]
INFO: [Synth 8-6157] synthesizing module 'axi_infrastructure_v1_1_0_vector2axi' [c:/Users/raulm/Desktop/Facultate/Master/Anul 1/Sem1/SDTR/RISCV-RTDS/work/RISCV-RTDS/RISCV-RTDS.gen/sources_1/bd/RV_RTDS/ipshared/ec67/hdl/axi_infrastructure_v1_1_vl_rfs.v:473]
INFO: [Synth 8-6155] done synthesizing module 'axi_infrastructure_v1_1_0_vector2axi' (0#1) [c:/Users/raulm/Desktop/Facultate/Master/Anul 1/Sem1/SDTR/RISCV-RTDS/work/RISCV-RTDS/RISCV-RTDS.gen/sources_1/bd/RV_RTDS/ipshared/ec67/hdl/axi_infrastructure_v1_1_vl_rfs.v:473]
INFO: [Synth 8-6157] synthesizing module 'axi_register_slice_v2_1_29_axic_register_slice' [c:/Users/raulm/Desktop/Facultate/Master/Anul 1/Sem1/SDTR/RISCV-RTDS/work/RISCV-RTDS/RISCV-RTDS.gen/sources_1/bd/RV_RTDS/ipshared/ff9f/hdl/axi_register_slice_v2_1_vl_rfs.v:1492]
INFO: [Synth 8-6155] done synthesizing module 'axi_register_slice_v2_1_29_axic_register_slice' (0#1) [c:/Users/raulm/Desktop/Facultate/Master/Anul 1/Sem1/SDTR/RISCV-RTDS/work/RISCV-RTDS/RISCV-RTDS.gen/sources_1/bd/RV_RTDS/ipshared/ff9f/hdl/axi_register_slice_v2_1_vl_rfs.v:1492]
INFO: [Synth 8-6157] synthesizing module 'axi_register_slice_v2_1_29_axic_register_slice__parameterized0' [c:/Users/raulm/Desktop/Facultate/Master/Anul 1/Sem1/SDTR/RISCV-RTDS/work/RISCV-RTDS/RISCV-RTDS.gen/sources_1/bd/RV_RTDS/ipshared/ff9f/hdl/axi_register_slice_v2_1_vl_rfs.v:1492]
INFO: [Synth 8-6155] done synthesizing module 'axi_register_slice_v2_1_29_axic_register_slice__parameterized0' (0#1) [c:/Users/raulm/Desktop/Facultate/Master/Anul 1/Sem1/SDTR/RISCV-RTDS/work/RISCV-RTDS/RISCV-RTDS.gen/sources_1/bd/RV_RTDS/ipshared/ff9f/hdl/axi_register_slice_v2_1_vl_rfs.v:1492]
INFO: [Synth 8-6157] synthesizing module 'axi_register_slice_v2_1_29_axic_register_slice__parameterized1' [c:/Users/raulm/Desktop/Facultate/Master/Anul 1/Sem1/SDTR/RISCV-RTDS/work/RISCV-RTDS/RISCV-RTDS.gen/sources_1/bd/RV_RTDS/ipshared/ff9f/hdl/axi_register_slice_v2_1_vl_rfs.v:1492]
INFO: [Synth 8-6155] done synthesizing module 'axi_register_slice_v2_1_29_axic_register_slice__parameterized1' (0#1) [c:/Users/raulm/Desktop/Facultate/Master/Anul 1/Sem1/SDTR/RISCV-RTDS/work/RISCV-RTDS/RISCV-RTDS.gen/sources_1/bd/RV_RTDS/ipshared/ff9f/hdl/axi_register_slice_v2_1_vl_rfs.v:1492]
INFO: [Synth 8-6157] synthesizing module 'axi_register_slice_v2_1_29_axic_register_slice__parameterized2' [c:/Users/raulm/Desktop/Facultate/Master/Anul 1/Sem1/SDTR/RISCV-RTDS/work/RISCV-RTDS/RISCV-RTDS.gen/sources_1/bd/RV_RTDS/ipshared/ff9f/hdl/axi_register_slice_v2_1_vl_rfs.v:1492]
INFO: [Synth 8-6155] done synthesizing module 'axi_register_slice_v2_1_29_axic_register_slice__parameterized2' (0#1) [c:/Users/raulm/Desktop/Facultate/Master/Anul 1/Sem1/SDTR/RISCV-RTDS/work/RISCV-RTDS/RISCV-RTDS.gen/sources_1/bd/RV_RTDS/ipshared/ff9f/hdl/axi_register_slice_v2_1_vl_rfs.v:1492]
INFO: [Synth 8-6155] done synthesizing module 'axi_register_slice_v2_1_29_axi_register_slice' (0#1) [c:/Users/raulm/Desktop/Facultate/Master/Anul 1/Sem1/SDTR/RISCV-RTDS/work/RISCV-RTDS/RISCV-RTDS.gen/sources_1/bd/RV_RTDS/ipshared/ff9f/hdl/axi_register_slice_v2_1_vl_rfs.v:3718]
WARNING: [Synth 8-7071] port 'aclk2x' of module 'axi_register_slice_v2_1_29_axi_register_slice' is unconnected for instance 'reg_slice_mi' [c:/Users/raulm/Desktop/Facultate/Master/Anul 1/Sem1/SDTR/RISCV-RTDS/work/RISCV-RTDS/RISCV-RTDS.gen/sources_1/bd/RV_RTDS/ipshared/fb47/hdl/axi_crossbar_v2_1_vl_rfs.v:3116]
WARNING: [Synth 8-7023] instance 'reg_slice_mi' of module 'axi_register_slice_v2_1_29_axi_register_slice' has 93 connections declared, but only 92 given [c:/Users/raulm/Desktop/Facultate/Master/Anul 1/Sem1/SDTR/RISCV-RTDS/work/RISCV-RTDS/RISCV-RTDS.gen/sources_1/bd/RV_RTDS/ipshared/fb47/hdl/axi_crossbar_v2_1_vl_rfs.v:3116]
WARNING: [Synth 8-7071] port 'aclk2x' of module 'axi_register_slice_v2_1_29_axi_register_slice' is unconnected for instance 'reg_slice_mi' [c:/Users/raulm/Desktop/Facultate/Master/Anul 1/Sem1/SDTR/RISCV-RTDS/work/RISCV-RTDS/RISCV-RTDS.gen/sources_1/bd/RV_RTDS/ipshared/fb47/hdl/axi_crossbar_v2_1_vl_rfs.v:3116]
WARNING: [Synth 8-7023] instance 'reg_slice_mi' of module 'axi_register_slice_v2_1_29_axi_register_slice' has 93 connections declared, but only 92 given [c:/Users/raulm/Desktop/Facultate/Master/Anul 1/Sem1/SDTR/RISCV-RTDS/work/RISCV-RTDS/RISCV-RTDS.gen/sources_1/bd/RV_RTDS/ipshared/fb47/hdl/axi_crossbar_v2_1_vl_rfs.v:3116]
INFO: [Synth 8-6157] synthesizing module 'axi_data_fifo_v2_1_28_axic_srl_fifo__parameterized0' [c:/Users/raulm/Desktop/Facultate/Master/Anul 1/Sem1/SDTR/RISCV-RTDS/work/RISCV-RTDS/RISCV-RTDS.gen/sources_1/bd/RV_RTDS/ipshared/279e/hdl/axi_data_fifo_v2_1_vl_rfs.v:694]
INFO: [Synth 8-6155] done synthesizing module 'axi_data_fifo_v2_1_28_axic_srl_fifo__parameterized0' (0#1) [c:/Users/raulm/Desktop/Facultate/Master/Anul 1/Sem1/SDTR/RISCV-RTDS/work/RISCV-RTDS/RISCV-RTDS.gen/sources_1/bd/RV_RTDS/ipshared/279e/hdl/axi_data_fifo_v2_1_vl_rfs.v:694]
INFO: [Synth 8-6157] synthesizing module 'axi_crossbar_v2_1_30_wdata_mux__parameterized0' [c:/Users/raulm/Desktop/Facultate/Master/Anul 1/Sem1/SDTR/RISCV-RTDS/work/RISCV-RTDS/RISCV-RTDS.gen/sources_1/bd/RV_RTDS/ipshared/fb47/hdl/axi_crossbar_v2_1_vl_rfs.v:4550]
INFO: [Synth 8-6155] done synthesizing module 'axi_crossbar_v2_1_30_wdata_mux__parameterized0' (0#1) [c:/Users/raulm/Desktop/Facultate/Master/Anul 1/Sem1/SDTR/RISCV-RTDS/work/RISCV-RTDS/RISCV-RTDS.gen/sources_1/bd/RV_RTDS/ipshared/fb47/hdl/axi_crossbar_v2_1_vl_rfs.v:4550]
WARNING: [Synth 8-7071] port 'aclk2x' of module 'axi_register_slice_v2_1_29_axi_register_slice' is unconnected for instance 'reg_slice_mi' [c:/Users/raulm/Desktop/Facultate/Master/Anul 1/Sem1/SDTR/RISCV-RTDS/work/RISCV-RTDS/RISCV-RTDS.gen/sources_1/bd/RV_RTDS/ipshared/fb47/hdl/axi_crossbar_v2_1_vl_rfs.v:3116]
WARNING: [Synth 8-7023] instance 'reg_slice_mi' of module 'axi_register_slice_v2_1_29_axi_register_slice' has 93 connections declared, but only 92 given [c:/Users/raulm/Desktop/Facultate/Master/Anul 1/Sem1/SDTR/RISCV-RTDS/work/RISCV-RTDS/RISCV-RTDS.gen/sources_1/bd/RV_RTDS/ipshared/fb47/hdl/axi_crossbar_v2_1_vl_rfs.v:3116]
INFO: [Synth 8-6157] synthesizing module 'axi_crossbar_v2_1_30_decerr_slave' [c:/Users/raulm/Desktop/Facultate/Master/Anul 1/Sem1/SDTR/RISCV-RTDS/work/RISCV-RTDS/RISCV-RTDS.gen/sources_1/bd/RV_RTDS/ipshared/fb47/hdl/axi_crossbar_v2_1_vl_rfs.v:3493]
INFO: [Synth 8-155] case statement is not full and has no default [c:/Users/raulm/Desktop/Facultate/Master/Anul 1/Sem1/SDTR/RISCV-RTDS/work/RISCV-RTDS/RISCV-RTDS.gen/sources_1/bd/RV_RTDS/ipshared/fb47/hdl/axi_crossbar_v2_1_vl_rfs.v:3626]
INFO: [Synth 8-6155] done synthesizing module 'axi_crossbar_v2_1_30_decerr_slave' (0#1) [c:/Users/raulm/Desktop/Facultate/Master/Anul 1/Sem1/SDTR/RISCV-RTDS/work/RISCV-RTDS/RISCV-RTDS.gen/sources_1/bd/RV_RTDS/ipshared/fb47/hdl/axi_crossbar_v2_1_vl_rfs.v:3493]
INFO: [Synth 8-6157] synthesizing module 'axi_crossbar_v2_1_30_addr_arbiter' [c:/Users/raulm/Desktop/Facultate/Master/Anul 1/Sem1/SDTR/RISCV-RTDS/work/RISCV-RTDS/RISCV-RTDS.gen/sources_1/bd/RV_RTDS/ipshared/fb47/hdl/axi_crossbar_v2_1_vl_rfs.v:420]
INFO: [Synth 8-6155] done synthesizing module 'axi_crossbar_v2_1_30_addr_arbiter' (0#1) [c:/Users/raulm/Desktop/Facultate/Master/Anul 1/Sem1/SDTR/RISCV-RTDS/work/RISCV-RTDS/RISCV-RTDS.gen/sources_1/bd/RV_RTDS/ipshared/fb47/hdl/axi_crossbar_v2_1_vl_rfs.v:420]
INFO: [Synth 8-6155] done synthesizing module 'axi_crossbar_v2_1_30_crossbar' (0#1) [c:/Users/raulm/Desktop/Facultate/Master/Anul 1/Sem1/SDTR/RISCV-RTDS/work/RISCV-RTDS/RISCV-RTDS.gen/sources_1/bd/RV_RTDS/ipshared/fb47/hdl/axi_crossbar_v2_1_vl_rfs.v:2232]
INFO: [Synth 8-6155] done synthesizing module 'axi_crossbar_v2_1_30_axi_crossbar' (0#1) [c:/Users/raulm/Desktop/Facultate/Master/Anul 1/Sem1/SDTR/RISCV-RTDS/work/RISCV-RTDS/RISCV-RTDS.gen/sources_1/bd/RV_RTDS/ipshared/fb47/hdl/axi_crossbar_v2_1_vl_rfs.v:4871]
INFO: [Synth 8-6155] done synthesizing module 'RV_RTDS_xbar_0' (0#1) [c:/Users/raulm/Desktop/Facultate/Master/Anul 1/Sem1/SDTR/RISCV-RTDS/work/RISCV-RTDS/RISCV-RTDS.gen/sources_1/bd/RV_RTDS/ip/RV_RTDS_xbar_0/synth/RV_RTDS_xbar_0.v:53]
WARNING: [Synth 8-6014] Unused sequential element areset_d1_reg was removed.  [c:/Users/raulm/Desktop/Facultate/Master/Anul 1/Sem1/SDTR/RISCV-RTDS/work/RISCV-RTDS/RISCV-RTDS.gen/sources_1/bd/RV_RTDS/ipshared/279e/hdl/axi_data_fifo_v2_1_vl_rfs.v:747]
WARNING: [Synth 8-6014] Unused sequential element S_READY_i_reg was removed.  [c:/Users/raulm/Desktop/Facultate/Master/Anul 1/Sem1/SDTR/RISCV-RTDS/work/RISCV-RTDS/RISCV-RTDS.gen/sources_1/bd/RV_RTDS/ipshared/279e/hdl/axi_data_fifo_v2_1_vl_rfs.v:786]
WARNING: [Synth 8-6014] Unused sequential element gen_single_issue.gen_debug_r_single_issue.debug_r_beat_cnt_i_reg was removed.  [c:/Users/raulm/Desktop/Facultate/Master/Anul 1/Sem1/SDTR/RISCV-RTDS/work/RISCV-RTDS/RISCV-RTDS.gen/sources_1/bd/RV_RTDS/ipshared/fb47/hdl/axi_crossbar_v2_1_vl_rfs.v:4078]
WARNING: [Synth 8-6014] Unused sequential element gen_single_issue.gen_debug_r_single_issue.debug_r_beat_cnt_i_reg was removed.  [c:/Users/raulm/Desktop/Facultate/Master/Anul 1/Sem1/SDTR/RISCV-RTDS/work/RISCV-RTDS/RISCV-RTDS.gen/sources_1/bd/RV_RTDS/ipshared/fb47/hdl/axi_crossbar_v2_1_vl_rfs.v:4078]
WARNING: [Synth 8-6014] Unused sequential element areset_d1_reg was removed.  [c:/Users/raulm/Desktop/Facultate/Master/Anul 1/Sem1/SDTR/RISCV-RTDS/work/RISCV-RTDS/RISCV-RTDS.gen/sources_1/bd/RV_RTDS/ipshared/279e/hdl/axi_data_fifo_v2_1_vl_rfs.v:747]
WARNING: [Synth 8-6014] Unused sequential element S_READY_i_reg was removed.  [c:/Users/raulm/Desktop/Facultate/Master/Anul 1/Sem1/SDTR/RISCV-RTDS/work/RISCV-RTDS/RISCV-RTDS.gen/sources_1/bd/RV_RTDS/ipshared/279e/hdl/axi_data_fifo_v2_1_vl_rfs.v:786]
WARNING: [Synth 8-6014] Unused sequential element gen_master_slots[0].gen_mi_write.gen_debug_w.debug_w_beat_cnt_i_reg was removed.  [c:/Users/raulm/Desktop/Facultate/Master/Anul 1/Sem1/SDTR/RISCV-RTDS/work/RISCV-RTDS/RISCV-RTDS.gen/sources_1/bd/RV_RTDS/ipshared/fb47/hdl/axi_crossbar_v2_1_vl_rfs.v:2991]
WARNING: [Synth 8-6014] Unused sequential element gen_master_slots[1].gen_mi_write.gen_debug_w.debug_w_beat_cnt_i_reg was removed.  [c:/Users/raulm/Desktop/Facultate/Master/Anul 1/Sem1/SDTR/RISCV-RTDS/work/RISCV-RTDS/RISCV-RTDS.gen/sources_1/bd/RV_RTDS/ipshared/fb47/hdl/axi_crossbar_v2_1_vl_rfs.v:2991]
WARNING: [Synth 8-6014] Unused sequential element gen_master_slots[2].gen_mi_write.gen_debug_w.debug_w_beat_cnt_i_reg was removed.  [c:/Users/raulm/Desktop/Facultate/Master/Anul 1/Sem1/SDTR/RISCV-RTDS/work/RISCV-RTDS/RISCV-RTDS.gen/sources_1/bd/RV_RTDS/ipshared/fb47/hdl/axi_crossbar_v2_1_vl_rfs.v:2991]
WARNING: [Synth 8-7129] Port ACLK in module axi_register_slice_v2_1_29_axic_register_slice is either unconnected or has no load
WARNING: [Synth 8-7129] Port ARESET in module axi_register_slice_v2_1_29_axic_register_slice is either unconnected or has no load
WARNING: [Synth 8-7129] Port ACLK in module axi_register_slice_v2_1_29_axic_register_slice__parameterized0 is either unconnected or has no load
WARNING: [Synth 8-7129] Port ARESET in module axi_register_slice_v2_1_29_axic_register_slice__parameterized0 is either unconnected or has no load
WARNING: [Synth 8-7129] Port m_axi_buser[0] in module axi_infrastructure_v1_1_0_vector2axi is either unconnected or has no load
WARNING: [Synth 8-7129] Port m_axi_ruser[0] in module axi_infrastructure_v1_1_0_vector2axi is either unconnected or has no load
WARNING: [Synth 8-7129] Port s_axi_awuser[0] in module axi_infrastructure_v1_1_0_axi2vector is either unconnected or has no load
WARNING: [Synth 8-7129] Port s_axi_wid[0] in module axi_infrastructure_v1_1_0_axi2vector is either unconnected or has no load
WARNING: [Synth 8-7129] Port s_axi_wuser[0] in module axi_infrastructure_v1_1_0_axi2vector is either unconnected or has no load
WARNING: [Synth 8-7129] Port s_axi_aruser[0] in module axi_infrastructure_v1_1_0_axi2vector is either unconnected or has no load
WARNING: [Synth 8-7129] Port aclk2x in module axi_register_slice_v2_1_29_axi_register_slice is either unconnected or has no load
WARNING: [Synth 8-7129] Port ACLK in module axi_crossbar_v2_1_30_wdata_mux__parameterized0 is either unconnected or has no load
WARNING: [Synth 8-7129] Port ARESET in module axi_crossbar_v2_1_30_wdata_mux__parameterized0 is either unconnected or has no load
WARNING: [Synth 8-7129] Port S_ASELECT[0] in module axi_crossbar_v2_1_30_wdata_mux__parameterized0 is either unconnected or has no load
WARNING: [Synth 8-7129] Port S_AVALID in module axi_crossbar_v2_1_30_wdata_mux__parameterized0 is either unconnected or has no load
WARNING: [Synth 8-7129] Port ACLK in module axi_crossbar_v2_1_30_wdata_mux is either unconnected or has no load
WARNING: [Synth 8-7129] Port ARESET in module axi_crossbar_v2_1_30_wdata_mux is either unconnected or has no load
WARNING: [Synth 8-7129] Port S_ASELECT[0] in module axi_crossbar_v2_1_30_wdata_mux is either unconnected or has no load
WARNING: [Synth 8-7129] Port S_AVALID in module axi_crossbar_v2_1_30_wdata_mux is either unconnected or has no load
WARNING: [Synth 8-7129] Port ADDR[1] in module axi_crossbar_v2_1_30_addr_decoder is either unconnected or has no load
WARNING: [Synth 8-7129] Port ADDR[0] in module axi_crossbar_v2_1_30_addr_decoder is either unconnected or has no load
WARNING: [Synth 8-7129] Port S_ABURST[1] in module axi_crossbar_v2_1_30_si_transactor__parameterized0 is either unconnected or has no load
WARNING: [Synth 8-7129] Port S_ABURST[0] in module axi_crossbar_v2_1_30_si_transactor__parameterized0 is either unconnected or has no load
WARNING: [Synth 8-7129] Port S_ABURST[1] in module axi_crossbar_v2_1_30_si_transactor is either unconnected or has no load
WARNING: [Synth 8-7129] Port S_ABURST[0] in module axi_crossbar_v2_1_30_si_transactor is either unconnected or has no load
WARNING: [Synth 8-7129] Port S_AXI_AWID[0] in module axi_crossbar_v2_1_30_crossbar is either unconnected or has no load
WARNING: [Synth 8-7129] Port S_AXI_WID[0] in module axi_crossbar_v2_1_30_crossbar is either unconnected or has no load
WARNING: [Synth 8-7129] Port S_AXI_ARID[0] in module axi_crossbar_v2_1_30_crossbar is either unconnected or has no load
WARNING: [Synth 8-7129] Port s_axi_awid[0] in module axi_crossbar_v2_1_30_axi_crossbar is either unconnected or has no load
WARNING: [Synth 8-7129] Port s_axi_awuser[0] in module axi_crossbar_v2_1_30_axi_crossbar is either unconnected or has no load
WARNING: [Synth 8-7129] Port s_axi_wid[0] in module axi_crossbar_v2_1_30_axi_crossbar is either unconnected or has no load
WARNING: [Synth 8-7129] Port s_axi_wuser[0] in module axi_crossbar_v2_1_30_axi_crossbar is either unconnected or has no load
WARNING: [Synth 8-7129] Port s_axi_arid[0] in module axi_crossbar_v2_1_30_axi_crossbar is either unconnected or has no load
WARNING: [Synth 8-7129] Port s_axi_aruser[0] in module axi_crossbar_v2_1_30_axi_crossbar is either unconnected or has no load
WARNING: [Synth 8-7129] Port m_axi_buser[1] in module axi_crossbar_v2_1_30_axi_crossbar is either unconnected or has no load
WARNING: [Synth 8-7129] Port m_axi_buser[0] in module axi_crossbar_v2_1_30_axi_crossbar is either unconnected or has no load
WARNING: [Synth 8-7129] Port m_axi_ruser[1] in module axi_crossbar_v2_1_30_axi_crossbar is either unconnected or has no load
WARNING: [Synth 8-7129] Port m_axi_ruser[0] in module axi_crossbar_v2_1_30_axi_crossbar is either unconnected or has no load
---------------------------------------------------------------------------------
Finished RTL Elaboration : Time (s): cpu = 00:00:31 ; elapsed = 00:00:35 . Memory (MB): peak = 1618.246 ; gain = 685.953
---------------------------------------------------------------------------------
---------------------------------------------------------------------------------
Start Handling Custom Attributes
---------------------------------------------------------------------------------
---------------------------------------------------------------------------------
Finished Handling Custom Attributes : Time (s): cpu = 00:00:31 ; elapsed = 00:00:35 . Memory (MB): peak = 1618.246 ; gain = 685.953
---------------------------------------------------------------------------------
---------------------------------------------------------------------------------
Finished RTL Optimization Phase 1 : Time (s): cpu = 00:00:31 ; elapsed = 00:00:35 . Memory (MB): peak = 1618.246 ; gain = 685.953
---------------------------------------------------------------------------------
Netlist sorting complete. Time (s): cpu = 00:00:00 ; elapsed = 00:00:00.127 . Memory (MB): peak = 1618.246 ; gain = 0.000
INFO: [Project 1-570] Preparing netlist for logic optimization

Processing XDC Constraints
Initializing timing engine
Parsing XDC File [c:/Users/raulm/Desktop/Facultate/Master/Anul 1/Sem1/SDTR/RISCV-RTDS/work/RISCV-RTDS/RISCV-RTDS.gen/sources_1/bd/RV_RTDS/ip/RV_RTDS_xbar_0/RV_RTDS_xbar_0_ooc.xdc] for cell 'inst'
Finished Parsing XDC File [c:/Users/raulm/Desktop/Facultate/Master/Anul 1/Sem1/SDTR/RISCV-RTDS/work/RISCV-RTDS/RISCV-RTDS.gen/sources_1/bd/RV_RTDS/ip/RV_RTDS_xbar_0/RV_RTDS_xbar_0_ooc.xdc] for cell 'inst'
Parsing XDC File [C:/Users/raulm/Desktop/Facultate/Master/Anul 1/Sem1/SDTR/RISCV-RTDS/work/RISCV-RTDS/RISCV-RTDS.runs/RV_RTDS_xbar_0_synth_1/dont_touch.xdc]
Finished Parsing XDC File [C:/Users/raulm/Desktop/Facultate/Master/Anul 1/Sem1/SDTR/RISCV-RTDS/work/RISCV-RTDS/RISCV-RTDS.runs/RV_RTDS_xbar_0_synth_1/dont_touch.xdc]
Completed Processing XDC Constraints

Netlist sorting complete. Time (s): cpu = 00:00:00 ; elapsed = 00:00:00.002 . Memory (MB): peak = 1713.996 ; gain = 0.000
INFO: [Project 1-111] Unisim Transformation Summary:
No Unisim elements were transformed.

The system cannot find the path specified.
Constraint Validation Runtime : Time (s): cpu = 00:00:00 ; elapsed = 00:00:00.099 . Memory (MB): peak = 1713.996 ; gain = 0.000
INFO: [Designutils 20-5008] Incremental synthesis strategy off
---------------------------------------------------------------------------------
Finished Constraint Validation : Time (s): cpu = 00:00:48 ; elapsed = 00:00:55 . Memory (MB): peak = 1713.996 ; gain = 781.703
---------------------------------------------------------------------------------
---------------------------------------------------------------------------------
Start Loading Part and Timing Information
---------------------------------------------------------------------------------
Loading part: xc7z020clg400-1
---------------------------------------------------------------------------------
Finished Loading Part and Timing Information : Time (s): cpu = 00:00:48 ; elapsed = 00:00:55 . Memory (MB): peak = 1713.996 ; gain = 781.703
---------------------------------------------------------------------------------
---------------------------------------------------------------------------------
Start Applying 'set_property' XDC Constraints
---------------------------------------------------------------------------------
Applied set_property KEEP_HIERARCHY = SOFT for inst. (constraint file  {C:/Users/raulm/Desktop/Facultate/Master/Anul 1/Sem1/SDTR/RISCV-RTDS/work/RISCV-RTDS/RISCV-RTDS.runs/RV_RTDS_xbar_0_synth_1/dont_touch.xdc}, line 9).
---------------------------------------------------------------------------------
Finished applying 'set_property' XDC Constraints : Time (s): cpu = 00:00:48 ; elapsed = 00:00:55 . Memory (MB): peak = 1713.996 ; gain = 781.703
---------------------------------------------------------------------------------
INFO: [Synth 8-802] inferred FSM for state register 'state_reg' in module 'axi_data_fifo_v2_1_28_axic_reg_srl_fifo'
INFO: [Synth 8-802] inferred FSM for state register 'gen_axi.write_cs_reg' in module 'axi_crossbar_v2_1_30_decerr_slave'
---------------------------------------------------------------------------------------------------
                   State |                     New Encoding |                Previous Encoding 
---------------------------------------------------------------------------------------------------
                    ZERO |                             1000 |                               10
                     ONE |                             0010 |                               11
                     TWO |                             0001 |                               01
                  iSTATE |                             0100 |                               00
---------------------------------------------------------------------------------------------------
INFO: [Synth 8-3354] encoded FSM with state register 'state_reg' using encoding 'one-hot' in module 'axi_data_fifo_v2_1_28_axic_reg_srl_fifo'
---------------------------------------------------------------------------------------------------
                   State |                     New Encoding |                Previous Encoding 
---------------------------------------------------------------------------------------------------
            P_WRITE_IDLE |                              001 |                               00
            P_WRITE_DATA |                              010 |                               01
            P_WRITE_RESP |                              100 |                               10
---------------------------------------------------------------------------------------------------
INFO: [Synth 8-3354] encoded FSM with state register 'gen_axi.write_cs_reg' using encoding 'one-hot' in module 'axi_crossbar_v2_1_30_decerr_slave'
---------------------------------------------------------------------------------
Finished RTL Optimization Phase 2 : Time (s): cpu = 00:00:49 ; elapsed = 00:00:56 . Memory (MB): peak = 1713.996 ; gain = 781.703
---------------------------------------------------------------------------------
---------------------------------------------------------------------------------
Start RTL Component Statistics 
---------------------------------------------------------------------------------
Detailed RTL Component Info : 
+---Adders : 
	   2 Input    8 Bit       Adders := 3     
	   2 Input    2 Bit       Adders := 11    
	   2 Input    1 Bit       Adders := 2     
+---XORs : 
	   2 Input      1 Bit         XORs := 6     
+---Registers : 
	               64 Bit    Registers := 2     
	               36 Bit    Registers := 6     
	                8 Bit    Registers := 3     
	                3 Bit    Registers := 7     
	                2 Bit    Registers := 17    
	                1 Bit    Registers := 37    
+---Muxes : 
	   2 Input   36 Bit        Muxes := 6     
	   2 Input   24 Bit        Muxes := 6     
	   2 Input    8 Bit        Muxes := 1     
	   2 Input    4 Bit        Muxes := 5     
	   3 Input    4 Bit        Muxes := 1     
	   2 Input    3 Bit        Muxes := 2     
	   2 Input    2 Bit        Muxes := 21    
	   2 Input    1 Bit        Muxes := 41    
	   4 Input    1 Bit        Muxes := 3     
	   3 Input    1 Bit        Muxes := 9     
---------------------------------------------------------------------------------
Finished RTL Component Statistics 
---------------------------------------------------------------------------------
---------------------------------------------------------------------------------
Start Part Resource Summary
---------------------------------------------------------------------------------
Part Resources:
DSPs: 220 (col length:60)
BRAMs: 280 (col length: RAMB18 60 RAMB36 30)
---------------------------------------------------------------------------------
Finished Part Resource Summary
---------------------------------------------------------------------------------
---------------------------------------------------------------------------------
Start Cross Boundary and Area Optimization
---------------------------------------------------------------------------------
WARNING: [Synth 8-7080] Parallel synthesis criteria is not met
WARNING: [Synth 8-7129] Port s_axi_awid[0] in module axi_crossbar_v2_1_30_axi_crossbar is either unconnected or has no load
WARNING: [Synth 8-7129] Port s_axi_awuser[0] in module axi_crossbar_v2_1_30_axi_crossbar is either unconnected or has no load
WARNING: [Synth 8-7129] Port s_axi_wid[0] in module axi_crossbar_v2_1_30_axi_crossbar is either unconnected or has no load
WARNING: [Synth 8-7129] Port s_axi_wuser[0] in module axi_crossbar_v2_1_30_axi_crossbar is either unconnected or has no load
WARNING: [Synth 8-7129] Port s_axi_arid[0] in module axi_crossbar_v2_1_30_axi_crossbar is either unconnected or has no load
WARNING: [Synth 8-7129] Port s_axi_aruser[0] in module axi_crossbar_v2_1_30_axi_crossbar is either unconnected or has no load
WARNING: [Synth 8-7129] Port m_axi_buser[1] in module axi_crossbar_v2_1_30_axi_crossbar is either unconnected or has no load
WARNING: [Synth 8-7129] Port m_axi_buser[0] in module axi_crossbar_v2_1_30_axi_crossbar is either unconnected or has no load
WARNING: [Synth 8-7129] Port m_axi_ruser[1] in module axi_crossbar_v2_1_30_axi_crossbar is either unconnected or has no load
WARNING: [Synth 8-7129] Port m_axi_ruser[0] in module axi_crossbar_v2_1_30_axi_crossbar is either unconnected or has no load
INFO: [Synth 8-3332] Sequential element (gen_samd.crossbar_samd/gen_slave_slots[0].gen_si_write.wdata_router_w/wrouter_aw_fifo/FSM_onehot_state_reg[2]) is unused and will be removed from module axi_crossbar_v2_1_30_axi_crossbar.
---------------------------------------------------------------------------------
Finished Cross Boundary and Area Optimization : Time (s): cpu = 00:00:55 ; elapsed = 00:01:02 . Memory (MB): peak = 1713.996 ; gain = 781.703
---------------------------------------------------------------------------------
---------------------------------------------------------------------------------
Start Applying XDC Timing Constraints
---------------------------------------------------------------------------------
---------------------------------------------------------------------------------
Finished Applying XDC Timing Constraints : Time (s): cpu = 00:01:05 ; elapsed = 00:01:12 . Memory (MB): peak = 1713.996 ; gain = 781.703
---------------------------------------------------------------------------------
---------------------------------------------------------------------------------
Start Timing Optimization
---------------------------------------------------------------------------------
---------------------------------------------------------------------------------
Finished Timing Optimization : Time (s): cpu = 00:01:07 ; elapsed = 00:01:14 . Memory (MB): peak = 1713.996 ; gain = 781.703
---------------------------------------------------------------------------------
---------------------------------------------------------------------------------
Start Technology Mapping
---------------------------------------------------------------------------------
---------------------------------------------------------------------------------
Finished Technology Mapping : Time (s): cpu = 00:01:07 ; elapsed = 00:01:15 . Memory (MB): peak = 1713.996 ; gain = 781.703
---------------------------------------------------------------------------------
---------------------------------------------------------------------------------
Start IO Insertion
---------------------------------------------------------------------------------
---------------------------------------------------------------------------------
Start Flattening Before IO Insertion
---------------------------------------------------------------------------------
---------------------------------------------------------------------------------
Finished Flattening Before IO Insertion
---------------------------------------------------------------------------------
---------------------------------------------------------------------------------
Start Final Netlist Cleanup
---------------------------------------------------------------------------------
---------------------------------------------------------------------------------
Finished Final Netlist Cleanup
---------------------------------------------------------------------------------
---------------------------------------------------------------------------------
Finished IO Insertion : Time (s): cpu = 00:01:17 ; elapsed = 00:01:24 . Memory (MB): peak = 1713.996 ; gain = 781.703
---------------------------------------------------------------------------------
---------------------------------------------------------------------------------
Start Renaming Generated Instances
---------------------------------------------------------------------------------
---------------------------------------------------------------------------------
Finished Renaming Generated Instances : Time (s): cpu = 00:01:17 ; elapsed = 00:01:24 . Memory (MB): peak = 1713.996 ; gain = 781.703
---------------------------------------------------------------------------------
---------------------------------------------------------------------------------
Start Rebuilding User Hierarchy
---------------------------------------------------------------------------------
---------------------------------------------------------------------------------
Finished Rebuilding User Hierarchy : Time (s): cpu = 00:01:17 ; elapsed = 00:01:25 . Memory (MB): peak = 1713.996 ; gain = 781.703
---------------------------------------------------------------------------------
---------------------------------------------------------------------------------
Start Renaming Generated Ports
---------------------------------------------------------------------------------
---------------------------------------------------------------------------------
Finished Renaming Generated Ports : Time (s): cpu = 00:01:17 ; elapsed = 00:01:25 . Memory (MB): peak = 1713.996 ; gain = 781.703
---------------------------------------------------------------------------------
---------------------------------------------------------------------------------
Start Handling Custom Attributes
---------------------------------------------------------------------------------
---------------------------------------------------------------------------------
Finished Handling Custom Attributes : Time (s): cpu = 00:01:17 ; elapsed = 00:01:25 . Memory (MB): peak = 1713.996 ; gain = 781.703
---------------------------------------------------------------------------------
---------------------------------------------------------------------------------
Start Renaming Generated Nets
---------------------------------------------------------------------------------
---------------------------------------------------------------------------------
Finished Renaming Generated Nets : Time (s): cpu = 00:01:17 ; elapsed = 00:01:25 . Memory (MB): peak = 1713.996 ; gain = 781.703
---------------------------------------------------------------------------------
---------------------------------------------------------------------------------
Start Writing Synthesis Report
---------------------------------------------------------------------------------

Report BlackBoxes: 
+-+--------------+----------+
| |BlackBox name |Instances |
+-+--------------+----------+
+-+--------------+----------+

Report Cell Usage: 
+------+--------+------+
|      |Cell    |Count |
+------+--------+------+
|1     |LUT1    |     3|
|2     |LUT2    |     8|
|3     |LUT3    |    96|
|4     |LUT4    |    71|
|5     |LUT5    |    32|
|6     |LUT6    |    56|
|7     |SRLC32E |     2|
|8     |FDRE    |   328|
|9     |FDSE    |     6|
+------+--------+------+
---------------------------------------------------------------------------------
Finished Writing Synthesis Report : Time (s): cpu = 00:01:17 ; elapsed = 00:01:25 . Memory (MB): peak = 1713.996 ; gain = 781.703
---------------------------------------------------------------------------------
Synthesis finished with 0 errors, 0 critical warnings and 11 warnings.
Synthesis Optimization Runtime : Time (s): cpu = 00:00:41 ; elapsed = 00:01:17 . Memory (MB): peak = 1713.996 ; gain = 685.953
Synthesis Optimization Complete : Time (s): cpu = 00:01:17 ; elapsed = 00:01:25 . Memory (MB): peak = 1713.996 ; gain = 781.703
INFO: [Project 1-571] Translating synthesized netlist
Netlist sorting complete. Time (s): cpu = 00:00:00 ; elapsed = 00:00:00.044 . Memory (MB): peak = 1713.996 ; gain = 0.000
INFO: [Project 1-570] Preparing netlist for logic optimization
INFO: [Opt 31-138] Pushed 0 inverter(s) to 0 load pin(s).
Netlist sorting complete. Time (s): cpu = 00:00:00 ; elapsed = 00:00:00.001 . Memory (MB): peak = 1713.996 ; gain = 0.000
INFO: [Project 1-111] Unisim Transformation Summary:
No Unisim elements were transformed.

The system cannot find the path specified.
Synth Design complete | Checksum: 69b8ff3
INFO: [Common 17-83] Releasing license: Synthesis
79 Infos, 64 Warnings, 0 Critical Warnings and 0 Errors encountered.
synth_design completed successfully
synth_design: Time (s): cpu = 00:01:26 ; elapsed = 00:01:36 . Memory (MB): peak = 1713.996 ; gain = 1205.684
Write ShapeDB Complete: Time (s): cpu = 00:00:00 ; elapsed = 00:00:00.003 . Memory (MB): peak = 1713.996 ; gain = 0.000
INFO: [Common 17-1381] The checkpoint 'C:/Users/raulm/Desktop/Facultate/Master/Anul 1/Sem1/SDTR/RISCV-RTDS/work/RISCV-RTDS/RISCV-RTDS.runs/RV_RTDS_xbar_0_synth_1/RV_RTDS_xbar_0.dcp' has been generated.
INFO: [Coretcl 2-1648] Added synthesis output to IP cache for IP RV_RTDS_xbar_0, cache-ID = f98f35595e39dffc
INFO: [Coretcl 2-1174] Renamed 22 cell refs.
Write ShapeDB Complete: Time (s): cpu = 00:00:00 ; elapsed = 00:00:00.006 . Memory (MB): peak = 1713.996 ; gain = 0.000
INFO: [Common 17-1381] The checkpoint 'C:/Users/raulm/Desktop/Facultate/Master/Anul 1/Sem1/SDTR/RISCV-RTDS/work/RISCV-RTDS/RISCV-RTDS.runs/RV_RTDS_xbar_0_synth_1/RV_RTDS_xbar_0.dcp' has been generated.
INFO: [runtcl-4] Executing : report_utilization -file RV_RTDS_xbar_0_utilization_synth.rpt -pb RV_RTDS_xbar_0_utilization_synth.pb
INFO: [Common 17-206] Exiting Vivado at Thu Nov  9 17:34:09 2023...
