
*** Running vivado
    with args -log PynqZ2_platform_wrapper.vdi -applog -m64 -product Vivado -messageDb vivado.pb -mode batch -source PynqZ2_platform_wrapper.tcl -notrace



****** Vivado v2023.2 (64-bit)
  **** SW Build 4029153 on Fri Oct 13 20:14:34 MDT 2023
  **** IP Build 4028589 on Sat Oct 14 00:45:43 MDT 2023
  **** SharedData Build 4025554 on Tue Oct 10 17:18:54 MDT 2023
    ** Copyright 1986-2022 Xilinx, Inc. All Rights Reserved.
    ** Copyright 2022-2023 Advanced Micro Devices, Inc. All Rights Reserved.

source PynqZ2_platform_wrapper.tcl -notrace
CRITICAL WARNING: [Board 49-4] Problem parsing board_part file - D:/VivadoSuiteStandard/Vivado/2023.2/data/boards/board_files/pynq-z2/1.0/board.xml
Resolution: Check that the file is valid using an XML validation tool such as xmllint.
CRITICAL WARNING: [Board 49-4] Problem parsing board_part file - D:/VivadoSuiteStandard/Vivado/2023.2/data/xhub/boards/XilinxBoardStore/boards/Xilinx/pynq-z2/1.0/board.xml
Resolution: Check that the file is valid using an XML validation tool such as xmllint.
create_project: Time (s): cpu = 00:00:18 ; elapsed = 00:00:19 . Memory (MB): peak = 805.398 ; gain = 419.812
INFO: [IP_Flow 19-234] Refreshing IP repositories
INFO: [IP_Flow 19-1704] No user IP repositories specified
INFO: [IP_Flow 19-2313] Loaded Vivado IP repository 'D:/VivadoSuiteStandard/Vivado/2023.2/data/ip'.
Command: link_design -top PynqZ2_platform_wrapper -part xc7z020clg400-1
Design is defaulting to srcset: sources_1
Design is defaulting to constrset: constrs_1
INFO: [Device 21-403] Loading part xc7z020clg400-1
INFO: [Project 1-454] Reading design checkpoint 'c:/Users/raulm/Desktop/Facultate/Master/Anul1/Sem1/SDTR/RISCV-RTDS/work/PynqZ2_platform/PynqZ2 platform.gen/sources_1/bd/PynqZ2_platform/ip/PynqZ2_platform_axi_bram_ctrl_0_0/PynqZ2_platform_axi_bram_ctrl_0_0.dcp' for cell 'PynqZ2_platform_i/BRAM'
INFO: [Project 1-454] Reading design checkpoint 'c:/Users/raulm/Desktop/Facultate/Master/Anul1/Sem1/SDTR/RISCV-RTDS/work/PynqZ2_platform/PynqZ2 platform.gen/sources_1/bd/PynqZ2_platform/ip/PynqZ2_platform_BRAM_bram_0/PynqZ2_platform_BRAM_bram_0.dcp' for cell 'PynqZ2_platform_i/BRAM_bram'
INFO: [Project 1-454] Reading design checkpoint 'c:/Users/raulm/Desktop/Facultate/Master/Anul1/Sem1/SDTR/RISCV-RTDS/work/PynqZ2_platform/PynqZ2 platform.gen/sources_1/bd/PynqZ2_platform/ip/PynqZ2_platform_axi_gpio_0_1/PynqZ2_platform_axi_gpio_0_1.dcp' for cell 'PynqZ2_platform_i/buttons'
INFO: [Project 1-454] Reading design checkpoint 'c:/Users/raulm/Desktop/Facultate/Master/Anul1/Sem1/SDTR/RISCV-RTDS/work/PynqZ2_platform/PynqZ2 platform.gen/sources_1/bd/PynqZ2_platform/ip/PynqZ2_platform_axi_gpio_0_0/PynqZ2_platform_axi_gpio_0_0.dcp' for cell 'PynqZ2_platform_i/leds'
INFO: [Project 1-454] Reading design checkpoint 'c:/Users/raulm/Desktop/Facultate/Master/Anul1/Sem1/SDTR/RISCV-RTDS/work/PynqZ2_platform/PynqZ2 platform.gen/sources_1/bd/PynqZ2_platform/ip/PynqZ2_platform_processing_system7_0_0/PynqZ2_platform_processing_system7_0_0.dcp' for cell 'PynqZ2_platform_i/processing_system7_0'
INFO: [Project 1-454] Reading design checkpoint 'c:/Users/raulm/Desktop/Facultate/Master/Anul1/Sem1/SDTR/RISCV-RTDS/work/PynqZ2_platform/PynqZ2 platform.gen/sources_1/bd/PynqZ2_platform/ip/PynqZ2_platform_rst_ps7_0_100M_0/PynqZ2_platform_rst_ps7_0_100M_0.dcp' for cell 'PynqZ2_platform_i/rst_ps7_0_100M'
INFO: [Project 1-454] Reading design checkpoint 'c:/Users/raulm/Desktop/Facultate/Master/Anul1/Sem1/SDTR/RISCV-RTDS/work/PynqZ2_platform/PynqZ2 platform.gen/sources_1/bd/PynqZ2_platform/ip/PynqZ2_platform_axi_gpio_0_2/PynqZ2_platform_axi_gpio_0_2.dcp' for cell 'PynqZ2_platform_i/switches'
INFO: [Project 1-454] Reading design checkpoint 'c:/Users/raulm/Desktop/Facultate/Master/Anul1/Sem1/SDTR/RISCV-RTDS/work/PynqZ2_platform/PynqZ2 platform.gen/sources_1/bd/PynqZ2_platform/ip/PynqZ2_platform_xbar_0/PynqZ2_platform_xbar_0.dcp' for cell 'PynqZ2_platform_i/axi_interconnect_0/xbar'
INFO: [Project 1-454] Reading design checkpoint 'c:/Users/raulm/Desktop/Facultate/Master/Anul1/Sem1/SDTR/RISCV-RTDS/work/PynqZ2_platform/PynqZ2 platform.gen/sources_1/bd/PynqZ2_platform/ip/PynqZ2_platform_auto_pc_0/PynqZ2_platform_auto_pc_0.dcp' for cell 'PynqZ2_platform_i/axi_interconnect_0/m01_couplers/auto_pc'
INFO: [Project 1-454] Reading design checkpoint 'c:/Users/raulm/Desktop/Facultate/Master/Anul1/Sem1/SDTR/RISCV-RTDS/work/PynqZ2_platform/PynqZ2 platform.gen/sources_1/bd/PynqZ2_platform/ip/PynqZ2_platform_auto_pc_1/PynqZ2_platform_auto_pc_1.dcp' for cell 'PynqZ2_platform_i/axi_interconnect_0/m02_couplers/auto_pc'
INFO: [Project 1-454] Reading design checkpoint 'c:/Users/raulm/Desktop/Facultate/Master/Anul1/Sem1/SDTR/RISCV-RTDS/work/PynqZ2_platform/PynqZ2 platform.gen/sources_1/bd/PynqZ2_platform/ip/PynqZ2_platform_auto_pc_2/PynqZ2_platform_auto_pc_2.dcp' for cell 'PynqZ2_platform_i/axi_interconnect_0/m03_couplers/auto_pc'
INFO: [Project 1-454] Reading design checkpoint 'c:/Users/raulm/Desktop/Facultate/Master/Anul1/Sem1/SDTR/RISCV-RTDS/work/PynqZ2_platform/PynqZ2 platform.gen/sources_1/bd/PynqZ2_platform/ip/PynqZ2_platform_auto_pc_3/PynqZ2_platform_auto_pc_3.dcp' for cell 'PynqZ2_platform_i/axi_interconnect_0/s00_couplers/auto_pc'
Netlist sorting complete. Time (s): cpu = 00:00:00 ; elapsed = 00:00:00.409 . Memory (MB): peak = 1272.625 ; gain = 0.309
INFO: [Netlist 29-17] Analyzing 157 Unisim elements for replacement
INFO: [Netlist 29-28] Unisim Transformation completed in 0 CPU seconds
INFO: [Project 1-479] Netlist was created with Vivado 2023.2
INFO: [Project 1-570] Preparing netlist for logic optimization
Parsing XDC File [c:/Users/raulm/Desktop/Facultate/Master/Anul1/Sem1/SDTR/RISCV-RTDS/work/PynqZ2_platform/PynqZ2 platform.gen/sources_1/bd/PynqZ2_platform/ip/PynqZ2_platform_processing_system7_0_0/PynqZ2_platform_processing_system7_0_0.xdc] for cell 'PynqZ2_platform_i/processing_system7_0/inst'
Finished Parsing XDC File [c:/Users/raulm/Desktop/Facultate/Master/Anul1/Sem1/SDTR/RISCV-RTDS/work/PynqZ2_platform/PynqZ2 platform.gen/sources_1/bd/PynqZ2_platform/ip/PynqZ2_platform_processing_system7_0_0/PynqZ2_platform_processing_system7_0_0.xdc] for cell 'PynqZ2_platform_i/processing_system7_0/inst'
Parsing XDC File [c:/Users/raulm/Desktop/Facultate/Master/Anul1/Sem1/SDTR/RISCV-RTDS/work/PynqZ2_platform/PynqZ2 platform.gen/sources_1/bd/PynqZ2_platform/ip/PynqZ2_platform_axi_gpio_0_0/PynqZ2_platform_axi_gpio_0_0_board.xdc] for cell 'PynqZ2_platform_i/leds/U0'
Finished Parsing XDC File [c:/Users/raulm/Desktop/Facultate/Master/Anul1/Sem1/SDTR/RISCV-RTDS/work/PynqZ2_platform/PynqZ2 platform.gen/sources_1/bd/PynqZ2_platform/ip/PynqZ2_platform_axi_gpio_0_0/PynqZ2_platform_axi_gpio_0_0_board.xdc] for cell 'PynqZ2_platform_i/leds/U0'
Parsing XDC File [c:/Users/raulm/Desktop/Facultate/Master/Anul1/Sem1/SDTR/RISCV-RTDS/work/PynqZ2_platform/PynqZ2 platform.gen/sources_1/bd/PynqZ2_platform/ip/PynqZ2_platform_axi_gpio_0_0/PynqZ2_platform_axi_gpio_0_0.xdc] for cell 'PynqZ2_platform_i/leds/U0'
Finished Parsing XDC File [c:/Users/raulm/Desktop/Facultate/Master/Anul1/Sem1/SDTR/RISCV-RTDS/work/PynqZ2_platform/PynqZ2 platform.gen/sources_1/bd/PynqZ2_platform/ip/PynqZ2_platform_axi_gpio_0_0/PynqZ2_platform_axi_gpio_0_0.xdc] for cell 'PynqZ2_platform_i/leds/U0'
Parsing XDC File [c:/Users/raulm/Desktop/Facultate/Master/Anul1/Sem1/SDTR/RISCV-RTDS/work/PynqZ2_platform/PynqZ2 platform.gen/sources_1/bd/PynqZ2_platform/ip/PynqZ2_platform_axi_gpio_0_1/PynqZ2_platform_axi_gpio_0_1_board.xdc] for cell 'PynqZ2_platform_i/buttons/U0'
Finished Parsing XDC File [c:/Users/raulm/Desktop/Facultate/Master/Anul1/Sem1/SDTR/RISCV-RTDS/work/PynqZ2_platform/PynqZ2 platform.gen/sources_1/bd/PynqZ2_platform/ip/PynqZ2_platform_axi_gpio_0_1/PynqZ2_platform_axi_gpio_0_1_board.xdc] for cell 'PynqZ2_platform_i/buttons/U0'
Parsing XDC File [c:/Users/raulm/Desktop/Facultate/Master/Anul1/Sem1/SDTR/RISCV-RTDS/work/PynqZ2_platform/PynqZ2 platform.gen/sources_1/bd/PynqZ2_platform/ip/PynqZ2_platform_axi_gpio_0_1/PynqZ2_platform_axi_gpio_0_1.xdc] for cell 'PynqZ2_platform_i/buttons/U0'
Finished Parsing XDC File [c:/Users/raulm/Desktop/Facultate/Master/Anul1/Sem1/SDTR/RISCV-RTDS/work/PynqZ2_platform/PynqZ2 platform.gen/sources_1/bd/PynqZ2_platform/ip/PynqZ2_platform_axi_gpio_0_1/PynqZ2_platform_axi_gpio_0_1.xdc] for cell 'PynqZ2_platform_i/buttons/U0'
Parsing XDC File [c:/Users/raulm/Desktop/Facultate/Master/Anul1/Sem1/SDTR/RISCV-RTDS/work/PynqZ2_platform/PynqZ2 platform.gen/sources_1/bd/PynqZ2_platform/ip/PynqZ2_platform_axi_gpio_0_2/PynqZ2_platform_axi_gpio_0_2_board.xdc] for cell 'PynqZ2_platform_i/switches/U0'
Finished Parsing XDC File [c:/Users/raulm/Desktop/Facultate/Master/Anul1/Sem1/SDTR/RISCV-RTDS/work/PynqZ2_platform/PynqZ2 platform.gen/sources_1/bd/PynqZ2_platform/ip/PynqZ2_platform_axi_gpio_0_2/PynqZ2_platform_axi_gpio_0_2_board.xdc] for cell 'PynqZ2_platform_i/switches/U0'
Parsing XDC File [c:/Users/raulm/Desktop/Facultate/Master/Anul1/Sem1/SDTR/RISCV-RTDS/work/PynqZ2_platform/PynqZ2 platform.gen/sources_1/bd/PynqZ2_platform/ip/PynqZ2_platform_axi_gpio_0_2/PynqZ2_platform_axi_gpio_0_2.xdc] for cell 'PynqZ2_platform_i/switches/U0'
Finished Parsing XDC File [c:/Users/raulm/Desktop/Facultate/Master/Anul1/Sem1/SDTR/RISCV-RTDS/work/PynqZ2_platform/PynqZ2 platform.gen/sources_1/bd/PynqZ2_platform/ip/PynqZ2_platform_axi_gpio_0_2/PynqZ2_platform_axi_gpio_0_2.xdc] for cell 'PynqZ2_platform_i/switches/U0'
Parsing XDC File [c:/Users/raulm/Desktop/Facultate/Master/Anul1/Sem1/SDTR/RISCV-RTDS/work/PynqZ2_platform/PynqZ2 platform.gen/sources_1/bd/PynqZ2_platform/ip/PynqZ2_platform_rst_ps7_0_100M_0/PynqZ2_platform_rst_ps7_0_100M_0_board.xdc] for cell 'PynqZ2_platform_i/rst_ps7_0_100M/U0'
Finished Parsing XDC File [c:/Users/raulm/Desktop/Facultate/Master/Anul1/Sem1/SDTR/RISCV-RTDS/work/PynqZ2_platform/PynqZ2 platform.gen/sources_1/bd/PynqZ2_platform/ip/PynqZ2_platform_rst_ps7_0_100M_0/PynqZ2_platform_rst_ps7_0_100M_0_board.xdc] for cell 'PynqZ2_platform_i/rst_ps7_0_100M/U0'
Parsing XDC File [c:/Users/raulm/Desktop/Facultate/Master/Anul1/Sem1/SDTR/RISCV-RTDS/work/PynqZ2_platform/PynqZ2 platform.gen/sources_1/bd/PynqZ2_platform/ip/PynqZ2_platform_rst_ps7_0_100M_0/PynqZ2_platform_rst_ps7_0_100M_0.xdc] for cell 'PynqZ2_platform_i/rst_ps7_0_100M/U0'
Finished Parsing XDC File [c:/Users/raulm/Desktop/Facultate/Master/Anul1/Sem1/SDTR/RISCV-RTDS/work/PynqZ2_platform/PynqZ2 platform.gen/sources_1/bd/PynqZ2_platform/ip/PynqZ2_platform_rst_ps7_0_100M_0/PynqZ2_platform_rst_ps7_0_100M_0.xdc] for cell 'PynqZ2_platform_i/rst_ps7_0_100M/U0'
INFO: [Opt 31-138] Pushed 0 inverter(s) to 0 load pin(s).
Generating merged BMM file for the design top 'PynqZ2_platform_wrapper'...
Netlist sorting complete. Time (s): cpu = 00:00:00 ; elapsed = 00:00:00.006 . Memory (MB): peak = 1442.770 ; gain = 0.000
INFO: [Project 1-111] Unisim Transformation Summary:
  A total of 4 instances were transformed.
  IOBUF => IOBUF (IBUF, OBUFT): 4 instances

The system cannot find the path specified.
22 Infos, 0 Warnings, 2 Critical Warnings and 0 Errors encountered.
link_design completed successfully
link_design: Time (s): cpu = 00:00:15 ; elapsed = 00:00:19 . Memory (MB): peak = 1442.770 ; gain = 607.113
Command: opt_design
Attempting to get a license for feature 'Implementation' and/or device 'xc7z020'
INFO: [Common 17-349] Got license for feature 'Implementation' and/or device 'xc7z020'
Running DRC as a precondition to command opt_design

Starting DRC Task
INFO: [DRC 23-27] Running DRC with 2 threads
INFO: [Project 1-461] DRC finished with 0 Errors
INFO: [Project 1-462] Please refer to the DRC report (report_drc) for more information.

Time (s): cpu = 00:00:03 ; elapsed = 00:00:01 . Memory (MB): peak = 1467.727 ; gain = 24.957

Starting Cache Timing Information Task
INFO: [Timing 38-35] Done setting XDC timing constraints.
Ending Cache Timing Information Task | Checksum: 1ed3c4356

Time (s): cpu = 00:00:10 ; elapsed = 00:00:11 . Memory (MB): peak = 2019.832 ; gain = 552.105

Starting Logic Optimization Task

Phase 1 Initialization

Phase 1.1 Core Generation And Design Setup
Phase 1.1 Core Generation And Design Setup | Checksum: 1ed3c4356

Time (s): cpu = 00:00:00 ; elapsed = 00:00:00.015 . Memory (MB): peak = 2404.469 ; gain = 0.000

Phase 1.2 Setup Constraints And Sort Netlist
Phase 1.2 Setup Constraints And Sort Netlist | Checksum: 1ed3c4356

Time (s): cpu = 00:00:00 ; elapsed = 00:00:00.026 . Memory (MB): peak = 2404.469 ; gain = 0.000
Phase 1 Initialization | Checksum: 1ed3c4356

Time (s): cpu = 00:00:00 ; elapsed = 00:00:00.029 . Memory (MB): peak = 2404.469 ; gain = 0.000

Phase 2 Timer Update And Timing Data Collection

Phase 2.1 Timer Update
Phase 2.1 Timer Update | Checksum: 1ed3c4356

Time (s): cpu = 00:00:00 ; elapsed = 00:00:00.192 . Memory (MB): peak = 2404.469 ; gain = 0.000

Phase 2.2 Timing Data Collection
Phase 2.2 Timing Data Collection | Checksum: 1ed3c4356

Time (s): cpu = 00:00:00 ; elapsed = 00:00:00.216 . Memory (MB): peak = 2404.469 ; gain = 0.000
Phase 2 Timer Update And Timing Data Collection | Checksum: 1ed3c4356

Time (s): cpu = 00:00:00 ; elapsed = 00:00:00.220 . Memory (MB): peak = 2404.469 ; gain = 0.000

Phase 3 Retarget
INFO: [Opt 31-1566] Pulled 4 inverters resulting in an inversion of 30 pins
INFO: [Opt 31-138] Pushed 1 inverter(s) to 4 load pin(s).
INFO: [Opt 31-49] Retargeted 0 cell(s).
Phase 3 Retarget | Checksum: 1e83fa143

Time (s): cpu = 00:00:01 ; elapsed = 00:00:00.433 . Memory (MB): peak = 2404.469 ; gain = 0.000
Retarget | Checksum: 1e83fa143
INFO: [Opt 31-389] Phase Retarget created 14 cells and removed 43 cells
INFO: [Opt 31-1021] In phase Retarget, 10 netlist objects are constrained preventing optimization. Please run opt_design with -debug_log to get more detail. 

Phase 4 Constant propagation
INFO: [Opt 31-138] Pushed 0 inverter(s) to 0 load pin(s).
Phase 4 Constant propagation | Checksum: 2364bdd1b

Time (s): cpu = 00:00:01 ; elapsed = 00:00:00.570 . Memory (MB): peak = 2404.469 ; gain = 0.000
Constant propagation | Checksum: 2364bdd1b
INFO: [Opt 31-389] Phase Constant propagation created 80 cells and removed 262 cells

Phase 5 Sweep
Phase 5 Sweep | Checksum: 167067a08

Time (s): cpu = 00:00:01 ; elapsed = 00:00:01 . Memory (MB): peak = 2404.469 ; gain = 0.000
Sweep | Checksum: 167067a08
INFO: [Opt 31-389] Phase Sweep created 0 cells and removed 545 cells

Phase 6 BUFG optimization
Phase 6 BUFG optimization | Checksum: 167067a08

Time (s): cpu = 00:00:02 ; elapsed = 00:00:01 . Memory (MB): peak = 2404.469 ; gain = 0.000
BUFG optimization | Checksum: 167067a08
INFO: [Opt 31-662] Phase BUFG optimization created 0 cells of which 0 are BUFGs and removed 0 cells.

Phase 7 Shift Register Optimization
WARNING: [Opt 31-1131] Can not pull register out from PynqZ2_platform_i/BRAM/U0/gext_inst.abcv4_0_ext_inst/GEN_AXI4.I_FULL_AXI/I_WR_CHNL/BID_FIFO/FIFO_RAM[0].SRL16E_I due to none static srl address bits
WARNING: [Opt 31-1131] Can not pull register out from PynqZ2_platform_i/BRAM/U0/gext_inst.abcv4_0_ext_inst/GEN_AXI4.I_FULL_AXI/I_WR_CHNL/BID_FIFO/FIFO_RAM[10].SRL16E_I due to none static srl address bits
WARNING: [Opt 31-1131] Can not pull register out from PynqZ2_platform_i/BRAM/U0/gext_inst.abcv4_0_ext_inst/GEN_AXI4.I_FULL_AXI/I_WR_CHNL/BID_FIFO/FIFO_RAM[11].SRL16E_I due to none static srl address bits
WARNING: [Opt 31-1131] Can not pull register out from PynqZ2_platform_i/BRAM/U0/gext_inst.abcv4_0_ext_inst/GEN_AXI4.I_FULL_AXI/I_WR_CHNL/BID_FIFO/FIFO_RAM[1].SRL16E_I due to none static srl address bits
WARNING: [Opt 31-1131] Can not pull register out from PynqZ2_platform_i/BRAM/U0/gext_inst.abcv4_0_ext_inst/GEN_AXI4.I_FULL_AXI/I_WR_CHNL/BID_FIFO/FIFO_RAM[2].SRL16E_I due to none static srl address bits
WARNING: [Opt 31-1131] Can not pull register out from PynqZ2_platform_i/BRAM/U0/gext_inst.abcv4_0_ext_inst/GEN_AXI4.I_FULL_AXI/I_WR_CHNL/BID_FIFO/FIFO_RAM[3].SRL16E_I due to none static srl address bits
WARNING: [Opt 31-1131] Can not pull register out from PynqZ2_platform_i/BRAM/U0/gext_inst.abcv4_0_ext_inst/GEN_AXI4.I_FULL_AXI/I_WR_CHNL/BID_FIFO/FIFO_RAM[4].SRL16E_I due to none static srl address bits
WARNING: [Opt 31-1131] Can not pull register out from PynqZ2_platform_i/BRAM/U0/gext_inst.abcv4_0_ext_inst/GEN_AXI4.I_FULL_AXI/I_WR_CHNL/BID_FIFO/FIFO_RAM[5].SRL16E_I due to none static srl address bits
WARNING: [Opt 31-1131] Can not pull register out from PynqZ2_platform_i/BRAM/U0/gext_inst.abcv4_0_ext_inst/GEN_AXI4.I_FULL_AXI/I_WR_CHNL/BID_FIFO/FIFO_RAM[6].SRL16E_I due to none static srl address bits
WARNING: [Opt 31-1131] Can not pull register out from PynqZ2_platform_i/BRAM/U0/gext_inst.abcv4_0_ext_inst/GEN_AXI4.I_FULL_AXI/I_WR_CHNL/BID_FIFO/FIFO_RAM[7].SRL16E_I due to none static srl address bits
WARNING: [Opt 31-1131] Can not pull register out from PynqZ2_platform_i/BRAM/U0/gext_inst.abcv4_0_ext_inst/GEN_AXI4.I_FULL_AXI/I_WR_CHNL/BID_FIFO/FIFO_RAM[8].SRL16E_I due to none static srl address bits
WARNING: [Opt 31-1131] Can not pull register out from PynqZ2_platform_i/BRAM/U0/gext_inst.abcv4_0_ext_inst/GEN_AXI4.I_FULL_AXI/I_WR_CHNL/BID_FIFO/FIFO_RAM[9].SRL16E_I due to none static srl address bits
WARNING: [Opt 31-1131] Can not pull register out from PynqZ2_platform_i/axi_interconnect_0/xbar/inst/gen_samd.crossbar_samd/gen_slave_slots[0].gen_si_write.wdata_router_w/wrouter_aw_fifo/gen_srls[0].gen_rep[0].srl_nx1/gen_primitive_shifter.gen_srls[0].srl_inst due to none static srl address bits
WARNING: [Opt 31-1131] Can not pull register out from PynqZ2_platform_i/axi_interconnect_0/xbar/inst/gen_samd.crossbar_samd/gen_slave_slots[0].gen_si_write.wdata_router_w/wrouter_aw_fifo/gen_srls[0].gen_rep[1].srl_nx1/gen_primitive_shifter.gen_srls[0].srl_inst due to none static srl address bits
WARNING: [Opt 31-1131] Can not pull register out from PynqZ2_platform_i/axi_interconnect_0/xbar/inst/gen_samd.crossbar_samd/gen_slave_slots[0].gen_si_write.wdata_router_w/wrouter_aw_fifo/gen_srls[0].gen_rep[2].srl_nx1/gen_primitive_shifter.gen_srls[0].srl_inst due to none static srl address bits
WARNING: [Opt 31-1131] Can not pull register out from PynqZ2_platform_i/axi_interconnect_0/m01_couplers/auto_pc/inst/gen_axilite.gen_b2s_conv.axilite_b2s/RD.r_channel_0/rd_data_fifo_0/memory_reg[31][0]_srl32 due to none static srl address bits
WARNING: [Opt 31-1131] Can not pull register out from PynqZ2_platform_i/axi_interconnect_0/m01_couplers/auto_pc/inst/gen_axilite.gen_b2s_conv.axilite_b2s/RD.r_channel_0/rd_data_fifo_0/memory_reg[31][10]_srl32 due to none static srl address bits
WARNING: [Opt 31-1131] Can not pull register out from PynqZ2_platform_i/axi_interconnect_0/m01_couplers/auto_pc/inst/gen_axilite.gen_b2s_conv.axilite_b2s/RD.r_channel_0/rd_data_fifo_0/memory_reg[31][11]_srl32 due to none static srl address bits
WARNING: [Opt 31-1131] Can not pull register out from PynqZ2_platform_i/axi_interconnect_0/m01_couplers/auto_pc/inst/gen_axilite.gen_b2s_conv.axilite_b2s/RD.r_channel_0/rd_data_fifo_0/memory_reg[31][12]_srl32 due to none static srl address bits
WARNING: [Opt 31-1131] Can not pull register out from PynqZ2_platform_i/axi_interconnect_0/m01_couplers/auto_pc/inst/gen_axilite.gen_b2s_conv.axilite_b2s/RD.r_channel_0/rd_data_fifo_0/memory_reg[31][13]_srl32 due to none static srl address bits
WARNING: [Opt 31-1131] Can not pull register out from PynqZ2_platform_i/axi_interconnect_0/m01_couplers/auto_pc/inst/gen_axilite.gen_b2s_conv.axilite_b2s/RD.r_channel_0/rd_data_fifo_0/memory_reg[31][14]_srl32 due to none static srl address bits
WARNING: [Opt 31-1131] Can not pull register out from PynqZ2_platform_i/axi_interconnect_0/m01_couplers/auto_pc/inst/gen_axilite.gen_b2s_conv.axilite_b2s/RD.r_channel_0/rd_data_fifo_0/memory_reg[31][15]_srl32 due to none static srl address bits
WARNING: [Opt 31-1131] Can not pull register out from PynqZ2_platform_i/axi_interconnect_0/m01_couplers/auto_pc/inst/gen_axilite.gen_b2s_conv.axilite_b2s/RD.r_channel_0/rd_data_fifo_0/memory_reg[31][16]_srl32 due to none static srl address bits
WARNING: [Opt 31-1131] Can not pull register out from PynqZ2_platform_i/axi_interconnect_0/m01_couplers/auto_pc/inst/gen_axilite.gen_b2s_conv.axilite_b2s/RD.r_channel_0/rd_data_fifo_0/memory_reg[31][17]_srl32 due to none static srl address bits
WARNING: [Opt 31-1131] Can not pull register out from PynqZ2_platform_i/axi_interconnect_0/m01_couplers/auto_pc/inst/gen_axilite.gen_b2s_conv.axilite_b2s/RD.r_channel_0/rd_data_fifo_0/memory_reg[31][18]_srl32 due to none static srl address bits
WARNING: [Opt 31-1131] Can not pull register out from PynqZ2_platform_i/axi_interconnect_0/m01_couplers/auto_pc/inst/gen_axilite.gen_b2s_conv.axilite_b2s/RD.r_channel_0/rd_data_fifo_0/memory_reg[31][19]_srl32 due to none static srl address bits
WARNING: [Opt 31-1131] Can not pull register out from PynqZ2_platform_i/axi_interconnect_0/m01_couplers/auto_pc/inst/gen_axilite.gen_b2s_conv.axilite_b2s/RD.r_channel_0/rd_data_fifo_0/memory_reg[31][1]_srl32 due to none static srl address bits
WARNING: [Opt 31-1131] Can not pull register out from PynqZ2_platform_i/axi_interconnect_0/m01_couplers/auto_pc/inst/gen_axilite.gen_b2s_conv.axilite_b2s/RD.r_channel_0/rd_data_fifo_0/memory_reg[31][20]_srl32 due to none static srl address bits
WARNING: [Opt 31-1131] Can not pull register out from PynqZ2_platform_i/axi_interconnect_0/m01_couplers/auto_pc/inst/gen_axilite.gen_b2s_conv.axilite_b2s/RD.r_channel_0/rd_data_fifo_0/memory_reg[31][21]_srl32 due to none static srl address bits
WARNING: [Opt 31-1131] Can not pull register out from PynqZ2_platform_i/axi_interconnect_0/m01_couplers/auto_pc/inst/gen_axilite.gen_b2s_conv.axilite_b2s/RD.r_channel_0/rd_data_fifo_0/memory_reg[31][22]_srl32 due to none static srl address bits
WARNING: [Opt 31-1131] Can not pull register out from PynqZ2_platform_i/axi_interconnect_0/m01_couplers/auto_pc/inst/gen_axilite.gen_b2s_conv.axilite_b2s/RD.r_channel_0/rd_data_fifo_0/memory_reg[31][23]_srl32 due to none static srl address bits
WARNING: [Opt 31-1131] Can not pull register out from PynqZ2_platform_i/axi_interconnect_0/m01_couplers/auto_pc/inst/gen_axilite.gen_b2s_conv.axilite_b2s/RD.r_channel_0/rd_data_fifo_0/memory_reg[31][24]_srl32 due to none static srl address bits
WARNING: [Opt 31-1131] Can not pull register out from PynqZ2_platform_i/axi_interconnect_0/m01_couplers/auto_pc/inst/gen_axilite.gen_b2s_conv.axilite_b2s/RD.r_channel_0/rd_data_fifo_0/memory_reg[31][25]_srl32 due to none static srl address bits
WARNING: [Opt 31-1131] Can not pull register out from PynqZ2_platform_i/axi_interconnect_0/m01_couplers/auto_pc/inst/gen_axilite.gen_b2s_conv.axilite_b2s/RD.r_channel_0/rd_data_fifo_0/memory_reg[31][26]_srl32 due to none static srl address bits
WARNING: [Opt 31-1131] Can not pull register out from PynqZ2_platform_i/axi_interconnect_0/m01_couplers/auto_pc/inst/gen_axilite.gen_b2s_conv.axilite_b2s/RD.r_channel_0/rd_data_fifo_0/memory_reg[31][27]_srl32 due to none static srl address bits
WARNING: [Opt 31-1131] Can not pull register out from PynqZ2_platform_i/axi_interconnect_0/m01_couplers/auto_pc/inst/gen_axilite.gen_b2s_conv.axilite_b2s/RD.r_channel_0/rd_data_fifo_0/memory_reg[31][28]_srl32 due to none static srl address bits
WARNING: [Opt 31-1131] Can not pull register out from PynqZ2_platform_i/axi_interconnect_0/m01_couplers/auto_pc/inst/gen_axilite.gen_b2s_conv.axilite_b2s/RD.r_channel_0/rd_data_fifo_0/memory_reg[31][29]_srl32 due to none static srl address bits
WARNING: [Opt 31-1131] Can not pull register out from PynqZ2_platform_i/axi_interconnect_0/m01_couplers/auto_pc/inst/gen_axilite.gen_b2s_conv.axilite_b2s/RD.r_channel_0/rd_data_fifo_0/memory_reg[31][2]_srl32 due to none static srl address bits
WARNING: [Opt 31-1131] Can not pull register out from PynqZ2_platform_i/axi_interconnect_0/m01_couplers/auto_pc/inst/gen_axilite.gen_b2s_conv.axilite_b2s/RD.r_channel_0/rd_data_fifo_0/memory_reg[31][30]_srl32 due to none static srl address bits
WARNING: [Opt 31-1131] Can not pull register out from PynqZ2_platform_i/axi_interconnect_0/m01_couplers/auto_pc/inst/gen_axilite.gen_b2s_conv.axilite_b2s/RD.r_channel_0/rd_data_fifo_0/memory_reg[31][31]_srl32 due to none static srl address bits
WARNING: [Opt 31-1131] Can not pull register out from PynqZ2_platform_i/axi_interconnect_0/m01_couplers/auto_pc/inst/gen_axilite.gen_b2s_conv.axilite_b2s/RD.r_channel_0/rd_data_fifo_0/memory_reg[31][8]_srl32 due to none static srl address bits
WARNING: [Opt 31-1131] Can not pull register out from PynqZ2_platform_i/axi_interconnect_0/m01_couplers/auto_pc/inst/gen_axilite.gen_b2s_conv.axilite_b2s/RD.r_channel_0/rd_data_fifo_0/memory_reg[31][9]_srl32 due to none static srl address bits
WARNING: [Opt 31-1131] Can not pull register out from PynqZ2_platform_i/axi_interconnect_0/m01_couplers/auto_pc/inst/gen_axilite.gen_b2s_conv.axilite_b2s/RD.r_channel_0/rd_data_fifo_0/memory_reg[31][3]_srl32 due to none static srl address bits
WARNING: [Opt 31-1131] Can not pull register out from PynqZ2_platform_i/axi_interconnect_0/m01_couplers/auto_pc/inst/gen_axilite.gen_b2s_conv.axilite_b2s/RD.r_channel_0/rd_data_fifo_0/memory_reg[31][4]_srl32 due to none static srl address bits
WARNING: [Opt 31-1131] Can not pull register out from PynqZ2_platform_i/axi_interconnect_0/m01_couplers/auto_pc/inst/gen_axilite.gen_b2s_conv.axilite_b2s/RD.r_channel_0/rd_data_fifo_0/memory_reg[31][5]_srl32 due to none static srl address bits
WARNING: [Opt 31-1131] Can not pull register out from PynqZ2_platform_i/axi_interconnect_0/m01_couplers/auto_pc/inst/gen_axilite.gen_b2s_conv.axilite_b2s/RD.r_channel_0/rd_data_fifo_0/memory_reg[31][6]_srl32 due to none static srl address bits
WARNING: [Opt 31-1131] Can not pull register out from PynqZ2_platform_i/axi_interconnect_0/m01_couplers/auto_pc/inst/gen_axilite.gen_b2s_conv.axilite_b2s/RD.r_channel_0/rd_data_fifo_0/memory_reg[31][7]_srl32 due to none static srl address bits
WARNING: [Opt 31-1131] Can not pull register out from PynqZ2_platform_i/axi_interconnect_0/m01_couplers/auto_pc/inst/gen_axilite.gen_b2s_conv.axilite_b2s/RD.r_channel_0/transaction_fifo_0/memory_reg[31][0]_srl32 due to none static srl address bits
WARNING: [Opt 31-1131] Can not pull register out from PynqZ2_platform_i/axi_interconnect_0/m01_couplers/auto_pc/inst/gen_axilite.gen_b2s_conv.axilite_b2s/RD.r_channel_0/transaction_fifo_0/memory_reg[31][10]_srl32 due to none static srl address bits
WARNING: [Opt 31-1131] Can not pull register out from PynqZ2_platform_i/axi_interconnect_0/m01_couplers/auto_pc/inst/gen_axilite.gen_b2s_conv.axilite_b2s/RD.r_channel_0/transaction_fifo_0/memory_reg[31][11]_srl32 due to none static srl address bits
WARNING: [Opt 31-1131] Can not pull register out from PynqZ2_platform_i/axi_interconnect_0/m01_couplers/auto_pc/inst/gen_axilite.gen_b2s_conv.axilite_b2s/RD.r_channel_0/transaction_fifo_0/memory_reg[31][12]_srl32 due to none static srl address bits
WARNING: [Opt 31-1131] Can not pull register out from PynqZ2_platform_i/axi_interconnect_0/m01_couplers/auto_pc/inst/gen_axilite.gen_b2s_conv.axilite_b2s/RD.r_channel_0/transaction_fifo_0/memory_reg[31][1]_srl32 due to none static srl address bits
WARNING: [Opt 31-1131] Can not pull register out from PynqZ2_platform_i/axi_interconnect_0/m01_couplers/auto_pc/inst/gen_axilite.gen_b2s_conv.axilite_b2s/RD.r_channel_0/transaction_fifo_0/memory_reg[31][2]_srl32 due to none static srl address bits
WARNING: [Opt 31-1131] Can not pull register out from PynqZ2_platform_i/axi_interconnect_0/m01_couplers/auto_pc/inst/gen_axilite.gen_b2s_conv.axilite_b2s/RD.r_channel_0/transaction_fifo_0/memory_reg[31][3]_srl32 due to none static srl address bits
WARNING: [Opt 31-1131] Can not pull register out from PynqZ2_platform_i/axi_interconnect_0/m01_couplers/auto_pc/inst/gen_axilite.gen_b2s_conv.axilite_b2s/RD.r_channel_0/transaction_fifo_0/memory_reg[31][4]_srl32 due to none static srl address bits
WARNING: [Opt 31-1131] Can not pull register out from PynqZ2_platform_i/axi_interconnect_0/m01_couplers/auto_pc/inst/gen_axilite.gen_b2s_conv.axilite_b2s/RD.r_channel_0/transaction_fifo_0/memory_reg[31][5]_srl32 due to none static srl address bits
WARNING: [Opt 31-1131] Can not pull register out from PynqZ2_platform_i/axi_interconnect_0/m01_couplers/auto_pc/inst/gen_axilite.gen_b2s_conv.axilite_b2s/RD.r_channel_0/transaction_fifo_0/memory_reg[31][6]_srl32 due to none static srl address bits
WARNING: [Opt 31-1131] Can not pull register out from PynqZ2_platform_i/axi_interconnect_0/m01_couplers/auto_pc/inst/gen_axilite.gen_b2s_conv.axilite_b2s/RD.r_channel_0/transaction_fifo_0/memory_reg[31][7]_srl32 due to none static srl address bits
WARNING: [Opt 31-1131] Can not pull register out from PynqZ2_platform_i/axi_interconnect_0/m01_couplers/auto_pc/inst/gen_axilite.gen_b2s_conv.axilite_b2s/RD.r_channel_0/transaction_fifo_0/memory_reg[31][8]_srl32 due to none static srl address bits
WARNING: [Opt 31-1131] Can not pull register out from PynqZ2_platform_i/axi_interconnect_0/m01_couplers/auto_pc/inst/gen_axilite.gen_b2s_conv.axilite_b2s/RD.r_channel_0/transaction_fifo_0/memory_reg[31][9]_srl32 due to none static srl address bits
WARNING: [Opt 31-1131] Can not pull register out from PynqZ2_platform_i/axi_interconnect_0/m01_couplers/auto_pc/inst/gen_axilite.gen_b2s_conv.axilite_b2s/WR.b_channel_0/bid_fifo_0/memory_reg[3][0]_srl4 due to none static srl address bits
WARNING: [Opt 31-1131] Can not pull register out from PynqZ2_platform_i/axi_interconnect_0/m01_couplers/auto_pc/inst/gen_axilite.gen_b2s_conv.axilite_b2s/WR.b_channel_0/bid_fifo_0/memory_reg[3][10]_srl4 due to none static srl address bits
WARNING: [Opt 31-1131] Can not pull register out from PynqZ2_platform_i/axi_interconnect_0/m01_couplers/auto_pc/inst/gen_axilite.gen_b2s_conv.axilite_b2s/WR.b_channel_0/bid_fifo_0/memory_reg[3][11]_srl4 due to none static srl address bits
WARNING: [Opt 31-1131] Can not pull register out from PynqZ2_platform_i/axi_interconnect_0/m01_couplers/auto_pc/inst/gen_axilite.gen_b2s_conv.axilite_b2s/WR.b_channel_0/bid_fifo_0/memory_reg[3][12]_srl4 due to none static srl address bits
WARNING: [Opt 31-1131] Can not pull register out from PynqZ2_platform_i/axi_interconnect_0/m01_couplers/auto_pc/inst/gen_axilite.gen_b2s_conv.axilite_b2s/WR.b_channel_0/bid_fifo_0/memory_reg[3][13]_srl4 due to none static srl address bits
WARNING: [Opt 31-1131] Can not pull register out from PynqZ2_platform_i/axi_interconnect_0/m01_couplers/auto_pc/inst/gen_axilite.gen_b2s_conv.axilite_b2s/WR.b_channel_0/bid_fifo_0/memory_reg[3][14]_srl4 due to none static srl address bits
WARNING: [Opt 31-1131] Can not pull register out from PynqZ2_platform_i/axi_interconnect_0/m01_couplers/auto_pc/inst/gen_axilite.gen_b2s_conv.axilite_b2s/WR.b_channel_0/bid_fifo_0/memory_reg[3][15]_srl4 due to none static srl address bits
WARNING: [Opt 31-1131] Can not pull register out from PynqZ2_platform_i/axi_interconnect_0/m01_couplers/auto_pc/inst/gen_axilite.gen_b2s_conv.axilite_b2s/WR.b_channel_0/bid_fifo_0/memory_reg[3][16]_srl4 due to none static srl address bits
WARNING: [Opt 31-1131] Can not pull register out from PynqZ2_platform_i/axi_interconnect_0/m01_couplers/auto_pc/inst/gen_axilite.gen_b2s_conv.axilite_b2s/WR.b_channel_0/bid_fifo_0/memory_reg[3][17]_srl4 due to none static srl address bits
WARNING: [Opt 31-1131] Can not pull register out from PynqZ2_platform_i/axi_interconnect_0/m01_couplers/auto_pc/inst/gen_axilite.gen_b2s_conv.axilite_b2s/WR.b_channel_0/bid_fifo_0/memory_reg[3][18]_srl4 due to none static srl address bits
WARNING: [Opt 31-1131] Can not pull register out from PynqZ2_platform_i/axi_interconnect_0/m01_couplers/auto_pc/inst/gen_axilite.gen_b2s_conv.axilite_b2s/WR.b_channel_0/bid_fifo_0/memory_reg[3][19]_srl4 due to none static srl address bits
WARNING: [Opt 31-1131] Can not pull register out from PynqZ2_platform_i/axi_interconnect_0/m01_couplers/auto_pc/inst/gen_axilite.gen_b2s_conv.axilite_b2s/WR.b_channel_0/bid_fifo_0/memory_reg[3][1]_srl4 due to none static srl address bits
WARNING: [Opt 31-1131] Can not pull register out from PynqZ2_platform_i/axi_interconnect_0/m01_couplers/auto_pc/inst/gen_axilite.gen_b2s_conv.axilite_b2s/WR.b_channel_0/bid_fifo_0/memory_reg[3][2]_srl4 due to none static srl address bits
WARNING: [Opt 31-1131] Can not pull register out from PynqZ2_platform_i/axi_interconnect_0/m01_couplers/auto_pc/inst/gen_axilite.gen_b2s_conv.axilite_b2s/WR.b_channel_0/bid_fifo_0/memory_reg[3][3]_srl4 due to none static srl address bits
WARNING: [Opt 31-1131] Can not pull register out from PynqZ2_platform_i/axi_interconnect_0/m01_couplers/auto_pc/inst/gen_axilite.gen_b2s_conv.axilite_b2s/WR.b_channel_0/bid_fifo_0/memory_reg[3][8]_srl4 due to none static srl address bits
WARNING: [Opt 31-1131] Can not pull register out from PynqZ2_platform_i/axi_interconnect_0/m01_couplers/auto_pc/inst/gen_axilite.gen_b2s_conv.axilite_b2s/WR.b_channel_0/bid_fifo_0/memory_reg[3][9]_srl4 due to none static srl address bits
WARNING: [Opt 31-1131] Can not pull register out from PynqZ2_platform_i/axi_interconnect_0/m01_couplers/auto_pc/inst/gen_axilite.gen_b2s_conv.axilite_b2s/WR.b_channel_0/bresp_fifo_0/memory_reg[3][0]_srl4 due to none static srl address bits
WARNING: [Opt 31-1131] Can not pull register out from PynqZ2_platform_i/axi_interconnect_0/m01_couplers/auto_pc/inst/gen_axilite.gen_b2s_conv.axilite_b2s/WR.b_channel_0/bresp_fifo_0/memory_reg[3][1]_srl4 due to none static srl address bits
WARNING: [Opt 31-1131] Can not pull register out from PynqZ2_platform_i/axi_interconnect_0/m02_couplers/auto_pc/inst/gen_axilite.gen_b2s_conv.axilite_b2s/RD.r_channel_0/rd_data_fifo_0/memory_reg[31][0]_srl32 due to none static srl address bits
WARNING: [Opt 31-1131] Can not pull register out from PynqZ2_platform_i/axi_interconnect_0/m02_couplers/auto_pc/inst/gen_axilite.gen_b2s_conv.axilite_b2s/RD.r_channel_0/rd_data_fifo_0/memory_reg[31][10]_srl32 due to none static srl address bits
WARNING: [Opt 31-1131] Can not pull register out from PynqZ2_platform_i/axi_interconnect_0/m02_couplers/auto_pc/inst/gen_axilite.gen_b2s_conv.axilite_b2s/RD.r_channel_0/rd_data_fifo_0/memory_reg[31][11]_srl32 due to none static srl address bits
WARNING: [Opt 31-1131] Can not pull register out from PynqZ2_platform_i/axi_interconnect_0/m02_couplers/auto_pc/inst/gen_axilite.gen_b2s_conv.axilite_b2s/RD.r_channel_0/rd_data_fifo_0/memory_reg[31][12]_srl32 due to none static srl address bits
WARNING: [Opt 31-1131] Can not pull register out from PynqZ2_platform_i/axi_interconnect_0/m02_couplers/auto_pc/inst/gen_axilite.gen_b2s_conv.axilite_b2s/RD.r_channel_0/rd_data_fifo_0/memory_reg[31][13]_srl32 due to none static srl address bits
WARNING: [Opt 31-1131] Can not pull register out from PynqZ2_platform_i/axi_interconnect_0/m02_couplers/auto_pc/inst/gen_axilite.gen_b2s_conv.axilite_b2s/RD.r_channel_0/rd_data_fifo_0/memory_reg[31][14]_srl32 due to none static srl address bits
WARNING: [Opt 31-1131] Can not pull register out from PynqZ2_platform_i/axi_interconnect_0/m02_couplers/auto_pc/inst/gen_axilite.gen_b2s_conv.axilite_b2s/RD.r_channel_0/rd_data_fifo_0/memory_reg[31][15]_srl32 due to none static srl address bits
WARNING: [Opt 31-1131] Can not pull register out from PynqZ2_platform_i/axi_interconnect_0/m02_couplers/auto_pc/inst/gen_axilite.gen_b2s_conv.axilite_b2s/RD.r_channel_0/rd_data_fifo_0/memory_reg[31][16]_srl32 due to none static srl address bits
WARNING: [Opt 31-1131] Can not pull register out from PynqZ2_platform_i/axi_interconnect_0/m02_couplers/auto_pc/inst/gen_axilite.gen_b2s_conv.axilite_b2s/RD.r_channel_0/rd_data_fifo_0/memory_reg[31][17]_srl32 due to none static srl address bits
WARNING: [Opt 31-1131] Can not pull register out from PynqZ2_platform_i/axi_interconnect_0/m02_couplers/auto_pc/inst/gen_axilite.gen_b2s_conv.axilite_b2s/RD.r_channel_0/rd_data_fifo_0/memory_reg[31][18]_srl32 due to none static srl address bits
WARNING: [Opt 31-1131] Can not pull register out from PynqZ2_platform_i/axi_interconnect_0/m02_couplers/auto_pc/inst/gen_axilite.gen_b2s_conv.axilite_b2s/RD.r_channel_0/rd_data_fifo_0/memory_reg[31][19]_srl32 due to none static srl address bits
WARNING: [Opt 31-1131] Can not pull register out from PynqZ2_platform_i/axi_interconnect_0/m02_couplers/auto_pc/inst/gen_axilite.gen_b2s_conv.axilite_b2s/RD.r_channel_0/rd_data_fifo_0/memory_reg[31][1]_srl32 due to none static srl address bits
WARNING: [Opt 31-1131] Can not pull register out from PynqZ2_platform_i/axi_interconnect_0/m02_couplers/auto_pc/inst/gen_axilite.gen_b2s_conv.axilite_b2s/RD.r_channel_0/rd_data_fifo_0/memory_reg[31][20]_srl32 due to none static srl address bits
WARNING: [Opt 31-1131] Can not pull register out from PynqZ2_platform_i/axi_interconnect_0/m02_couplers/auto_pc/inst/gen_axilite.gen_b2s_conv.axilite_b2s/RD.r_channel_0/rd_data_fifo_0/memory_reg[31][21]_srl32 due to none static srl address bits
WARNING: [Opt 31-1131] Can not pull register out from PynqZ2_platform_i/axi_interconnect_0/m02_couplers/auto_pc/inst/gen_axilite.gen_b2s_conv.axilite_b2s/RD.r_channel_0/rd_data_fifo_0/memory_reg[31][22]_srl32 due to none static srl address bits
WARNING: [Opt 31-1131] Can not pull register out from PynqZ2_platform_i/axi_interconnect_0/m02_couplers/auto_pc/inst/gen_axilite.gen_b2s_conv.axilite_b2s/RD.r_channel_0/rd_data_fifo_0/memory_reg[31][23]_srl32 due to none static srl address bits
WARNING: [Opt 31-1131] Can not pull register out from PynqZ2_platform_i/axi_interconnect_0/m02_couplers/auto_pc/inst/gen_axilite.gen_b2s_conv.axilite_b2s/RD.r_channel_0/rd_data_fifo_0/memory_reg[31][24]_srl32 due to none static srl address bits
WARNING: [Opt 31-1131] Can not pull register out from PynqZ2_platform_i/axi_interconnect_0/m02_couplers/auto_pc/inst/gen_axilite.gen_b2s_conv.axilite_b2s/RD.r_channel_0/rd_data_fifo_0/memory_reg[31][25]_srl32 due to none static srl address bits
WARNING: [Opt 31-1131] Can not pull register out from PynqZ2_platform_i/axi_interconnect_0/m02_couplers/auto_pc/inst/gen_axilite.gen_b2s_conv.axilite_b2s/RD.r_channel_0/rd_data_fifo_0/memory_reg[31][26]_srl32 due to none static srl address bits
WARNING: [Opt 31-1131] Can not pull register out from PynqZ2_platform_i/axi_interconnect_0/m02_couplers/auto_pc/inst/gen_axilite.gen_b2s_conv.axilite_b2s/RD.r_channel_0/rd_data_fifo_0/memory_reg[31][27]_srl32 due to none static srl address bits
WARNING: [Opt 31-1131] Can not pull register out from PynqZ2_platform_i/axi_interconnect_0/m02_couplers/auto_pc/inst/gen_axilite.gen_b2s_conv.axilite_b2s/RD.r_channel_0/rd_data_fifo_0/memory_reg[31][28]_srl32 due to none static srl address bits
WARNING: [Opt 31-1131] Can not pull register out from PynqZ2_platform_i/axi_interconnect_0/m02_couplers/auto_pc/inst/gen_axilite.gen_b2s_conv.axilite_b2s/RD.r_channel_0/rd_data_fifo_0/memory_reg[31][29]_srl32 due to none static srl address bits
INFO: [Common 17-14] Message 'Opt 31-1131' appears 100 times and further instances of the messages will be disabled. Use the Tcl command set_msg_config to change the current settings.
INFO: [Opt 31-1064] SRL Remap converted 0 SRLs to 0 registers and converted 0 registers of register chains to 0 SRLs
Phase 7 Shift Register Optimization | Checksum: 167067a08

Time (s): cpu = 00:00:02 ; elapsed = 00:00:01 . Memory (MB): peak = 2404.469 ; gain = 0.000
Shift Register Optimization | Checksum: 167067a08
INFO: [Opt 31-389] Phase Shift Register Optimization created 0 cells and removed 0 cells

Phase 8 Post Processing Netlist
INFO: [Opt 31-1566] Pulled 1 inverters resulting in an inversion of 1 pins
Phase 8 Post Processing Netlist | Checksum: 1a8b639be

Time (s): cpu = 00:00:02 ; elapsed = 00:00:01 . Memory (MB): peak = 2404.469 ; gain = 0.000
Post Processing Netlist | Checksum: 1a8b639be
INFO: [Opt 31-389] Phase Post Processing Netlist created 0 cells and removed 1 cells

Phase 9 Finalization

Phase 9.1 Finalizing Design Cores and Updating Shapes
Phase 9.1 Finalizing Design Cores and Updating Shapes | Checksum: 1e1ed1c45

Time (s): cpu = 00:00:02 ; elapsed = 00:00:02 . Memory (MB): peak = 2404.469 ; gain = 0.000

Phase 9.2 Verifying Netlist Connectivity

Starting Connectivity Check Task

Time (s): cpu = 00:00:00 ; elapsed = 00:00:00.023 . Memory (MB): peak = 2404.469 ; gain = 0.000
Phase 9.2 Verifying Netlist Connectivity | Checksum: 1e1ed1c45

Time (s): cpu = 00:00:02 ; elapsed = 00:00:02 . Memory (MB): peak = 2404.469 ; gain = 0.000
Phase 9 Finalization | Checksum: 1e1ed1c45

Time (s): cpu = 00:00:02 ; elapsed = 00:00:02 . Memory (MB): peak = 2404.469 ; gain = 0.000
Opt_design Change Summary
=========================


-------------------------------------------------------------------------------------------------------------------------
|  Phase                        |  #Cells created  |  #Cells Removed  |  #Constrained objects preventing optimizations  |
-------------------------------------------------------------------------------------------------------------------------
|  Retarget                     |              14  |              43  |                                             10  |
|  Constant propagation         |              80  |             262  |                                              0  |
|  Sweep                        |               0  |             545  |                                              0  |
|  BUFG optimization            |               0  |               0  |                                              0  |
|  Shift Register Optimization  |               0  |               0  |                                              0  |
|  Post Processing Netlist      |               0  |               1  |                                              0  |
-------------------------------------------------------------------------------------------------------------------------


Ending Logic Optimization Task | Checksum: 1e1ed1c45

Time (s): cpu = 00:00:02 ; elapsed = 00:00:02 . Memory (MB): peak = 2404.469 ; gain = 0.000
INFO: [Constraints 18-11670] Building netlist checker database with flags, 0x8
Done building netlist checker database: Time (s): cpu = 00:00:00 ; elapsed = 00:00:00.004 . Memory (MB): peak = 2404.469 ; gain = 0.000

Starting Power Optimization Task
INFO: [Pwropt 34-132] Skipping clock gating for clocks with a period < 2.00 ns.
INFO: [Pwropt 34-9] Applying IDT optimizations ...
INFO: [Pwropt 34-10] Applying ODC optimizations ...
INFO: [Timing 38-35] Done setting XDC timing constraints.
Running Vector-less Activity Propagation...

Finished Running Vector-less Activity Propagation


Starting PowerOpt Patch Enables Task
INFO: [Pwropt 34-162] WRITE_MODE attribute of 2 BRAM(s) out of a total of 2 has been updated to save power. Run report_power_opt to get a complete listing of the BRAMs updated.
INFO: [Pwropt 34-201] Structural ODC has moved 0 WE to EN ports
Number of BRAM Ports augmented: 2 newly gated: 0 Total Ports: 4
Ending PowerOpt Patch Enables Task | Checksum: 19bc6d853

Time (s): cpu = 00:00:00 ; elapsed = 00:00:00.065 . Memory (MB): peak = 2485.242 ; gain = 0.000
Ending Power Optimization Task | Checksum: 19bc6d853

Time (s): cpu = 00:00:03 ; elapsed = 00:00:02 . Memory (MB): peak = 2485.242 ; gain = 80.773

Starting Final Cleanup Task

Starting Logic Optimization Task
INFO: [Timing 38-35] Done setting XDC timing constraints.
Ending Logic Optimization Task | Checksum: 20e025661

Time (s): cpu = 00:00:01 ; elapsed = 00:00:00.687 . Memory (MB): peak = 2485.242 ; gain = 0.000
INFO: [Constraints 18-11670] Building netlist checker database with flags, 0x8
Done building netlist checker database: Time (s): cpu = 00:00:00 ; elapsed = 00:00:00.004 . Memory (MB): peak = 2485.242 ; gain = 0.000
Ending Final Cleanup Task | Checksum: 20e025661

Time (s): cpu = 00:00:06 ; elapsed = 00:00:05 . Memory (MB): peak = 2485.242 ; gain = 0.000

Starting Netlist Obfuscation Task
Netlist sorting complete. Time (s): cpu = 00:00:00 ; elapsed = 00:00:00.005 . Memory (MB): peak = 2485.242 ; gain = 0.000
Ending Netlist Obfuscation Task | Checksum: 20e025661

Time (s): cpu = 00:00:00 ; elapsed = 00:00:00.008 . Memory (MB): peak = 2485.242 ; gain = 0.000
INFO: [Common 17-83] Releasing license: Implementation
51 Infos, 100 Warnings, 2 Critical Warnings and 0 Errors encountered.
opt_design completed successfully
opt_design: Time (s): cpu = 00:00:28 ; elapsed = 00:00:25 . Memory (MB): peak = 2485.242 ; gain = 1042.473
INFO: [runtcl-4] Executing : report_drc -file PynqZ2_platform_wrapper_drc_opted.rpt -pb PynqZ2_platform_wrapper_drc_opted.pb -rpx PynqZ2_platform_wrapper_drc_opted.rpx
Command: report_drc -file PynqZ2_platform_wrapper_drc_opted.rpt -pb PynqZ2_platform_wrapper_drc_opted.pb -rpx PynqZ2_platform_wrapper_drc_opted.rpx
INFO: [IP_Flow 19-1839] IP Catalog is up to date.
INFO: [DRC 23-27] Running DRC with 2 threads
INFO: [Vivado_Tcl 2-168] The results of DRC are in file C:/Users/raulm/Desktop/Facultate/Master/Anul1/Sem1/SDTR/RISCV-RTDS/work/PynqZ2_platform/PynqZ2 platform.runs/impl_1/PynqZ2_platform_wrapper_drc_opted.rpt.
report_drc completed successfully
INFO: [Timing 38-480] Writing timing data to binary archive.
Write ShapeDB Complete: Time (s): cpu = 00:00:00 ; elapsed = 00:00:00.025 . Memory (MB): peak = 2485.242 ; gain = 0.000
Wrote PlaceDB: Time (s): cpu = 00:00:00 ; elapsed = 00:00:00.027 . Memory (MB): peak = 2485.242 ; gain = 0.000
Wrote PulsedLatchDB: Time (s): cpu = 00:00:00 ; elapsed = 00:00:00 . Memory (MB): peak = 2485.242 ; gain = 0.000
Writing XDEF routing.
Writing XDEF routing logical nets.
Writing XDEF routing special nets.
Wrote RouteStorage: Time (s): cpu = 00:00:00 ; elapsed = 00:00:00.045 . Memory (MB): peak = 2485.242 ; gain = 0.000
Wrote Netlist Cache: Time (s): cpu = 00:00:00 ; elapsed = 00:00:00.001 . Memory (MB): peak = 2485.242 ; gain = 0.000
Wrote Device Cache: Time (s): cpu = 00:00:00 ; elapsed = 00:00:00.019 . Memory (MB): peak = 2485.242 ; gain = 0.000
Write Physdb Complete: Time (s): cpu = 00:00:00 ; elapsed = 00:00:00.103 . Memory (MB): peak = 2485.242 ; gain = 0.000
INFO: [Common 17-1381] The checkpoint 'C:/Users/raulm/Desktop/Facultate/Master/Anul1/Sem1/SDTR/RISCV-RTDS/work/PynqZ2_platform/PynqZ2 platform.runs/impl_1/PynqZ2_platform_wrapper_opt.dcp' has been generated.
Command: place_design
Attempting to get a license for feature 'Implementation' and/or device 'xc7z020'
INFO: [Common 17-349] Got license for feature 'Implementation' and/or device 'xc7z020'
INFO: [Common 17-83] Releasing license: Implementation
INFO: [DRC 23-27] Running DRC with 2 threads
INFO: [Vivado_Tcl 4-198] DRC finished with 0 Errors
INFO: [Vivado_Tcl 4-199] Please refer to the DRC report (report_drc) for more information.
Running DRC as a precondition to command place_design
INFO: [DRC 23-27] Running DRC with 2 threads
INFO: [Vivado_Tcl 4-198] DRC finished with 0 Errors
INFO: [Vivado_Tcl 4-199] Please refer to the DRC report (report_drc) for more information.
INFO: [Place 30-611] Multithreading enabled for place_design using a maximum of 2 CPUs

Starting Placer Task

Phase 1 Placer Initialization

Phase 1.1 Placer Initialization Netlist Sorting
Netlist sorting complete. Time (s): cpu = 00:00:00 ; elapsed = 00:00:00.004 . Memory (MB): peak = 2485.242 ; gain = 0.000
Phase 1.1 Placer Initialization Netlist Sorting | Checksum: 17f7b3ea5

Time (s): cpu = 00:00:00 ; elapsed = 00:00:00.014 . Memory (MB): peak = 2485.242 ; gain = 0.000
Netlist sorting complete. Time (s): cpu = 00:00:00 ; elapsed = 00:00:00.005 . Memory (MB): peak = 2485.242 ; gain = 0.000

Phase 1.2 IO Placement/ Clock Placement/ Build Placer Device
INFO: [Timing 38-35] Done setting XDC timing constraints.
Phase 1.2 IO Placement/ Clock Placement/ Build Placer Device | Checksum: 13739e8a9

Time (s): cpu = 00:00:02 ; elapsed = 00:00:01 . Memory (MB): peak = 2485.242 ; gain = 0.000

Phase 1.3 Build Placer Netlist Model
Phase 1.3 Build Placer Netlist Model | Checksum: eb5de642

Time (s): cpu = 00:00:04 ; elapsed = 00:00:03 . Memory (MB): peak = 2485.242 ; gain = 0.000

Phase 1.4 Constrain Clocks/Macros
Phase 1.4 Constrain Clocks/Macros | Checksum: eb5de642

Time (s): cpu = 00:00:04 ; elapsed = 00:00:03 . Memory (MB): peak = 2485.242 ; gain = 0.000
Phase 1 Placer Initialization | Checksum: eb5de642

Time (s): cpu = 00:00:04 ; elapsed = 00:00:03 . Memory (MB): peak = 2485.242 ; gain = 0.000

Phase 2 Global Placement

Phase 2.1 Floorplanning
Phase 2.1 Floorplanning | Checksum: 141d09d07

Time (s): cpu = 00:00:04 ; elapsed = 00:00:03 . Memory (MB): peak = 2485.242 ; gain = 0.000

Phase 2.2 Update Timing before SLR Path Opt
Phase 2.2 Update Timing before SLR Path Opt | Checksum: d88d99e2

Time (s): cpu = 00:00:05 ; elapsed = 00:00:04 . Memory (MB): peak = 2485.242 ; gain = 0.000

Phase 2.3 Post-Processing in Floorplanning
Phase 2.3 Post-Processing in Floorplanning | Checksum: d88d99e2

Time (s): cpu = 00:00:05 ; elapsed = 00:00:04 . Memory (MB): peak = 2485.242 ; gain = 0.000

Phase 2.4 Global Placement Core

Phase 2.4.1 UpdateTiming Before Physical Synthesis
Phase 2.4.1 UpdateTiming Before Physical Synthesis | Checksum: 75d769a1

Time (s): cpu = 00:00:12 ; elapsed = 00:00:08 . Memory (MB): peak = 2485.242 ; gain = 0.000

Phase 2.4.2 Physical Synthesis In Placer
INFO: [Physopt 32-1035] Found 0 LUTNM shape to break, 105 LUT instances to create LUTNM shape
INFO: [Physopt 32-1044] Break lutnm for timing: one critical 0, two critical 0, total 0, new lutff created 0
INFO: [Physopt 32-1138] End 1 Pass. Optimized 44 nets or LUTs. Breaked 0 LUT, combined 44 existing LUTs and moved 0 existing LUT
INFO: [Physopt 32-65] No nets found for high-fanout optimization.
INFO: [Physopt 32-232] Optimized 0 net. Created 0 new instance.
INFO: [Physopt 32-775] End 1 Pass. Optimized 0 net or cell. Created 0 new cell, deleted 0 existing cell and moved 0 existing cell
INFO: [Physopt 32-670] No setup violation found.  DSP Register Optimization was not performed.
INFO: [Physopt 32-670] No setup violation found.  Shift Register to Pipeline Optimization was not performed.
INFO: [Physopt 32-670] No setup violation found.  Shift Register Optimization was not performed.
INFO: [Physopt 32-670] No setup violation found.  BRAM Register Optimization was not performed.
INFO: [Physopt 32-670] No setup violation found.  URAM Register Optimization was not performed.
INFO: [Physopt 32-949] No candidate nets found for dynamic/static region interface net replication
INFO: [Physopt 32-775] End 1 Pass. Optimized 0 net or cell. Created 0 new cell, deleted 0 existing cell and moved 0 existing cell
Netlist sorting complete. Time (s): cpu = 00:00:00 ; elapsed = 00:00:00.005 . Memory (MB): peak = 2485.242 ; gain = 0.000

Summary of Physical Synthesis Optimizations
============================================


-----------------------------------------------------------------------------------------------------------------------------------------------------------
|  Optimization                                     |  Added Cells  |  Removed Cells  |  Optimized Cells/Nets  |  Dont Touch  |  Iterations  |  Elapsed   |
-----------------------------------------------------------------------------------------------------------------------------------------------------------
|  LUT Combining                                    |            0  |             44  |                    44  |           0  |           1  |  00:00:00  |
|  Retime                                           |            0  |              0  |                     0  |           0  |           1  |  00:00:00  |
|  Very High Fanout                                 |            0  |              0  |                     0  |           0  |           1  |  00:00:00  |
|  DSP Register                                     |            0  |              0  |                     0  |           0  |           0  |  00:00:00  |
|  Shift Register to Pipeline                       |            0  |              0  |                     0  |           0  |           0  |  00:00:00  |
|  Shift Register                                   |            0  |              0  |                     0  |           0  |           0  |  00:00:00  |
|  BRAM Register                                    |            0  |              0  |                     0  |           0  |           0  |  00:00:00  |
|  URAM Register                                    |            0  |              0  |                     0  |           0  |           0  |  00:00:00  |
|  Dynamic/Static Region Interface Net Replication  |            0  |              0  |                     0  |           0  |           1  |  00:00:00  |
|  Total                                            |            0  |             44  |                    44  |           0  |           4  |  00:00:00  |
-----------------------------------------------------------------------------------------------------------------------------------------------------------


Phase 2.4.2 Physical Synthesis In Placer | Checksum: f2b5ffc7

Time (s): cpu = 00:00:13 ; elapsed = 00:00:08 . Memory (MB): peak = 2485.242 ; gain = 0.000
Phase 2.4 Global Placement Core | Checksum: 1131fcd2a

Time (s): cpu = 00:00:14 ; elapsed = 00:00:09 . Memory (MB): peak = 2485.242 ; gain = 0.000
Phase 2 Global Placement | Checksum: 1131fcd2a

Time (s): cpu = 00:00:14 ; elapsed = 00:00:09 . Memory (MB): peak = 2485.242 ; gain = 0.000

Phase 3 Detail Placement

Phase 3.1 Commit Multi Column Macros
Phase 3.1 Commit Multi Column Macros | Checksum: 7ab1b6b1

Time (s): cpu = 00:00:14 ; elapsed = 00:00:09 . Memory (MB): peak = 2485.242 ; gain = 0.000

Phase 3.2 Commit Most Macros & LUTRAMs
Phase 3.2 Commit Most Macros & LUTRAMs | Checksum: 17b55aee1

Time (s): cpu = 00:00:15 ; elapsed = 00:00:10 . Memory (MB): peak = 2485.242 ; gain = 0.000

Phase 3.3 Area Swap Optimization
Phase 3.3 Area Swap Optimization | Checksum: 17ed40438

Time (s): cpu = 00:00:15 ; elapsed = 00:00:10 . Memory (MB): peak = 2485.242 ; gain = 0.000

Phase 3.4 Pipeline Register Optimization
Phase 3.4 Pipeline Register Optimization | Checksum: 1b942bcc0

Time (s): cpu = 00:00:15 ; elapsed = 00:00:10 . Memory (MB): peak = 2485.242 ; gain = 0.000

Phase 3.5 Small Shape Detail Placement
Phase 3.5 Small Shape Detail Placement | Checksum: 10b28ad24

Time (s): cpu = 00:00:18 ; elapsed = 00:00:12 . Memory (MB): peak = 2485.242 ; gain = 0.000

Phase 3.6 Re-assign LUT pins
Phase 3.6 Re-assign LUT pins | Checksum: e104412a

Time (s): cpu = 00:00:18 ; elapsed = 00:00:13 . Memory (MB): peak = 2485.242 ; gain = 0.000

Phase 3.7 Pipeline Register Optimization
Phase 3.7 Pipeline Register Optimization | Checksum: 979539a2

Time (s): cpu = 00:00:18 ; elapsed = 00:00:13 . Memory (MB): peak = 2485.242 ; gain = 0.000
Phase 3 Detail Placement | Checksum: 979539a2

Time (s): cpu = 00:00:18 ; elapsed = 00:00:13 . Memory (MB): peak = 2485.242 ; gain = 0.000

Phase 4 Post Placement Optimization and Clean-Up

Phase 4.1 Post Commit Optimization
INFO: [Timing 38-35] Done setting XDC timing constraints.

Phase 4.1.1 Post Placement Optimization
Post Placement Optimization Initialization | Checksum: 1ba037e23

Phase 4.1.1.1 BUFG Insertion

Starting Physical Synthesis Task

Phase 1 Physical Synthesis Initialization
INFO: [Physopt 32-721] Multithreading enabled for phys_opt_design using a maximum of 2 CPUs
INFO: [Physopt 32-619] Estimated Timing Summary | WNS=0.438 | TNS=0.000 |
Phase 1 Physical Synthesis Initialization | Checksum: 1b0c7ba59

Time (s): cpu = 00:00:00 ; elapsed = 00:00:00.341 . Memory (MB): peak = 2485.242 ; gain = 0.000
INFO: [Place 46-56] BUFG insertion identified 0 candidate nets. Inserted BUFG: 0, Replicated BUFG Driver: 0, Skipped due to Placement/Routing Conflicts: 0, Skipped due to Timing Degradation: 0, Skipped due to netlist editing failed: 0.
Ending Physical Synthesis Task | Checksum: 1b0c7ba59

Time (s): cpu = 00:00:00 ; elapsed = 00:00:00.422 . Memory (MB): peak = 2485.242 ; gain = 0.000
Phase 4.1.1.1 BUFG Insertion | Checksum: 1ba037e23

Time (s): cpu = 00:00:21 ; elapsed = 00:00:15 . Memory (MB): peak = 2485.242 ; gain = 0.000

Phase 4.1.1.2 Post Placement Timing Optimization
INFO: [Place 30-746] Post Placement Timing Summary WNS=0.702. For the most accurate timing information please run report_timing.
Phase 4.1.1.2 Post Placement Timing Optimization | Checksum: 25dcdaf75

Time (s): cpu = 00:00:22 ; elapsed = 00:00:15 . Memory (MB): peak = 2485.242 ; gain = 0.000

Time (s): cpu = 00:00:22 ; elapsed = 00:00:15 . Memory (MB): peak = 2485.242 ; gain = 0.000
Phase 4.1 Post Commit Optimization | Checksum: 25dcdaf75

Time (s): cpu = 00:00:22 ; elapsed = 00:00:15 . Memory (MB): peak = 2485.242 ; gain = 0.000

Phase 4.2 Post Placement Cleanup
Phase 4.2 Post Placement Cleanup | Checksum: 25dcdaf75

Time (s): cpu = 00:00:22 ; elapsed = 00:00:15 . Memory (MB): peak = 2485.242 ; gain = 0.000

Phase 4.3 Placer Reporting

Phase 4.3.1 Print Estimated Congestion
INFO: [Place 30-612] Post-Placement Estimated Congestion 
 ____________________________________________________
|           | Global Congestion | Short Congestion  |
| Direction | Region Size       | Region Size       |
|___________|___________________|___________________|
|      North|                1x1|                1x1|
|___________|___________________|___________________|
|      South|                1x1|                1x1|
|___________|___________________|___________________|
|       East|                1x1|                1x1|
|___________|___________________|___________________|
|       West|                1x1|                1x1|
|___________|___________________|___________________|

Phase 4.3.1 Print Estimated Congestion | Checksum: 25dcdaf75

Time (s): cpu = 00:00:22 ; elapsed = 00:00:15 . Memory (MB): peak = 2485.242 ; gain = 0.000
Phase 4.3 Placer Reporting | Checksum: 25dcdaf75

Time (s): cpu = 00:00:22 ; elapsed = 00:00:15 . Memory (MB): peak = 2485.242 ; gain = 0.000

Phase 4.4 Final Placement Cleanup
Netlist sorting complete. Time (s): cpu = 00:00:00 ; elapsed = 00:00:00.004 . Memory (MB): peak = 2485.242 ; gain = 0.000

Time (s): cpu = 00:00:22 ; elapsed = 00:00:15 . Memory (MB): peak = 2485.242 ; gain = 0.000
Phase 4 Post Placement Optimization and Clean-Up | Checksum: 1e033c5f9

Time (s): cpu = 00:00:22 ; elapsed = 00:00:15 . Memory (MB): peak = 2485.242 ; gain = 0.000
Ending Placer Task | Checksum: 10be035d0

Time (s): cpu = 00:00:22 ; elapsed = 00:00:16 . Memory (MB): peak = 2485.242 ; gain = 0.000
86 Infos, 100 Warnings, 2 Critical Warnings and 0 Errors encountered.
place_design completed successfully
place_design: Time (s): cpu = 00:00:25 ; elapsed = 00:00:17 . Memory (MB): peak = 2485.242 ; gain = 0.000
INFO: [runtcl-4] Executing : report_io -file PynqZ2_platform_wrapper_io_placed.rpt
report_io: Time (s): cpu = 00:00:00 ; elapsed = 00:00:00.098 . Memory (MB): peak = 2485.242 ; gain = 0.000
INFO: [runtcl-4] Executing : report_utilization -file PynqZ2_platform_wrapper_utilization_placed.rpt -pb PynqZ2_platform_wrapper_utilization_placed.pb
INFO: [runtcl-4] Executing : report_control_sets -verbose -file PynqZ2_platform_wrapper_control_sets_placed.rpt
report_control_sets: Time (s): cpu = 00:00:00 ; elapsed = 00:00:00.031 . Memory (MB): peak = 2485.242 ; gain = 0.000
INFO: [Timing 38-480] Writing timing data to binary archive.
Write ShapeDB Complete: Time (s): cpu = 00:00:00 ; elapsed = 00:00:00.033 . Memory (MB): peak = 2485.242 ; gain = 0.000
Wrote PlaceDB: Time (s): cpu = 00:00:02 ; elapsed = 00:00:00.571 . Memory (MB): peak = 2485.242 ; gain = 0.000
Wrote PulsedLatchDB: Time (s): cpu = 00:00:00 ; elapsed = 00:00:00 . Memory (MB): peak = 2485.242 ; gain = 0.000
Writing XDEF routing.
Writing XDEF routing logical nets.
Writing XDEF routing special nets.
Wrote RouteStorage: Time (s): cpu = 00:00:00 ; elapsed = 00:00:00.044 . Memory (MB): peak = 2485.242 ; gain = 0.000
Wrote Netlist Cache: Time (s): cpu = 00:00:00 ; elapsed = 00:00:00.009 . Memory (MB): peak = 2485.242 ; gain = 0.000
Wrote Device Cache: Time (s): cpu = 00:00:00 ; elapsed = 00:00:00.019 . Memory (MB): peak = 2485.242 ; gain = 0.000
Write Physdb Complete: Time (s): cpu = 00:00:02 ; elapsed = 00:00:00.657 . Memory (MB): peak = 2485.242 ; gain = 0.000
INFO: [Common 17-1381] The checkpoint 'C:/Users/raulm/Desktop/Facultate/Master/Anul1/Sem1/SDTR/RISCV-RTDS/work/PynqZ2_platform/PynqZ2 platform.runs/impl_1/PynqZ2_platform_wrapper_placed.dcp' has been generated.
Command: phys_opt_design
Attempting to get a license for feature 'Implementation' and/or device 'xc7z020'
INFO: [Common 17-349] Got license for feature 'Implementation' and/or device 'xc7z020'

Starting Initial Update Timing Task

Time (s): cpu = 00:00:02 ; elapsed = 00:00:01 . Memory (MB): peak = 2485.242 ; gain = 0.000
INFO: [Vivado_Tcl 4-383] Design worst setup slack (WNS) is greater than or equal to 0.000 ns. Skipping all physical synthesis optimizations.
INFO: [Vivado_Tcl 4-232] No setup violation found. The netlist was not modified.
INFO: [Common 17-83] Releasing license: Implementation
95 Infos, 100 Warnings, 2 Critical Warnings and 0 Errors encountered.
phys_opt_design completed successfully
INFO: [Timing 38-480] Writing timing data to binary archive.
Write ShapeDB Complete: Time (s): cpu = 00:00:00 ; elapsed = 00:00:00.033 . Memory (MB): peak = 2485.242 ; gain = 0.000
Wrote PlaceDB: Time (s): cpu = 00:00:02 ; elapsed = 00:00:00.584 . Memory (MB): peak = 2485.242 ; gain = 0.000
Wrote PulsedLatchDB: Time (s): cpu = 00:00:00 ; elapsed = 00:00:00 . Memory (MB): peak = 2485.242 ; gain = 0.000
Writing XDEF routing.
Writing XDEF routing logical nets.
Writing XDEF routing special nets.
Wrote RouteStorage: Time (s): cpu = 00:00:00 ; elapsed = 00:00:00.044 . Memory (MB): peak = 2485.242 ; gain = 0.000
Wrote Netlist Cache: Time (s): cpu = 00:00:00 ; elapsed = 00:00:00.010 . Memory (MB): peak = 2485.242 ; gain = 0.000
Wrote Device Cache: Time (s): cpu = 00:00:00 ; elapsed = 00:00:00.019 . Memory (MB): peak = 2485.242 ; gain = 0.000
Write Physdb Complete: Time (s): cpu = 00:00:02 ; elapsed = 00:00:00.672 . Memory (MB): peak = 2485.242 ; gain = 0.000
INFO: [Common 17-1381] The checkpoint 'C:/Users/raulm/Desktop/Facultate/Master/Anul1/Sem1/SDTR/RISCV-RTDS/work/PynqZ2_platform/PynqZ2 platform.runs/impl_1/PynqZ2_platform_wrapper_physopt.dcp' has been generated.
Command: route_design
Attempting to get a license for feature 'Implementation' and/or device 'xc7z020'
INFO: [Common 17-349] Got license for feature 'Implementation' and/or device 'xc7z020'
Running DRC as a precondition to command route_design
INFO: [DRC 23-27] Running DRC with 2 threads
INFO: [Vivado_Tcl 4-198] DRC finished with 0 Errors
INFO: [Vivado_Tcl 4-199] Please refer to the DRC report (report_drc) for more information.


Starting Routing Task
INFO: [Route 35-254] Multithreading enabled for route_design using a maximum of 8 CPUs

Phase 1 Build RT Design
Checksum: PlaceDB: caf0ab3c ConstDB: 0 ShapeSum: 40ef8a94 RouteDB: 0
Post Restoration Checksum: NetGraph: f4554e51 | NumContArr: f33c5f5c | Constraints: c2a8fa9d | Timing: c2a8fa9d
Phase 1 Build RT Design | Checksum: 36ce3a2e7

Time (s): cpu = 00:00:41 ; elapsed = 00:00:36 . Memory (MB): peak = 2587.980 ; gain = 102.738

Phase 2 Router Initialization

Phase 2.1 Fix Topology Constraints
Phase 2.1 Fix Topology Constraints | Checksum: 36ce3a2e7

Time (s): cpu = 00:00:41 ; elapsed = 00:00:36 . Memory (MB): peak = 2587.980 ; gain = 102.738

Phase 2.2 Pre Route Cleanup
Phase 2.2 Pre Route Cleanup | Checksum: 36ce3a2e7

Time (s): cpu = 00:00:41 ; elapsed = 00:00:36 . Memory (MB): peak = 2587.980 ; gain = 102.738
 Number of Nodes with overlaps = 0

Phase 2.3 Update Timing
Phase 2.3 Update Timing | Checksum: 2759ff4f2

Time (s): cpu = 00:00:45 ; elapsed = 00:00:38 . Memory (MB): peak = 2646.469 ; gain = 161.227
INFO: [Route 35-416] Intermediate Timing Summary | WNS=0.805  | TNS=0.000  | WHS=-0.292 | THS=-67.152|


Router Utilization Summary
  Global Vertical Routing Utilization    = 0 %
  Global Horizontal Routing Utilization  = 0 %
  Routable Net Status*
  *Does not include unroutable nets such as driverless and loadless.
  Run report_route_status for detailed report.
  Number of Failed Nets               = 4832
    (Failed Nets is the sum of unrouted and partially routed nets)
  Number of Unrouted Nets             = 4832
  Number of Partially Routed Nets     = 0
  Number of Node Overlaps             = 0

Phase 2 Router Initialization | Checksum: 232bb7c52

Time (s): cpu = 00:00:47 ; elapsed = 00:00:39 . Memory (MB): peak = 2659.688 ; gain = 174.445

Phase 3 Initial Routing

Phase 3.1 Global Routing
Phase 3.1 Global Routing | Checksum: 232bb7c52

Time (s): cpu = 00:00:47 ; elapsed = 00:00:39 . Memory (MB): peak = 2659.688 ; gain = 174.445

Phase 3.2 Initial Net Routing
Phase 3.2 Initial Net Routing | Checksum: 2cfb4a953

Time (s): cpu = 00:00:48 ; elapsed = 00:00:40 . Memory (MB): peak = 2659.688 ; gain = 174.445
Phase 3 Initial Routing | Checksum: 2cfb4a953

Time (s): cpu = 00:00:48 ; elapsed = 00:00:40 . Memory (MB): peak = 2659.688 ; gain = 174.445

Phase 4 Rip-up And Reroute

Phase 4.1 Global Iteration 0
 Number of Nodes with overlaps = 644
 Number of Nodes with overlaps = 179
 Number of Nodes with overlaps = 74
 Number of Nodes with overlaps = 40
 Number of Nodes with overlaps = 18
 Number of Nodes with overlaps = 8
 Number of Nodes with overlaps = 4
 Number of Nodes with overlaps = 0
INFO: [Route 35-416] Intermediate Timing Summary | WNS=0.802  | TNS=0.000  | WHS=N/A    | THS=N/A    |

Phase 4.1 Global Iteration 0 | Checksum: 27859923b

Time (s): cpu = 00:01:00 ; elapsed = 00:00:48 . Memory (MB): peak = 2659.688 ; gain = 174.445

Phase 4.2 Global Iteration 1
 Number of Nodes with overlaps = 8
 Number of Nodes with overlaps = 6
 Number of Nodes with overlaps = 3
 Number of Nodes with overlaps = 0
INFO: [Route 35-416] Intermediate Timing Summary | WNS=0.802  | TNS=0.000  | WHS=N/A    | THS=N/A    |

Phase 4.2 Global Iteration 1 | Checksum: 25e5ddd28

Time (s): cpu = 00:01:01 ; elapsed = 00:00:49 . Memory (MB): peak = 2659.688 ; gain = 174.445
Phase 4 Rip-up And Reroute | Checksum: 25e5ddd28

Time (s): cpu = 00:01:01 ; elapsed = 00:00:49 . Memory (MB): peak = 2659.688 ; gain = 174.445

Phase 5 Delay and Skew Optimization

Phase 5.1 Delay CleanUp

Phase 5.1.1 Update Timing
Phase 5.1.1 Update Timing | Checksum: 21b17ef06

Time (s): cpu = 00:01:01 ; elapsed = 00:00:49 . Memory (MB): peak = 2659.688 ; gain = 174.445
INFO: [Route 35-416] Intermediate Timing Summary | WNS=0.816  | TNS=0.000  | WHS=N/A    | THS=N/A    |

Phase 5.1 Delay CleanUp | Checksum: 21b17ef06

Time (s): cpu = 00:01:01 ; elapsed = 00:00:49 . Memory (MB): peak = 2659.688 ; gain = 174.445

Phase 5.2 Clock Skew Optimization
Phase 5.2 Clock Skew Optimization | Checksum: 21b17ef06

Time (s): cpu = 00:01:01 ; elapsed = 00:00:49 . Memory (MB): peak = 2659.688 ; gain = 174.445
Phase 5 Delay and Skew Optimization | Checksum: 21b17ef06

Time (s): cpu = 00:01:01 ; elapsed = 00:00:49 . Memory (MB): peak = 2659.688 ; gain = 174.445

Phase 6 Post Hold Fix

Phase 6.1 Hold Fix Iter

Phase 6.1.1 Update Timing
Phase 6.1.1 Update Timing | Checksum: 22bfcecb9

Time (s): cpu = 00:01:02 ; elapsed = 00:00:50 . Memory (MB): peak = 2659.688 ; gain = 174.445
INFO: [Route 35-416] Intermediate Timing Summary | WNS=0.816  | TNS=0.000  | WHS=0.036  | THS=0.000  |

Phase 6.1 Hold Fix Iter | Checksum: 1b74f0e5c

Time (s): cpu = 00:01:02 ; elapsed = 00:00:50 . Memory (MB): peak = 2659.688 ; gain = 174.445
Phase 6 Post Hold Fix | Checksum: 1b74f0e5c

Time (s): cpu = 00:01:02 ; elapsed = 00:00:50 . Memory (MB): peak = 2659.688 ; gain = 174.445

Phase 7 Route finalize

Router Utilization Summary
  Global Vertical Routing Utilization    = 0.810604 %
  Global Horizontal Routing Utilization  = 1.06187 %
  Routable Net Status*
  *Does not include unroutable nets such as driverless and loadless.
  Run report_route_status for detailed report.
  Number of Failed Nets               = 0
    (Failed Nets is the sum of unrouted and partially routed nets)
  Number of Unrouted Nets             = 0
  Number of Partially Routed Nets     = 0
  Number of Node Overlaps             = 0

Phase 7 Route finalize | Checksum: 1b74f0e5c

Time (s): cpu = 00:01:02 ; elapsed = 00:00:50 . Memory (MB): peak = 2659.688 ; gain = 174.445

Phase 8 Verifying routed nets

 Verification completed successfully
Phase 8 Verifying routed nets | Checksum: 1b74f0e5c

Time (s): cpu = 00:01:02 ; elapsed = 00:00:50 . Memory (MB): peak = 2659.688 ; gain = 174.445

Phase 9 Depositing Routes
Phase 9 Depositing Routes | Checksum: 1418c20d6

Time (s): cpu = 00:01:03 ; elapsed = 00:00:50 . Memory (MB): peak = 2659.688 ; gain = 174.445

Phase 10 Post Router Timing
INFO: [Route 35-57] Estimated Timing Summary | WNS=0.816  | TNS=0.000  | WHS=0.036  | THS=0.000  |

INFO: [Route 35-327] The final timing numbers are based on the router estimated timing analysis. For a complete and accurate timing signoff, please run report_timing_summary.
Phase 10 Post Router Timing | Checksum: 1418c20d6

Time (s): cpu = 00:01:04 ; elapsed = 00:00:51 . Memory (MB): peak = 2659.688 ; gain = 174.445
INFO: [Route 35-16] Router Completed Successfully

Phase 11 Post-Route Event Processing
Phase 11 Post-Route Event Processing | Checksum: 1684d9419

Time (s): cpu = 00:01:04 ; elapsed = 00:00:51 . Memory (MB): peak = 2659.688 ; gain = 174.445
Ending Routing Task | Checksum: 1684d9419

Time (s): cpu = 00:01:04 ; elapsed = 00:00:51 . Memory (MB): peak = 2659.688 ; gain = 174.445

Routing Is Done.
INFO: [Common 17-83] Releasing license: Implementation
111 Infos, 100 Warnings, 2 Critical Warnings and 0 Errors encountered.
route_design completed successfully
route_design: Time (s): cpu = 00:01:07 ; elapsed = 00:00:53 . Memory (MB): peak = 2659.688 ; gain = 174.445
INFO: [runtcl-4] Executing : report_drc -file PynqZ2_platform_wrapper_drc_routed.rpt -pb PynqZ2_platform_wrapper_drc_routed.pb -rpx PynqZ2_platform_wrapper_drc_routed.rpx
Command: report_drc -file PynqZ2_platform_wrapper_drc_routed.rpt -pb PynqZ2_platform_wrapper_drc_routed.pb -rpx PynqZ2_platform_wrapper_drc_routed.rpx
INFO: [IP_Flow 19-1839] IP Catalog is up to date.
INFO: [DRC 23-27] Running DRC with 2 threads
INFO: [Vivado_Tcl 2-168] The results of DRC are in file C:/Users/raulm/Desktop/Facultate/Master/Anul1/Sem1/SDTR/RISCV-RTDS/work/PynqZ2_platform/PynqZ2 platform.runs/impl_1/PynqZ2_platform_wrapper_drc_routed.rpt.
report_drc completed successfully
INFO: [runtcl-4] Executing : report_methodology -file PynqZ2_platform_wrapper_methodology_drc_routed.rpt -pb PynqZ2_platform_wrapper_methodology_drc_routed.pb -rpx PynqZ2_platform_wrapper_methodology_drc_routed.rpx
Command: report_methodology -file PynqZ2_platform_wrapper_methodology_drc_routed.rpt -pb PynqZ2_platform_wrapper_methodology_drc_routed.pb -rpx PynqZ2_platform_wrapper_methodology_drc_routed.rpx
INFO: [Timing 38-35] Done setting XDC timing constraints.
INFO: [DRC 23-133] Running Methodology with 2 threads
INFO: [Vivado_Tcl 2-1520] The results of Report Methodology are in file C:/Users/raulm/Desktop/Facultate/Master/Anul1/Sem1/SDTR/RISCV-RTDS/work/PynqZ2_platform/PynqZ2 platform.runs/impl_1/PynqZ2_platform_wrapper_methodology_drc_routed.rpt.
report_methodology completed successfully
INFO: [runtcl-4] Executing : report_power -file PynqZ2_platform_wrapper_power_routed.rpt -pb PynqZ2_platform_wrapper_power_summary_routed.pb -rpx PynqZ2_platform_wrapper_power_routed.rpx
Command: report_power -file PynqZ2_platform_wrapper_power_routed.rpt -pb PynqZ2_platform_wrapper_power_summary_routed.pb -rpx PynqZ2_platform_wrapper_power_routed.rpx
INFO: [Timing 38-35] Done setting XDC timing constraints.
Running Vector-less Activity Propagation...

Finished Running Vector-less Activity Propagation
121 Infos, 100 Warnings, 2 Critical Warnings and 0 Errors encountered.
report_power completed successfully
INFO: [runtcl-4] Executing : report_route_status -file PynqZ2_platform_wrapper_route_status.rpt -pb PynqZ2_platform_wrapper_route_status.pb
INFO: [runtcl-4] Executing : report_timing_summary -max_paths 10 -report_unconstrained -file PynqZ2_platform_wrapper_timing_summary_routed.rpt -pb PynqZ2_platform_wrapper_timing_summary_routed.pb -rpx PynqZ2_platform_wrapper_timing_summary_routed.rpx -warn_on_violation 
INFO: [Timing 38-91] UpdateTimingParams: Speed grade: -1, Delay Type: min_max.
INFO: [Timing 38-191] Multithreading enabled for timing update using a maximum of 2 CPUs
INFO: [runtcl-4] Executing : report_incremental_reuse -file PynqZ2_platform_wrapper_incremental_reuse_routed.rpt
INFO: [Vivado_Tcl 4-1062] Incremental flow is disabled. No incremental reuse Info to report.
INFO: [runtcl-4] Executing : report_clock_utilization -file PynqZ2_platform_wrapper_clock_utilization_routed.rpt
INFO: [runtcl-4] Executing : report_bus_skew -warn_on_violation -file PynqZ2_platform_wrapper_bus_skew_routed.rpt -pb PynqZ2_platform_wrapper_bus_skew_routed.pb -rpx PynqZ2_platform_wrapper_bus_skew_routed.rpx
INFO: [Timing 38-91] UpdateTimingParams: Speed grade: -1, Delay Type: min_max.
INFO: [Timing 38-191] Multithreading enabled for timing update using a maximum of 2 CPUs
INFO: [Timing 38-480] Writing timing data to binary archive.
Write ShapeDB Complete: Time (s): cpu = 00:00:00 ; elapsed = 00:00:00.033 . Memory (MB): peak = 2659.688 ; gain = 0.000
Wrote PlaceDB: Time (s): cpu = 00:00:02 ; elapsed = 00:00:00.590 . Memory (MB): peak = 2659.688 ; gain = 0.000
Wrote PulsedLatchDB: Time (s): cpu = 00:00:00 ; elapsed = 00:00:00 . Memory (MB): peak = 2659.688 ; gain = 0.000
Writing XDEF routing.
Writing XDEF routing logical nets.
Writing XDEF routing special nets.
Wrote RouteStorage: Time (s): cpu = 00:00:00 ; elapsed = 00:00:00.119 . Memory (MB): peak = 2659.688 ; gain = 0.000
Wrote Netlist Cache: Time (s): cpu = 00:00:00 ; elapsed = 00:00:00.009 . Memory (MB): peak = 2659.688 ; gain = 0.000
Wrote Device Cache: Time (s): cpu = 00:00:01 ; elapsed = 00:00:00.018 . Memory (MB): peak = 2659.688 ; gain = 0.000
Write Physdb Complete: Time (s): cpu = 00:00:03 ; elapsed = 00:00:00.754 . Memory (MB): peak = 2659.688 ; gain = 0.000
INFO: [Common 17-1381] The checkpoint 'C:/Users/raulm/Desktop/Facultate/Master/Anul1/Sem1/SDTR/RISCV-RTDS/work/PynqZ2_platform/PynqZ2 platform.runs/impl_1/PynqZ2_platform_wrapper_routed.dcp' has been generated.
INFO: [Common 17-206] Exiting Vivado at Fri Dec  1 18:21:02 2023...

*** Running vivado
    with args -log PynqZ2_platform_wrapper.vdi -applog -m64 -product Vivado -messageDb vivado.pb -mode batch -source PynqZ2_platform_wrapper.tcl -notrace



****** Vivado v2023.2 (64-bit)
  **** SW Build 4029153 on Fri Oct 13 20:14:34 MDT 2023
  **** IP Build 4028589 on Sat Oct 14 00:45:43 MDT 2023
  **** SharedData Build 4025554 on Tue Oct 10 17:18:54 MDT 2023
    ** Copyright 1986-2022 Xilinx, Inc. All Rights Reserved.
    ** Copyright 2022-2023 Advanced Micro Devices, Inc. All Rights Reserved.

source PynqZ2_platform_wrapper.tcl -notrace
Command: open_checkpoint PynqZ2_platform_wrapper_routed.dcp
CRITICAL WARNING: [Board 49-4] Problem parsing board_part file - D:/VivadoSuiteStandard/Vivado/2023.2/data/boards/board_files/pynq-z2/1.0/board.xml
Resolution: Check that the file is valid using an XML validation tool such as xmllint.
CRITICAL WARNING: [Board 49-4] Problem parsing board_part file - D:/VivadoSuiteStandard/Vivado/2023.2/data/xhub/boards/XilinxBoardStore/boards/Xilinx/pynq-z2/1.0/board.xml
Resolution: Check that the file is valid using an XML validation tool such as xmllint.
INFO: [Device 21-403] Loading part xc7z020clg400-1
Netlist sorting complete. Time (s): cpu = 00:00:00 ; elapsed = 00:00:00.380 . Memory (MB): peak = 1219.703 ; gain = 0.000
INFO: [Netlist 29-17] Analyzing 154 Unisim elements for replacement
INFO: [Netlist 29-28] Unisim Transformation completed in 0 CPU seconds
INFO: [Project 1-479] Netlist was created with Vivado 2023.2
INFO: [Project 1-570] Preparing netlist for logic optimization
Read ShapeDB Complete: Time (s): cpu = 00:00:00 ; elapsed = 00:00:00.047 . Memory (MB): peak = 1339.621 ; gain = 1.613
INFO: [Timing 38-478] Restoring timing data from binary archive.
INFO: [Timing 38-479] Binary timing data restore complete.
INFO: [Project 1-856] Restoring constraints from binary archive.
INFO: [Project 1-853] Binary constraint restore complete.
INFO: [Designutils 20-5722] Start Reading Physical Databases.
Reading placement.
Read Netlist Cache: Time (s): cpu = 00:00:00 ; elapsed = 00:00:00.008 . Memory (MB): peak = 1954.965 ; gain = 0.000
Reading placer database...
Read Device Cache: Time (s): cpu = 00:00:00 ; elapsed = 00:00:00.027 . Memory (MB): peak = 1954.965 ; gain = 0.000
Read PlaceDB: Time (s): cpu = 00:00:01 ; elapsed = 00:00:00.419 . Memory (MB): peak = 1954.965 ; gain = 0.000
Read PulsedLatchDB: Time (s): cpu = 00:00:00 ; elapsed = 00:00:00 . Memory (MB): peak = 1954.965 ; gain = 0.000
Reading routing.
Read RouteStorage: Time (s): cpu = 00:00:00 ; elapsed = 00:00:00.143 . Memory (MB): peak = 1954.965 ; gain = 0.000
Read Physdb Files: Time (s): cpu = 00:00:01 ; elapsed = 00:00:00.615 . Memory (MB): peak = 1954.965 ; gain = 0.000
Restored from archive | CPU: 1.000000 secs | Memory: 0.000000 MB |
Finished XDEF File Restore: Time (s): cpu = 00:00:01 ; elapsed = 00:00:00.711 . Memory (MB): peak = 1954.965 ; gain = 6.977
Netlist sorting complete. Time (s): cpu = 00:00:00 ; elapsed = 00:00:00.005 . Memory (MB): peak = 1954.965 ; gain = 0.000
INFO: [Project 1-111] Unisim Transformation Summary:
  A total of 7 instances were transformed.
  IOBUF => IOBUF (IBUF, OBUFT): 4 instances
  SRLC32E => SRL16E: 3 instances

The system cannot find the path specified.
INFO: [Project 1-604] Checkpoint was created with Vivado v2023.2 (64-bit) build 4029153
open_checkpoint: Time (s): cpu = 00:00:40 ; elapsed = 00:00:42 . Memory (MB): peak = 1954.965 ; gain = 1572.176
Command: write_bitstream -force PynqZ2_platform_wrapper.bit
Attempting to get a license for feature 'Implementation' and/or device 'xc7z020'
INFO: [Common 17-349] Got license for feature 'Implementation' and/or device 'xc7z020'
Running DRC as a precondition to command write_bitstream
INFO: [IP_Flow 19-234] Refreshing IP repositories
INFO: [IP_Flow 19-1704] No user IP repositories specified
INFO: [IP_Flow 19-2313] Loaded Vivado IP repository 'D:/VivadoSuiteStandard/Vivado/2023.2/data/ip'.
INFO: [DRC 23-27] Running DRC with 2 threads
INFO: [Vivado 12-3199] DRC finished with 0 Errors
INFO: [Vivado 12-3200] Please refer to the DRC report (report_drc) for more information.
INFO: [Designutils 20-2272] Running write_bitstream with 2 threads.
Loading data files...
Loading site data...
Loading route data...
Processing options...
Creating bitmap...
Creating bitstream...
Writing bitstream ./PynqZ2_platform_wrapper.bit...
INFO: [Vivado 12-1842] Bitgen Completed Successfully.
INFO: [Project 1-1876] WebTalk data collection is mandatory when using a ULT device. To see the specific WebTalk data collected for your design, open the usage_statistics_webtalk.html or usage_statistics_webtalk.xml file in the implementation directory.
INFO: [Common 17-83] Releasing license: Implementation
23 Infos, 0 Warnings, 2 Critical Warnings and 0 Errors encountered.
write_bitstream completed successfully
write_bitstream: Time (s): cpu = 00:00:26 ; elapsed = 00:00:21 . Memory (MB): peak = 2479.379 ; gain = 524.414
INFO: [Common 17-206] Exiting Vivado at Fri Dec  1 18:22:45 2023...
