
*** Running vivado
    with args -log PynqZ2_platform_auto_pc_2.vds -m64 -product Vivado -mode batch -messageDb vivado.pb -notrace -source PynqZ2_platform_auto_pc_2.tcl



****** Vivado v2023.2 (64-bit)
  **** SW Build 4029153 on Fri Oct 13 20:14:34 MDT 2023
  **** IP Build 4028589 on Sat Oct 14 00:45:43 MDT 2023
  **** SharedData Build 4025554 on Tue Oct 10 17:18:54 MDT 2023
    ** Copyright 1986-2022 Xilinx, Inc. All Rights Reserved.
    ** Copyright 2022-2023 Advanced Micro Devices, Inc. All Rights Reserved.

source PynqZ2_platform_auto_pc_2.tcl -notrace
CRITICAL WARNING: [Board 49-4] Problem parsing board_part file - D:/VivadoSuiteStandard/Vivado/2023.2/data/boards/board_files/pynq-z2/1.0/board.xml
Resolution: Check that the file is valid using an XML validation tool such as xmllint.
CRITICAL WARNING: [Board 49-4] Problem parsing board_part file - D:/VivadoSuiteStandard/Vivado/2023.2/data/xhub/boards/XilinxBoardStore/boards/Xilinx/pynq-z2/1.0/board.xml
Resolution: Check that the file is valid using an XML validation tool such as xmllint.
create_project: Time (s): cpu = 00:00:18 ; elapsed = 00:00:19 . Memory (MB): peak = 800.641 ; gain = 415.645
INFO: [IP_Flow 19-6924] IPCACHE: Running cache check for IP inst: PynqZ2_platform_auto_pc_2
INFO: [IP_Flow 19-6922] IPCACHE: Exporting cached entry bc4867fa5dd5caa3 to dir: C:/Users/raulm/Desktop/Facultate/Master/Anul1/Sem1/SDTR/RISCV-RTDS/work/PynqZ2_platform/PynqZ2 platform.runs/PynqZ2_platform_auto_pc_2_synth_1
INFO: [IP_Flow 19-6928] IPCACHE: copied cached file c:/Users/raulm/Desktop/Facultate/Master/Anul1/Sem1/SDTR/RISCV-RTDS/work/PynqZ2_platform/PynqZ2 platform.cache/ip/2023.2/b/c/bc4867fa5dd5caa3/PynqZ2_platform_auto_pc_1.dcp to C:/Users/raulm/Desktop/Facultate/Master/Anul1/Sem1/SDTR/RISCV-RTDS/work/PynqZ2_platform/PynqZ2 platform.runs/PynqZ2_platform_auto_pc_2_synth_1/PynqZ2_platform_auto_pc_2.dcp.
INFO: [IP_Flow 19-6928] IPCACHE: copied cached file c:/Users/raulm/Desktop/Facultate/Master/Anul1/Sem1/SDTR/RISCV-RTDS/work/PynqZ2_platform/PynqZ2 platform.cache/ip/2023.2/b/c/bc4867fa5dd5caa3/PynqZ2_platform_auto_pc_1_sim_netlist.v to C:/Users/raulm/Desktop/Facultate/Master/Anul1/Sem1/SDTR/RISCV-RTDS/work/PynqZ2_platform/PynqZ2 platform.runs/PynqZ2_platform_auto_pc_2_synth_1/PynqZ2_platform_auto_pc_2_sim_netlist.v.
INFO: [IP_Flow 19-6928] IPCACHE: copied cached file c:/Users/raulm/Desktop/Facultate/Master/Anul1/Sem1/SDTR/RISCV-RTDS/work/PynqZ2_platform/PynqZ2 platform.cache/ip/2023.2/b/c/bc4867fa5dd5caa3/PynqZ2_platform_auto_pc_1_sim_netlist.vhdl to C:/Users/raulm/Desktop/Facultate/Master/Anul1/Sem1/SDTR/RISCV-RTDS/work/PynqZ2_platform/PynqZ2 platform.runs/PynqZ2_platform_auto_pc_2_synth_1/PynqZ2_platform_auto_pc_2_sim_netlist.vhdl.
INFO: [IP_Flow 19-6928] IPCACHE: copied cached file c:/Users/raulm/Desktop/Facultate/Master/Anul1/Sem1/SDTR/RISCV-RTDS/work/PynqZ2_platform/PynqZ2 platform.cache/ip/2023.2/b/c/bc4867fa5dd5caa3/PynqZ2_platform_auto_pc_1_stub.v to C:/Users/raulm/Desktop/Facultate/Master/Anul1/Sem1/SDTR/RISCV-RTDS/work/PynqZ2_platform/PynqZ2 platform.runs/PynqZ2_platform_auto_pc_2_synth_1/PynqZ2_platform_auto_pc_2_stub.v.
INFO: [IP_Flow 19-6928] IPCACHE: copied cached file c:/Users/raulm/Desktop/Facultate/Master/Anul1/Sem1/SDTR/RISCV-RTDS/work/PynqZ2_platform/PynqZ2 platform.cache/ip/2023.2/b/c/bc4867fa5dd5caa3/PynqZ2_platform_auto_pc_1_stub.vhdl to C:/Users/raulm/Desktop/Facultate/Master/Anul1/Sem1/SDTR/RISCV-RTDS/work/PynqZ2_platform/PynqZ2 platform.runs/PynqZ2_platform_auto_pc_2_synth_1/PynqZ2_platform_auto_pc_2_stub.vhdl.
INFO: [IP_Flow 19-4838] Using cached IP synthesis design for IP PynqZ2_platform_auto_pc_2, cache-ID = bc4867fa5dd5caa3.
INFO: [Common 17-206] Exiting Vivado at Fri Dec  1 18:15:46 2023...
