
*** Running vivado
    with args -log RV_RTDS_auto_pc_0.vds -m64 -product Vivado -mode batch -messageDb vivado.pb -notrace -source RV_RTDS_auto_pc_0.tcl


ECHO is off.
ECHO is off.

****** Vivado v2023.2 (64-bit)
  **** SW Build 4029153 on Fri Oct 13 20:14:34 MDT 2023
  **** IP Build 4028589 on Sat Oct 14 00:45:43 MDT 2023
  **** SharedData Build 4025554 on Tue Oct 10 17:18:54 MDT 2023
    ** Copyright 1986-2022 Xilinx, Inc. All Rights Reserved.
    ** Copyright 2022-2023 Advanced Micro Devices, Inc. All Rights Reserved.

source RV_RTDS_auto_pc_0.tcl -notrace
create_project: Time (s): cpu = 00:00:09 ; elapsed = 00:00:10 . Memory (MB): peak = 485.672 ; gain = 181.230
INFO: [IP_Flow 19-6924] IPCACHE: Running cache check for IP inst: RV_RTDS_auto_pc_0
Command: synth_design -top RV_RTDS_auto_pc_0 -part xc7z020clg400-1 -incremental_mode off -mode out_of_context
Starting synth_design
Attempting to get a license for feature 'Synthesis' and/or device 'xc7z020'
INFO: [Common 17-349] Got license for feature 'Synthesis' and/or device 'xc7z020'
INFO: [Device 21-403] Loading part xc7z020clg400-1
INFO: [Synth 8-7079] Multithreading enabled for synth_design using a maximum of 2 processes.
INFO: [Synth 8-7078] Launching helper process for spawning children vivado processes
INFO: [Synth 8-7075] Helper process launched with PID 23504
---------------------------------------------------------------------------------
Starting RTL Elaboration : Time (s): cpu = 00:00:17 ; elapsed = 00:00:20 . Memory (MB): peak = 1360.949 ; gain = 436.941
---------------------------------------------------------------------------------
INFO: [Synth 8-6157] synthesizing module 'RV_RTDS_auto_pc_0' [c:/Users/raulm/Desktop/Facultate/Master/Anul 1/Sem1/SDTR/RISCV-RTDS/work/RISCV-RTDS/RISCV-RTDS.gen/sources_1/bd/RV_RTDS/ip/RV_RTDS_auto_pc_0/synth/RV_RTDS_auto_pc_0.v:53]
INFO: [Synth 8-6157] synthesizing module 'axi_protocol_converter_v2_1_29_axi_protocol_converter' [c:/Users/raulm/Desktop/Facultate/Master/Anul 1/Sem1/SDTR/RISCV-RTDS/work/RISCV-RTDS/RISCV-RTDS.gen/sources_1/bd/RV_RTDS/ipshared/a63f/hdl/axi_protocol_converter_v2_1_vl_rfs.v:5285]
INFO: [Synth 8-6155] done synthesizing module 'axi_protocol_converter_v2_1_29_axi_protocol_converter' (0#1) [c:/Users/raulm/Desktop/Facultate/Master/Anul 1/Sem1/SDTR/RISCV-RTDS/work/RISCV-RTDS/RISCV-RTDS.gen/sources_1/bd/RV_RTDS/ipshared/a63f/hdl/axi_protocol_converter_v2_1_vl_rfs.v:5285]
INFO: [Synth 8-6155] done synthesizing module 'RV_RTDS_auto_pc_0' (0#1) [c:/Users/raulm/Desktop/Facultate/Master/Anul 1/Sem1/SDTR/RISCV-RTDS/work/RISCV-RTDS/RISCV-RTDS.gen/sources_1/bd/RV_RTDS/ip/RV_RTDS_auto_pc_0/synth/RV_RTDS_auto_pc_0.v:53]
WARNING: [Synth 8-7129] Port aclk in module axi_protocol_converter_v2_1_29_axi_protocol_converter is either unconnected or has no load
WARNING: [Synth 8-7129] Port aresetn in module axi_protocol_converter_v2_1_29_axi_protocol_converter is either unconnected or has no load
WARNING: [Synth 8-7129] Port s_axi_awid[0] in module axi_protocol_converter_v2_1_29_axi_protocol_converter is either unconnected or has no load
WARNING: [Synth 8-7129] Port s_axi_awlen[7] in module axi_protocol_converter_v2_1_29_axi_protocol_converter is either unconnected or has no load
WARNING: [Synth 8-7129] Port s_axi_awlen[6] in module axi_protocol_converter_v2_1_29_axi_protocol_converter is either unconnected or has no load
WARNING: [Synth 8-7129] Port s_axi_awlen[5] in module axi_protocol_converter_v2_1_29_axi_protocol_converter is either unconnected or has no load
WARNING: [Synth 8-7129] Port s_axi_awlen[4] in module axi_protocol_converter_v2_1_29_axi_protocol_converter is either unconnected or has no load
WARNING: [Synth 8-7129] Port s_axi_awlen[3] in module axi_protocol_converter_v2_1_29_axi_protocol_converter is either unconnected or has no load
WARNING: [Synth 8-7129] Port s_axi_awlen[2] in module axi_protocol_converter_v2_1_29_axi_protocol_converter is either unconnected or has no load
WARNING: [Synth 8-7129] Port s_axi_awlen[1] in module axi_protocol_converter_v2_1_29_axi_protocol_converter is either unconnected or has no load
WARNING: [Synth 8-7129] Port s_axi_awlen[0] in module axi_protocol_converter_v2_1_29_axi_protocol_converter is either unconnected or has no load
WARNING: [Synth 8-7129] Port s_axi_awsize[2] in module axi_protocol_converter_v2_1_29_axi_protocol_converter is either unconnected or has no load
WARNING: [Synth 8-7129] Port s_axi_awsize[1] in module axi_protocol_converter_v2_1_29_axi_protocol_converter is either unconnected or has no load
WARNING: [Synth 8-7129] Port s_axi_awsize[0] in module axi_protocol_converter_v2_1_29_axi_protocol_converter is either unconnected or has no load
WARNING: [Synth 8-7129] Port s_axi_awburst[1] in module axi_protocol_converter_v2_1_29_axi_protocol_converter is either unconnected or has no load
WARNING: [Synth 8-7129] Port s_axi_awburst[0] in module axi_protocol_converter_v2_1_29_axi_protocol_converter is either unconnected or has no load
WARNING: [Synth 8-7129] Port s_axi_awlock[0] in module axi_protocol_converter_v2_1_29_axi_protocol_converter is either unconnected or has no load
WARNING: [Synth 8-7129] Port s_axi_awcache[3] in module axi_protocol_converter_v2_1_29_axi_protocol_converter is either unconnected or has no load
WARNING: [Synth 8-7129] Port s_axi_awcache[2] in module axi_protocol_converter_v2_1_29_axi_protocol_converter is either unconnected or has no load
WARNING: [Synth 8-7129] Port s_axi_awcache[1] in module axi_protocol_converter_v2_1_29_axi_protocol_converter is either unconnected or has no load
WARNING: [Synth 8-7129] Port s_axi_awcache[0] in module axi_protocol_converter_v2_1_29_axi_protocol_converter is either unconnected or has no load
WARNING: [Synth 8-7129] Port s_axi_awregion[3] in module axi_protocol_converter_v2_1_29_axi_protocol_converter is either unconnected or has no load
WARNING: [Synth 8-7129] Port s_axi_awregion[2] in module axi_protocol_converter_v2_1_29_axi_protocol_converter is either unconnected or has no load
WARNING: [Synth 8-7129] Port s_axi_awregion[1] in module axi_protocol_converter_v2_1_29_axi_protocol_converter is either unconnected or has no load
WARNING: [Synth 8-7129] Port s_axi_awregion[0] in module axi_protocol_converter_v2_1_29_axi_protocol_converter is either unconnected or has no load
WARNING: [Synth 8-7129] Port s_axi_awqos[3] in module axi_protocol_converter_v2_1_29_axi_protocol_converter is either unconnected or has no load
WARNING: [Synth 8-7129] Port s_axi_awqos[2] in module axi_protocol_converter_v2_1_29_axi_protocol_converter is either unconnected or has no load
WARNING: [Synth 8-7129] Port s_axi_awqos[1] in module axi_protocol_converter_v2_1_29_axi_protocol_converter is either unconnected or has no load
WARNING: [Synth 8-7129] Port s_axi_awqos[0] in module axi_protocol_converter_v2_1_29_axi_protocol_converter is either unconnected or has no load
WARNING: [Synth 8-7129] Port s_axi_awuser[0] in module axi_protocol_converter_v2_1_29_axi_protocol_converter is either unconnected or has no load
WARNING: [Synth 8-7129] Port s_axi_wid[0] in module axi_protocol_converter_v2_1_29_axi_protocol_converter is either unconnected or has no load
WARNING: [Synth 8-7129] Port s_axi_wlast in module axi_protocol_converter_v2_1_29_axi_protocol_converter is either unconnected or has no load
WARNING: [Synth 8-7129] Port s_axi_wuser[0] in module axi_protocol_converter_v2_1_29_axi_protocol_converter is either unconnected or has no load
WARNING: [Synth 8-7129] Port s_axi_arid[0] in module axi_protocol_converter_v2_1_29_axi_protocol_converter is either unconnected or has no load
WARNING: [Synth 8-7129] Port s_axi_arlen[7] in module axi_protocol_converter_v2_1_29_axi_protocol_converter is either unconnected or has no load
WARNING: [Synth 8-7129] Port s_axi_arlen[6] in module axi_protocol_converter_v2_1_29_axi_protocol_converter is either unconnected or has no load
WARNING: [Synth 8-7129] Port s_axi_arlen[5] in module axi_protocol_converter_v2_1_29_axi_protocol_converter is either unconnected or has no load
WARNING: [Synth 8-7129] Port s_axi_arlen[4] in module axi_protocol_converter_v2_1_29_axi_protocol_converter is either unconnected or has no load
WARNING: [Synth 8-7129] Port s_axi_arlen[3] in module axi_protocol_converter_v2_1_29_axi_protocol_converter is either unconnected or has no load
WARNING: [Synth 8-7129] Port s_axi_arlen[2] in module axi_protocol_converter_v2_1_29_axi_protocol_converter is either unconnected or has no load
WARNING: [Synth 8-7129] Port s_axi_arlen[1] in module axi_protocol_converter_v2_1_29_axi_protocol_converter is either unconnected or has no load
WARNING: [Synth 8-7129] Port s_axi_arlen[0] in module axi_protocol_converter_v2_1_29_axi_protocol_converter is either unconnected or has no load
WARNING: [Synth 8-7129] Port s_axi_arsize[2] in module axi_protocol_converter_v2_1_29_axi_protocol_converter is either unconnected or has no load
WARNING: [Synth 8-7129] Port s_axi_arsize[1] in module axi_protocol_converter_v2_1_29_axi_protocol_converter is either unconnected or has no load
WARNING: [Synth 8-7129] Port s_axi_arsize[0] in module axi_protocol_converter_v2_1_29_axi_protocol_converter is either unconnected or has no load
WARNING: [Synth 8-7129] Port s_axi_arburst[1] in module axi_protocol_converter_v2_1_29_axi_protocol_converter is either unconnected or has no load
WARNING: [Synth 8-7129] Port s_axi_arburst[0] in module axi_protocol_converter_v2_1_29_axi_protocol_converter is either unconnected or has no load
WARNING: [Synth 8-7129] Port s_axi_arlock[0] in module axi_protocol_converter_v2_1_29_axi_protocol_converter is either unconnected or has no load
WARNING: [Synth 8-7129] Port s_axi_arcache[3] in module axi_protocol_converter_v2_1_29_axi_protocol_converter is either unconnected or has no load
WARNING: [Synth 8-7129] Port s_axi_arcache[2] in module axi_protocol_converter_v2_1_29_axi_protocol_converter is either unconnected or has no load
WARNING: [Synth 8-7129] Port s_axi_arcache[1] in module axi_protocol_converter_v2_1_29_axi_protocol_converter is either unconnected or has no load
WARNING: [Synth 8-7129] Port s_axi_arcache[0] in module axi_protocol_converter_v2_1_29_axi_protocol_converter is either unconnected or has no load
WARNING: [Synth 8-7129] Port s_axi_arregion[3] in module axi_protocol_converter_v2_1_29_axi_protocol_converter is either unconnected or has no load
WARNING: [Synth 8-7129] Port s_axi_arregion[2] in module axi_protocol_converter_v2_1_29_axi_protocol_converter is either unconnected or has no load
WARNING: [Synth 8-7129] Port s_axi_arregion[1] in module axi_protocol_converter_v2_1_29_axi_protocol_converter is either unconnected or has no load
WARNING: [Synth 8-7129] Port s_axi_arregion[0] in module axi_protocol_converter_v2_1_29_axi_protocol_converter is either unconnected or has no load
WARNING: [Synth 8-7129] Port s_axi_arqos[3] in module axi_protocol_converter_v2_1_29_axi_protocol_converter is either unconnected or has no load
WARNING: [Synth 8-7129] Port s_axi_arqos[2] in module axi_protocol_converter_v2_1_29_axi_protocol_converter is either unconnected or has no load
WARNING: [Synth 8-7129] Port s_axi_arqos[1] in module axi_protocol_converter_v2_1_29_axi_protocol_converter is either unconnected or has no load
WARNING: [Synth 8-7129] Port s_axi_arqos[0] in module axi_protocol_converter_v2_1_29_axi_protocol_converter is either unconnected or has no load
WARNING: [Synth 8-7129] Port s_axi_aruser[0] in module axi_protocol_converter_v2_1_29_axi_protocol_converter is either unconnected or has no load
WARNING: [Synth 8-7129] Port m_axi_bid[0] in module axi_protocol_converter_v2_1_29_axi_protocol_converter is either unconnected or has no load
WARNING: [Synth 8-7129] Port m_axi_buser[0] in module axi_protocol_converter_v2_1_29_axi_protocol_converter is either unconnected or has no load
WARNING: [Synth 8-7129] Port m_axi_rid[0] in module axi_protocol_converter_v2_1_29_axi_protocol_converter is either unconnected or has no load
WARNING: [Synth 8-7129] Port m_axi_rlast in module axi_protocol_converter_v2_1_29_axi_protocol_converter is either unconnected or has no load
WARNING: [Synth 8-7129] Port m_axi_ruser[0] in module axi_protocol_converter_v2_1_29_axi_protocol_converter is either unconnected or has no load
---------------------------------------------------------------------------------
Finished RTL Elaboration : Time (s): cpu = 00:00:30 ; elapsed = 00:00:34 . Memory (MB): peak = 1600.609 ; gain = 676.602
---------------------------------------------------------------------------------
---------------------------------------------------------------------------------
Start Handling Custom Attributes
---------------------------------------------------------------------------------
---------------------------------------------------------------------------------
Finished Handling Custom Attributes : Time (s): cpu = 00:00:30 ; elapsed = 00:00:34 . Memory (MB): peak = 1600.609 ; gain = 676.602
---------------------------------------------------------------------------------
---------------------------------------------------------------------------------
Finished RTL Optimization Phase 1 : Time (s): cpu = 00:00:30 ; elapsed = 00:00:34 . Memory (MB): peak = 1600.609 ; gain = 676.602
---------------------------------------------------------------------------------
Netlist sorting complete. Time (s): cpu = 00:00:00 ; elapsed = 00:00:00.010 . Memory (MB): peak = 1600.609 ; gain = 0.000
INFO: [Project 1-570] Preparing netlist for logic optimization

Processing XDC Constraints
Initializing timing engine
Parsing XDC File [c:/Users/raulm/Desktop/Facultate/Master/Anul 1/Sem1/SDTR/RISCV-RTDS/work/RISCV-RTDS/RISCV-RTDS.gen/sources_1/bd/RV_RTDS/ip/RV_RTDS_auto_pc_0/RV_RTDS_auto_pc_0_ooc.xdc] for cell 'inst'
Finished Parsing XDC File [c:/Users/raulm/Desktop/Facultate/Master/Anul 1/Sem1/SDTR/RISCV-RTDS/work/RISCV-RTDS/RISCV-RTDS.gen/sources_1/bd/RV_RTDS/ip/RV_RTDS_auto_pc_0/RV_RTDS_auto_pc_0_ooc.xdc] for cell 'inst'
Parsing XDC File [C:/Users/raulm/Desktop/Facultate/Master/Anul 1/Sem1/SDTR/RISCV-RTDS/work/RISCV-RTDS/RISCV-RTDS.runs/RV_RTDS_auto_pc_0_synth_1/dont_touch.xdc]
Finished Parsing XDC File [C:/Users/raulm/Desktop/Facultate/Master/Anul 1/Sem1/SDTR/RISCV-RTDS/work/RISCV-RTDS/RISCV-RTDS.runs/RV_RTDS_auto_pc_0_synth_1/dont_touch.xdc]
Completed Processing XDC Constraints

Netlist sorting complete. Time (s): cpu = 00:00:00 ; elapsed = 00:00:00.001 . Memory (MB): peak = 1600.609 ; gain = 0.000
INFO: [Project 1-111] Unisim Transformation Summary:
No Unisim elements were transformed.

The system cannot find the path specified.
Constraint Validation Runtime : Time (s): cpu = 00:00:00 ; elapsed = 00:00:00.079 . Memory (MB): peak = 1600.609 ; gain = 0.000
INFO: [Designutils 20-5008] Incremental synthesis strategy off
---------------------------------------------------------------------------------
Finished Constraint Validation : Time (s): cpu = 00:00:45 ; elapsed = 00:00:51 . Memory (MB): peak = 1600.609 ; gain = 676.602
---------------------------------------------------------------------------------
---------------------------------------------------------------------------------
Start Loading Part and Timing Information
---------------------------------------------------------------------------------
Loading part: xc7z020clg400-1
---------------------------------------------------------------------------------
Finished Loading Part and Timing Information : Time (s): cpu = 00:00:45 ; elapsed = 00:00:51 . Memory (MB): peak = 1600.609 ; gain = 676.602
---------------------------------------------------------------------------------
---------------------------------------------------------------------------------
Start Applying 'set_property' XDC Constraints
---------------------------------------------------------------------------------
Applied set_property KEEP_HIERARCHY = SOFT for inst. (constraint file  {C:/Users/raulm/Desktop/Facultate/Master/Anul 1/Sem1/SDTR/RISCV-RTDS/work/RISCV-RTDS/RISCV-RTDS.runs/RV_RTDS_auto_pc_0_synth_1/dont_touch.xdc}, line 9).
---------------------------------------------------------------------------------
Finished applying 'set_property' XDC Constraints : Time (s): cpu = 00:00:45 ; elapsed = 00:00:51 . Memory (MB): peak = 1600.609 ; gain = 676.602
---------------------------------------------------------------------------------
---------------------------------------------------------------------------------
Finished RTL Optimization Phase 2 : Time (s): cpu = 00:00:45 ; elapsed = 00:00:51 . Memory (MB): peak = 1600.609 ; gain = 676.602
---------------------------------------------------------------------------------
---------------------------------------------------------------------------------
Start RTL Component Statistics 
---------------------------------------------------------------------------------
Detailed RTL Component Info : 
---------------------------------------------------------------------------------
Finished RTL Component Statistics 
---------------------------------------------------------------------------------
---------------------------------------------------------------------------------
Start Part Resource Summary
---------------------------------------------------------------------------------
Part Resources:
DSPs: 220 (col length:60)
BRAMs: 280 (col length: RAMB18 60 RAMB36 30)
---------------------------------------------------------------------------------
Finished Part Resource Summary
---------------------------------------------------------------------------------
---------------------------------------------------------------------------------
Start Cross Boundary and Area Optimization
---------------------------------------------------------------------------------
WARNING: [Synth 8-7080] Parallel synthesis criteria is not met
WARNING: [Synth 8-7129] Port aclk in module axi_protocol_converter_v2_1_29_axi_protocol_converter is either unconnected or has no load
WARNING: [Synth 8-7129] Port aresetn in module axi_protocol_converter_v2_1_29_axi_protocol_converter is either unconnected or has no load
WARNING: [Synth 8-7129] Port s_axi_awid[0] in module axi_protocol_converter_v2_1_29_axi_protocol_converter is either unconnected or has no load
WARNING: [Synth 8-7129] Port s_axi_awlen[7] in module axi_protocol_converter_v2_1_29_axi_protocol_converter is either unconnected or has no load
WARNING: [Synth 8-7129] Port s_axi_awlen[6] in module axi_protocol_converter_v2_1_29_axi_protocol_converter is either unconnected or has no load
WARNING: [Synth 8-7129] Port s_axi_awlen[5] in module axi_protocol_converter_v2_1_29_axi_protocol_converter is either unconnected or has no load
WARNING: [Synth 8-7129] Port s_axi_awlen[4] in module axi_protocol_converter_v2_1_29_axi_protocol_converter is either unconnected or has no load
WARNING: [Synth 8-7129] Port s_axi_awlen[3] in module axi_protocol_converter_v2_1_29_axi_protocol_converter is either unconnected or has no load
WARNING: [Synth 8-7129] Port s_axi_awlen[2] in module axi_protocol_converter_v2_1_29_axi_protocol_converter is either unconnected or has no load
WARNING: [Synth 8-7129] Port s_axi_awlen[1] in module axi_protocol_converter_v2_1_29_axi_protocol_converter is either unconnected or has no load
WARNING: [Synth 8-7129] Port s_axi_awlen[0] in module axi_protocol_converter_v2_1_29_axi_protocol_converter is either unconnected or has no load
WARNING: [Synth 8-7129] Port s_axi_awsize[2] in module axi_protocol_converter_v2_1_29_axi_protocol_converter is either unconnected or has no load
WARNING: [Synth 8-7129] Port s_axi_awsize[1] in module axi_protocol_converter_v2_1_29_axi_protocol_converter is either unconnected or has no load
WARNING: [Synth 8-7129] Port s_axi_awsize[0] in module axi_protocol_converter_v2_1_29_axi_protocol_converter is either unconnected or has no load
WARNING: [Synth 8-7129] Port s_axi_awburst[1] in module axi_protocol_converter_v2_1_29_axi_protocol_converter is either unconnected or has no load
WARNING: [Synth 8-7129] Port s_axi_awburst[0] in module axi_protocol_converter_v2_1_29_axi_protocol_converter is either unconnected or has no load
WARNING: [Synth 8-7129] Port s_axi_awlock[0] in module axi_protocol_converter_v2_1_29_axi_protocol_converter is either unconnected or has no load
WARNING: [Synth 8-7129] Port s_axi_awcache[3] in module axi_protocol_converter_v2_1_29_axi_protocol_converter is either unconnected or has no load
WARNING: [Synth 8-7129] Port s_axi_awcache[2] in module axi_protocol_converter_v2_1_29_axi_protocol_converter is either unconnected or has no load
WARNING: [Synth 8-7129] Port s_axi_awcache[1] in module axi_protocol_converter_v2_1_29_axi_protocol_converter is either unconnected or has no load
WARNING: [Synth 8-7129] Port s_axi_awcache[0] in module axi_protocol_converter_v2_1_29_axi_protocol_converter is either unconnected or has no load
WARNING: [Synth 8-7129] Port s_axi_awregion[3] in module axi_protocol_converter_v2_1_29_axi_protocol_converter is either unconnected or has no load
WARNING: [Synth 8-7129] Port s_axi_awregion[2] in module axi_protocol_converter_v2_1_29_axi_protocol_converter is either unconnected or has no load
WARNING: [Synth 8-7129] Port s_axi_awregion[1] in module axi_protocol_converter_v2_1_29_axi_protocol_converter is either unconnected or has no load
WARNING: [Synth 8-7129] Port s_axi_awregion[0] in module axi_protocol_converter_v2_1_29_axi_protocol_converter is either unconnected or has no load
WARNING: [Synth 8-7129] Port s_axi_awqos[3] in module axi_protocol_converter_v2_1_29_axi_protocol_converter is either unconnected or has no load
WARNING: [Synth 8-7129] Port s_axi_awqos[2] in module axi_protocol_converter_v2_1_29_axi_protocol_converter is either unconnected or has no load
WARNING: [Synth 8-7129] Port s_axi_awqos[1] in module axi_protocol_converter_v2_1_29_axi_protocol_converter is either unconnected or has no load
WARNING: [Synth 8-7129] Port s_axi_awqos[0] in module axi_protocol_converter_v2_1_29_axi_protocol_converter is either unconnected or has no load
WARNING: [Synth 8-7129] Port s_axi_awuser[0] in module axi_protocol_converter_v2_1_29_axi_protocol_converter is either unconnected or has no load
WARNING: [Synth 8-7129] Port s_axi_wid[0] in module axi_protocol_converter_v2_1_29_axi_protocol_converter is either unconnected or has no load
WARNING: [Synth 8-7129] Port s_axi_wlast in module axi_protocol_converter_v2_1_29_axi_protocol_converter is either unconnected or has no load
WARNING: [Synth 8-7129] Port s_axi_wuser[0] in module axi_protocol_converter_v2_1_29_axi_protocol_converter is either unconnected or has no load
WARNING: [Synth 8-7129] Port s_axi_arid[0] in module axi_protocol_converter_v2_1_29_axi_protocol_converter is either unconnected or has no load
INFO: [Common 17-14] Message 'Synth 8-7129' appears 100 times and further instances of the messages will be disabled. Use the Tcl command set_msg_config to change the current settings.
---------------------------------------------------------------------------------
Finished Cross Boundary and Area Optimization : Time (s): cpu = 00:00:49 ; elapsed = 00:00:55 . Memory (MB): peak = 1600.609 ; gain = 676.602
---------------------------------------------------------------------------------
---------------------------------------------------------------------------------
Start Applying XDC Timing Constraints
---------------------------------------------------------------------------------
---------------------------------------------------------------------------------
Finished Applying XDC Timing Constraints : Time (s): cpu = 00:00:59 ; elapsed = 00:01:05 . Memory (MB): peak = 1600.609 ; gain = 676.602
---------------------------------------------------------------------------------
---------------------------------------------------------------------------------
Start Timing Optimization
---------------------------------------------------------------------------------
---------------------------------------------------------------------------------
Finished Timing Optimization : Time (s): cpu = 00:00:59 ; elapsed = 00:01:05 . Memory (MB): peak = 1600.609 ; gain = 676.602
---------------------------------------------------------------------------------
---------------------------------------------------------------------------------
Start Technology Mapping
---------------------------------------------------------------------------------
---------------------------------------------------------------------------------
Finished Technology Mapping : Time (s): cpu = 00:00:59 ; elapsed = 00:01:05 . Memory (MB): peak = 1600.609 ; gain = 676.602
---------------------------------------------------------------------------------
---------------------------------------------------------------------------------
Start IO Insertion
---------------------------------------------------------------------------------
---------------------------------------------------------------------------------
Start Flattening Before IO Insertion
---------------------------------------------------------------------------------
---------------------------------------------------------------------------------
Finished Flattening Before IO Insertion
---------------------------------------------------------------------------------
---------------------------------------------------------------------------------
Start Final Netlist Cleanup
---------------------------------------------------------------------------------
---------------------------------------------------------------------------------
Finished Final Netlist Cleanup
---------------------------------------------------------------------------------
---------------------------------------------------------------------------------
Finished IO Insertion : Time (s): cpu = 00:01:10 ; elapsed = 00:01:16 . Memory (MB): peak = 1600.609 ; gain = 676.602
---------------------------------------------------------------------------------
---------------------------------------------------------------------------------
Start Renaming Generated Instances
---------------------------------------------------------------------------------
---------------------------------------------------------------------------------
Finished Renaming Generated Instances : Time (s): cpu = 00:01:10 ; elapsed = 00:01:16 . Memory (MB): peak = 1600.609 ; gain = 676.602
---------------------------------------------------------------------------------
---------------------------------------------------------------------------------
Start Rebuilding User Hierarchy
---------------------------------------------------------------------------------
---------------------------------------------------------------------------------
Finished Rebuilding User Hierarchy : Time (s): cpu = 00:01:10 ; elapsed = 00:01:16 . Memory (MB): peak = 1600.609 ; gain = 676.602
---------------------------------------------------------------------------------
---------------------------------------------------------------------------------
Start Renaming Generated Ports
---------------------------------------------------------------------------------
---------------------------------------------------------------------------------
Finished Renaming Generated Ports : Time (s): cpu = 00:01:10 ; elapsed = 00:01:16 . Memory (MB): peak = 1600.609 ; gain = 676.602
---------------------------------------------------------------------------------
---------------------------------------------------------------------------------
Start Handling Custom Attributes
---------------------------------------------------------------------------------
---------------------------------------------------------------------------------
Finished Handling Custom Attributes : Time (s): cpu = 00:01:10 ; elapsed = 00:01:16 . Memory (MB): peak = 1600.609 ; gain = 676.602
---------------------------------------------------------------------------------
---------------------------------------------------------------------------------
Start Renaming Generated Nets
---------------------------------------------------------------------------------
---------------------------------------------------------------------------------
Finished Renaming Generated Nets : Time (s): cpu = 00:01:10 ; elapsed = 00:01:16 . Memory (MB): peak = 1600.609 ; gain = 676.602
---------------------------------------------------------------------------------
---------------------------------------------------------------------------------
Start Writing Synthesis Report
---------------------------------------------------------------------------------

Report BlackBoxes: 
+-+--------------+----------+
| |BlackBox name |Instances |
+-+--------------+----------+
+-+--------------+----------+

Report Cell Usage: 
+-+-----+------+
| |Cell |Count |
+-+-----+------+
+-+-----+------+
---------------------------------------------------------------------------------
Finished Writing Synthesis Report : Time (s): cpu = 00:01:10 ; elapsed = 00:01:16 . Memory (MB): peak = 1600.609 ; gain = 676.602
---------------------------------------------------------------------------------
Synthesis finished with 0 errors, 0 critical warnings and 67 warnings.
Synthesis Optimization Runtime : Time (s): cpu = 00:00:36 ; elapsed = 00:01:12 . Memory (MB): peak = 1600.609 ; gain = 676.602
Synthesis Optimization Complete : Time (s): cpu = 00:01:10 ; elapsed = 00:01:17 . Memory (MB): peak = 1600.609 ; gain = 676.602
INFO: [Project 1-571] Translating synthesized netlist
Netlist sorting complete. Time (s): cpu = 00:00:00 ; elapsed = 00:00:00.011 . Memory (MB): peak = 1600.609 ; gain = 0.000
INFO: [Project 1-570] Preparing netlist for logic optimization
INFO: [Opt 31-138] Pushed 0 inverter(s) to 0 load pin(s).
Netlist sorting complete. Time (s): cpu = 00:00:00 ; elapsed = 00:00:00 . Memory (MB): peak = 1600.609 ; gain = 0.000
INFO: [Project 1-111] Unisim Transformation Summary:
No Unisim elements were transformed.

The system cannot find the path specified.
Synth Design complete | Checksum: 4dfab167
INFO: [Common 17-83] Releasing license: Synthesis
19 Infos, 101 Warnings, 0 Critical Warnings and 0 Errors encountered.
synth_design completed successfully
synth_design: Time (s): cpu = 00:01:19 ; elapsed = 00:01:27 . Memory (MB): peak = 1600.609 ; gain = 1097.586
INFO: [Common 17-1381] The checkpoint 'C:/Users/raulm/Desktop/Facultate/Master/Anul 1/Sem1/SDTR/RISCV-RTDS/work/RISCV-RTDS/RISCV-RTDS.runs/RV_RTDS_auto_pc_0_synth_1/RV_RTDS_auto_pc_0.dcp' has been generated.
INFO: [Coretcl 2-1648] Added synthesis output to IP cache for IP RV_RTDS_auto_pc_0, cache-ID = a5a280060ed100d9
INFO: [Common 17-1381] The checkpoint 'C:/Users/raulm/Desktop/Facultate/Master/Anul 1/Sem1/SDTR/RISCV-RTDS/work/RISCV-RTDS/RISCV-RTDS.runs/RV_RTDS_auto_pc_0_synth_1/RV_RTDS_auto_pc_0.dcp' has been generated.
INFO: [runtcl-4] Executing : report_utilization -file RV_RTDS_auto_pc_0_utilization_synth.rpt -pb RV_RTDS_auto_pc_0_utilization_synth.pb
INFO: [Common 17-206] Exiting Vivado at Thu Nov  9 17:33:58 2023...
